103.01.12 13:21 B C:\JEFF\2003webpage\2001Archive\!crossro.gif --> ftp.bigsky.net /2001Archive !crossro.gif
103.01.12 13:21 B C:\JEFF\2003webpage\2001Archive\2000archivepage.htm --> ftp.bigsky.net /2001Archive 2000archivepage.htm
103.01.12 13:21 B C:\JEFF\2003webpage\2001Archive\2000cros.htm --> ftp.bigsky.net /2001Archive 2000cros.htm
103.01.12 13:22 B C:\JEFF\2003webpage\2001Archive\2001calendar.htm --> ftp.bigsky.net /2001Archive 2001calendar.htm
103.01.12 13:22 B C:\JEFF\2003webpage\2001Archive\2001results.htm --> ftp.bigsky.net /2001Archive 2001results.htm
103.01.12 13:22 B C:\JEFF\2003webpage\2001Archive\archive.htm --> ftp.bigsky.net /2001Archive archive.htm
103.01.12 13:22 B C:\JEFF\2003webpage\2001Archive\bagelb&w.gif --> ftp.bigsky.net /2001Archive bagelb&w.gif
103.01.12 13:22 B C:\JEFF\2003webpage\2001Archive\Bike Race Schedule - 2001.doc --> ftp.bigsky.net /2001Archive Bike Race Schedule - 2001.doc
103.01.12 13:22 B C:\JEFF\2003webpage\2001Archive\Bike Race Schedule - 2002.doc --> ftp.bigsky.net /2001Archive Bike Race Schedule - 2002.doc
103.01.12 13:22 B C:\JEFF\2003webpage\2001Archive\Blank Bkgrd.gif --> ftp.bigsky.net /2001Archive Blank Bkgrd.gif
103.01.12 13:22 B C:\JEFF\2003webpage\2001Archive\brew_logo.gif --> ftp.bigsky.net /2001Archive brew_logo.gif
103.01.12 13:22 B C:\JEFF\2003webpage\2001Archive\calander.htm --> ftp.bigsky.net /2001Archive calander.htm
103.01.12 13:22 B C:\JEFF\2003webpage\2001Archive\clubcontacts.htm --> ftp.bigsky.net /2001Archive clubcontacts.htm
103.01.12 13:22 B C:\JEFF\2003webpage\2001Archive\contact.htm --> ftp.bigsky.net /2001Archive contact.htm
103.01.12 13:22 B C:\JEFF\2003webpage\2001Archive\crosssched2001.htm --> ftp.bigsky.net /2001Archive crosssched2001.htm
103.01.12 13:22 B C:\JEFF\2003webpage\2001Archive\crossstandingsmasters.htm --> ftp.bigsky.net /2001Archive crossstandingsmasters.htm
103.01.12 13:22 B C:\JEFF\2003webpage\2001Archive\crossstandingsmenA.htm --> ftp.bigsky.net /2001Archive crossstandingsmenA.htm
103.01.12 13:22 B C:\JEFF\2003webpage\2001Archive\crossstandingsmensB.htm --> ftp.bigsky.net /2001Archive crossstandingsmensB.htm
103.01.12 13:22 B C:\JEFF\2003webpage\2001Archive\crossstandingswomen.htm --> ftp.bigsky.net /2001Archive crossstandingswomen.htm
103.01.12 13:22 B C:\JEFF\2003webpage\2001Archive\ecaps.gif --> ftp.bigsky.net /2001Archive ecaps.gif
103.01.12 13:22 B C:\JEFF\2003webpage\2001Archive\entrybattleridge.htm --> ftp.bigsky.net /2001Archive entrybattleridge.htm
103.01.12 13:22 B C:\JEFF\2003webpage\2001Archive\entrydistrictcrit.htm --> ftp.bigsky.net /2001Archive entrydistrictcrit.htm
103.01.12 13:22 B C:\JEFF\2003webpage\2001Archive\entryfairfield.htm --> ftp.bigsky.net /2001Archive entryfairfield.htm
103.01.12 13:22 B C:\JEFF\2003webpage\2001Archive\entryJEDZILLA.htm --> ftp.bigsky.net /2001Archive entryJEDZILLA.htm
103.01.12 13:22 B C:\JEFF\2003webpage\2001Archive\entrymtdistrictrr.htm --> ftp.bigsky.net /2001Archive entrymtdistrictrr.htm
103.01.12 13:22 B C:\JEFF\2003webpage\2001Archive\entrymtstatett.htm --> ftp.bigsky.net /2001Archive entrymtstatett.htm
103.01.12 13:23 B C:\JEFF\2003webpage\2001Archive\entrypintler.jpg --> ftp.bigsky.net /2001Archive entrypintler.jpg
103.01.12 13:23 B C:\JEFF\2003webpage\2001Archive\entrypintlermap.jpg --> ftp.bigsky.net /2001Archive entrypintlermap.jpg
103.01.12 13:23 B C:\JEFF\2003webpage\2001Archive\entryrapeljemtb.htm --> ftp.bigsky.net /2001Archive entryrapeljemtb.htm
103.01.12 13:23 B C:\JEFF\2003webpage\2001Archive\EntryRoubaix.htm --> ftp.bigsky.net /2001Archive EntryRoubaix.htm
103.01.12 13:23 B C:\JEFF\2003webpage\2001Archive\entrywerkss.htm --> ftp.bigsky.net /2001Archive entrywerkss.htm
103.01.12 13:23 B C:\JEFF\2003webpage\2001Archive\gdc.gif --> ftp.bigsky.net /2001Archive gdc.gif
103.01.12 13:25 B C:\JEFF\2003webpage\2001Archive\GDWerks01.pdf --> ftp.bigsky.net /2001Archive GDWerks01.pdf
103.01.12 13:25 B C:\JEFF\2003webpage\2001Archive\Image10.gif --> ftp.bigsky.net /2001Archive Image10.gif
103.01.12 13:30 B C:\JEFF\2003webpage\2001Archive\Image11.jpg --> ftp.bigsky.net /2001Archive Image11.jpg
103.01.12 13:34 B C:\JEFF\2003webpage\2001Archive\Image12.jpg --> ftp.bigsky.net /2001Archive Image12.jpg
103.01.12 13:34 B C:\JEFF\2003webpage\2001Archive\Image9.jpg --> ftp.bigsky.net /2001Archive Image9.jpg
103.01.12 13:34 B C:\JEFF\2003webpage\2001Archive\index.htm --> ftp.bigsky.net /2001Archive index.htm
103.01.12 13:34 B C:\JEFF\2003webpage\2001Archive\jimcurran.jpg --> ftp.bigsky.net /2001Archive jimcurran.jpg
103.01.12 13:34 B C:\JEFF\2003webpage\2001Archive\links.htm --> ftp.bigsky.net /2001Archive links.htm
103.01.12 13:34 B C:\JEFF\2003webpage\2001Archive\MTCUP.htm --> ftp.bigsky.net /2001Archive MTCUP.htm
103.01.12 13:34 B C:\JEFF\2003webpage\2001Archive\mtcupstandings.htm --> ftp.bigsky.net /2001Archive mtcupstandings.htm
103.01.12 13:34 B C:\JEFF\2003webpage\2001Archive\orthclin.gif --> ftp.bigsky.net /2001Archive orthclin.gif
103.01.12 13:34 B C:\JEFF\2003webpage\2001Archive\resultscross1.htm --> ftp.bigsky.net /2001Archive resultscross1.htm
103.01.12 13:34 B C:\JEFF\2003webpage\2001Archive\resultscross2.htm --> ftp.bigsky.net /2001Archive resultscross2.htm
103.01.12 13:34 B C:\JEFF\2003webpage\2001Archive\resultscross3.htm --> ftp.bigsky.net /2001Archive resultscross3.htm
103.01.12 13:34 B C:\JEFF\2003webpage\2001Archive\resultscross4.htm --> ftp.bigsky.net /2001Archive resultscross4.htm
103.01.12 13:34 B C:\JEFF\2003webpage\2001Archive\resultscross5.htm --> ftp.bigsky.net /2001Archive resultscross5.htm
103.01.12 13:34 B C:\JEFF\2003webpage\2001Archive\resultscross6.htm --> ftp.bigsky.net /2001Archive resultscross6.htm
103.01.12 13:35 B C:\JEFF\2003webpage\2001Archive\resultscross7.htm --> ftp.bigsky.net /2001Archive resultscross7.htm
103.01.12 13:35 B C:\JEFF\2003webpage\2001Archive\resultsdistrictrr.htm --> ftp.bigsky.net /2001Archive resultsdistrictrr.htm
103.01.12 13:35 B C:\JEFF\2003webpage\2001Archive\resultsfairfield.htm --> ftp.bigsky.net /2001Archive resultsfairfield.htm
103.01.12 13:35 B C:\JEFF\2003webpage\2001Archive\resultsfattire.htm --> ftp.bigsky.net /2001Archive resultsfattire.htm
103.01.12 13:35 B C:\JEFF\2003webpage\2001Archive\resultsJedzilla.htm --> ftp.bigsky.net /2001Archive resultsJedzilla.htm
103.01.12 13:35 B C:\JEFF\2003webpage\2001Archive\resultsmslatrain1.htm --> ftp.bigsky.net /2001Archive resultsmslatrain1.htm
103.01.12 13:35 B C:\JEFF\2003webpage\2001Archive\resultsmslatrain2.htm --> ftp.bigsky.net /2001Archive resultsmslatrain2.htm
103.01.12 13:35 B C:\JEFF\2003webpage\2001Archive\resultsmslatrain3.htm --> ftp.bigsky.net /2001Archive resultsmslatrain3.htm
103.01.12 13:35 B C:\JEFF\2003webpage\2001Archive\resultsmslatrain4.htm --> ftp.bigsky.net /2001Archive resultsmslatrain4.htm
103.01.12 13:35 B C:\JEFF\2003webpage\2001Archive\resultsPintlarrr.doc --> ftp.bigsky.net /2001Archive resultsPintlarrr.doc
103.01.12 13:35 B C:\JEFF\2003webpage\2001Archive\resultsPintlarrr.htm --> ftp.bigsky.net /2001Archive resultsPintlarrr.htm
103.01.12 13:35 B C:\JEFF\2003webpage\2001Archive\resultsrapelje.htm --> ftp.bigsky.net /2001Archive resultsrapelje.htm
103.01.12 13:35 B C:\JEFF\2003webpage\2001Archive\resultsroubaix.htm --> ftp.bigsky.net /2001Archive resultsroubaix.htm
103.01.12 13:35 B C:\JEFF\2003webpage\2001Archive\resultsstatecrit.htm --> ftp.bigsky.net /2001Archive resultsstatecrit.htm
103.01.12 13:35 B C:\JEFF\2003webpage\2001Archive\resultsstatett.htm --> ftp.bigsky.net /2001Archive resultsstatett.htm
103.01.12 13:35 B C:\JEFF\2003webpage\2001Archive\seriestandings.htm --> ftp.bigsky.net /2001Archive seriestandings.htm
103.01.12 13:35 B C:\JEFF\2003webpage\2001Archive\template.htm --> ftp.bigsky.net /2001Archive template.htm
103.01.12 13:35 B C:\JEFF\2003webpage\2001Archive\Trainingrides.htm --> ftp.bigsky.net /2001Archive Trainingrides.htm
103.01.12 13:35 B C:\JEFF\2003webpage\2001Archive\triainingraceseries.htm --> ftp.bigsky.net /2001Archive triainingraceseries.htm
103.01.12 13:35 B C:\JEFF\2003webpage\2001Archive\washSCHEDULE.htm --> ftp.bigsky.net /2001Archive washSCHEDULE.htm
103.01.12 13:35 B C:\JEFF\2003webpage\2001Archive\windbag.gif --> ftp.bigsky.net /2001Archive windbag.gif
104.03.11 14:13 B C:\JEFF\MontanaCycling\2001Archive\!crossro.gif --> ftp.bigsky.net /2001Archive !crossro.gif
104.03.11 14:13 B C:\JEFF\MontanaCycling\2001Archive\2000archivepage.htm --> ftp.bigsky.net /2001Archive 2000archivepage.htm
104.03.11 14:13 B C:\JEFF\MontanaCycling\2001Archive\2000cros.htm --> ftp.bigsky.net /2001Archive 2000cros.htm
104.03.11 14:13 B C:\JEFF\MontanaCycling\2001Archive\2001calendar.htm --> ftp.bigsky.net /2001Archive 2001calendar.htm
104.03.11 14:13 B C:\JEFF\MontanaCycling\2001Archive\2001results.htm --> ftp.bigsky.net /2001Archive 2001results.htm
104.03.11 14:13 B C:\JEFF\MontanaCycling\2001Archive\archive.htm --> ftp.bigsky.net /2001Archive archive.htm
104.03.11 14:13 B C:\JEFF\MontanaCycling\2001Archive\bagelb&w.gif --> ftp.bigsky.net /2001Archive bagelb&w.gif
104.03.11 14:13 B C:\JEFF\MontanaCycling\2001Archive\Bike Race Schedule - 2001.doc --> ftp.bigsky.net /2001Archive Bike Race Schedule - 2001.doc
104.03.11 14:13 B C:\JEFF\MontanaCycling\2001Archive\Bike Race Schedule - 2002.doc --> ftp.bigsky.net /2001Archive Bike Race Schedule - 2002.doc
104.03.11 14:13 B C:\JEFF\MontanaCycling\2001Archive\Blank Bkgrd.gif --> ftp.bigsky.net /2001Archive Blank Bkgrd.gif
104.03.11 14:13 B C:\JEFF\MontanaCycling\2001Archive\brew_logo.gif --> ftp.bigsky.net /2001Archive brew_logo.gif
104.03.11 14:13 B C:\JEFF\MontanaCycling\2001Archive\calander.htm --> ftp.bigsky.net /2001Archive calander.htm
104.03.11 14:13 B C:\JEFF\MontanaCycling\2001Archive\clubcontacts.htm --> ftp.bigsky.net /2001Archive clubcontacts.htm
104.03.11 14:13 B C:\JEFF\MontanaCycling\2001Archive\contact.htm --> ftp.bigsky.net /2001Archive contact.htm
104.03.11 14:13 B C:\JEFF\MontanaCycling\2001Archive\crosssched2001.htm --> ftp.bigsky.net /2001Archive crosssched2001.htm
104.03.11 14:13 B C:\JEFF\MontanaCycling\2001Archive\crossstandingsmasters.htm --> ftp.bigsky.net /2001Archive crossstandingsmasters.htm
104.03.11 14:13 B C:\JEFF\MontanaCycling\2001Archive\crossstandingsmenA.htm --> ftp.bigsky.net /2001Archive crossstandingsmenA.htm
104.03.11 14:13 B C:\JEFF\MontanaCycling\2001Archive\crossstandingsmensB.htm --> ftp.bigsky.net /2001Archive crossstandingsmensB.htm
104.03.11 14:13 B C:\JEFF\MontanaCycling\2001Archive\crossstandingswomen.htm --> ftp.bigsky.net /2001Archive crossstandingswomen.htm
104.03.11 14:13 B C:\JEFF\MontanaCycling\2001Archive\ecaps.gif --> ftp.bigsky.net /2001Archive ecaps.gif
104.03.11 14:13 B C:\JEFF\MontanaCycling\2001Archive\entrybattleridge.htm --> ftp.bigsky.net /2001Archive entrybattleridge.htm
104.03.11 14:13 B C:\JEFF\MontanaCycling\2001Archive\entrydistrictcrit.htm --> ftp.bigsky.net /2001Archive entrydistrictcrit.htm
104.03.11 14:13 B C:\JEFF\MontanaCycling\2001Archive\entryfairfield.htm --> ftp.bigsky.net /2001Archive entryfairfield.htm
104.03.11 14:13 B C:\JEFF\MontanaCycling\2001Archive\entryJEDZILLA.htm --> ftp.bigsky.net /2001Archive entryJEDZILLA.htm
104.03.11 14:13 B C:\JEFF\MontanaCycling\2001Archive\entrymtdistrictrr.htm --> ftp.bigsky.net /2001Archive entrymtdistrictrr.htm
104.03.11 14:13 B C:\JEFF\MontanaCycling\2001Archive\entrymtstatett.htm --> ftp.bigsky.net /2001Archive entrymtstatett.htm
104.03.11 14:13 B C:\JEFF\MontanaCycling\2001Archive\entrypintler.jpg --> ftp.bigsky.net /2001Archive entrypintler.jpg
104.03.11 14:13 B C:\JEFF\MontanaCycling\2001Archive\entrypintlermap.jpg --> ftp.bigsky.net /2001Archive entrypintlermap.jpg
104.03.11 14:13 B C:\JEFF\MontanaCycling\2001Archive\entryrapeljemtb.htm --> ftp.bigsky.net /2001Archive entryrapeljemtb.htm
104.03.11 14:13 B C:\JEFF\MontanaCycling\2001Archive\EntryRoubaix.htm --> ftp.bigsky.net /2001Archive EntryRoubaix.htm
104.03.11 14:13 B C:\JEFF\MontanaCycling\2001Archive\entrywerkss.htm --> ftp.bigsky.net /2001Archive entrywerkss.htm
104.03.11 14:13 B C:\JEFF\MontanaCycling\2001Archive\gdc.gif --> ftp.bigsky.net /2001Archive gdc.gif
104.03.11 14:14 B C:\JEFF\MontanaCycling\2001Archive\GDWerks01.pdf --> ftp.bigsky.net /2001Archive GDWerks01.pdf
104.03.11 14:14 B C:\JEFF\MontanaCycling\2001Archive\Image10.gif --> ftp.bigsky.net /2001Archive Image10.gif
104.03.11 14:15 B C:\JEFF\MontanaCycling\2001Archive\Image11.jpg --> ftp.bigsky.net /2001Archive Image11.jpg
104.03.11 14:15 B C:\JEFF\MontanaCycling\2001Archive\Image12.jpg --> ftp.bigsky.net /2001Archive Image12.jpg
104.03.11 14:15 B C:\JEFF\MontanaCycling\2001Archive\Image9.jpg --> ftp.bigsky.net /2001Archive Image9.jpg
104.03.11 14:15 B C:\JEFF\MontanaCycling\2001Archive\index.htm --> ftp.bigsky.net /2001Archive index.htm
104.03.11 14:15 B C:\JEFF\MontanaCycling\2001Archive\jimcurran.jpg --> ftp.bigsky.net /2001Archive jimcurran.jpg
104.03.11 14:15 B C:\JEFF\MontanaCycling\2001Archive\links.htm --> ftp.bigsky.net /2001Archive links.htm
104.03.11 14:15 B C:\JEFF\MontanaCycling\2001Archive\MTCUP.htm --> ftp.bigsky.net /2001Archive MTCUP.htm
104.03.11 14:16 B C:\JEFF\MontanaCycling\2001Archive\mtcupstandings.htm --> ftp.bigsky.net /2001Archive mtcupstandings.htm
104.03.11 14:16 B C:\JEFF\MontanaCycling\2001Archive\orthclin.gif --> ftp.bigsky.net /2001Archive orthclin.gif
104.03.11 14:16 B C:\JEFF\MontanaCycling\2001Archive\resultscross1.htm --> ftp.bigsky.net /2001Archive resultscross1.htm
104.03.11 14:16 B C:\JEFF\MontanaCycling\2001Archive\resultscross2.htm --> ftp.bigsky.net /2001Archive resultscross2.htm
104.03.11 14:16 B C:\JEFF\MontanaCycling\2001Archive\resultscross3.htm --> ftp.bigsky.net /2001Archive resultscross3.htm
104.03.11 14:16 B C:\JEFF\MontanaCycling\2001Archive\resultscross4.htm --> ftp.bigsky.net /2001Archive resultscross4.htm
104.03.11 14:16 B C:\JEFF\MontanaCycling\2001Archive\resultscross5.htm --> ftp.bigsky.net /2001Archive resultscross5.htm
104.03.11 14:16 B C:\JEFF\MontanaCycling\2001Archive\resultscross6.htm --> ftp.bigsky.net /2001Archive resultscross6.htm
104.03.11 14:16 B C:\JEFF\MontanaCycling\2001Archive\resultscross7.htm --> ftp.bigsky.net /2001Archive resultscross7.htm
104.03.11 14:16 B C:\JEFF\MontanaCycling\2001Archive\resultsdistrictrr.htm --> ftp.bigsky.net /2001Archive resultsdistrictrr.htm
104.03.11 14:16 B C:\JEFF\MontanaCycling\2001Archive\resultsfairfield.htm --> ftp.bigsky.net /2001Archive resultsfairfield.htm
104.03.11 14:16 B C:\JEFF\MontanaCycling\2001Archive\resultsfattire.htm --> ftp.bigsky.net /2001Archive resultsfattire.htm
104.03.11 14:16 B C:\JEFF\MontanaCycling\2001Archive\resultsJedzilla.htm --> ftp.bigsky.net /2001Archive resultsJedzilla.htm
104.03.11 14:16 B C:\JEFF\MontanaCycling\2001Archive\resultsmslatrain1.htm --> ftp.bigsky.net /2001Archive resultsmslatrain1.htm
104.03.11 14:16 B C:\JEFF\MontanaCycling\2001Archive\resultsmslatrain2.htm --> ftp.bigsky.net /2001Archive resultsmslatrain2.htm
104.03.11 14:16 B C:\JEFF\MontanaCycling\2001Archive\resultsmslatrain3.htm --> ftp.bigsky.net /2001Archive resultsmslatrain3.htm
104.03.11 14:16 B C:\JEFF\MontanaCycling\2001Archive\resultsmslatrain4.htm --> ftp.bigsky.net /2001Archive resultsmslatrain4.htm
104.03.11 14:16 B C:\JEFF\MontanaCycling\2001Archive\resultsPintlarrr.doc --> ftp.bigsky.net /2001Archive resultsPintlarrr.doc
104.03.11 14:16 B C:\JEFF\MontanaCycling\2001Archive\resultsPintlarrr.htm --> ftp.bigsky.net /2001Archive resultsPintlarrr.htm
104.03.11 14:16 B C:\JEFF\MontanaCycling\2001Archive\resultsrapelje.htm --> ftp.bigsky.net /2001Archive resultsrapelje.htm
104.03.11 14:16 B C:\JEFF\MontanaCycling\2001Archive\resultsroubaix.htm --> ftp.bigsky.net /2001Archive resultsroubaix.htm
104.03.11 14:16 B C:\JEFF\MontanaCycling\2001Archive\resultsstatecrit.htm --> ftp.bigsky.net /2001Archive resultsstatecrit.htm
104.03.11 14:16 B C:\JEFF\MontanaCycling\2001Archive\resultsstatett.htm --> ftp.bigsky.net /2001Archive resultsstatett.htm
104.03.11 14:16 B C:\JEFF\MontanaCycling\2001Archive\seriestandings.htm --> ftp.bigsky.net /2001Archive seriestandings.htm
104.03.11 14:16 B C:\JEFF\MontanaCycling\2001Archive\template.htm --> ftp.bigsky.net /2001Archive template.htm
104.03.11 14:16 B C:\JEFF\MontanaCycling\2001Archive\Trainingrides.htm --> ftp.bigsky.net /2001Archive Trainingrides.htm
104.03.11 14:16 B C:\JEFF\MontanaCycling\2001Archive\triainingraceseries.htm --> ftp.bigsky.net /2001Archive triainingraceseries.htm
104.03.11 14:16 B C:\JEFF\MontanaCycling\2001Archive\washSCHEDULE.htm --> ftp.bigsky.net /2001Archive washSCHEDULE.htm
104.03.11 14:16 B C:\JEFF\MontanaCycling\2001Archive\windbag.gif --> ftp.bigsky.net /2001Archive windbag.gif
104.03.11 14:16 B C:\JEFF\MontanaCycling\2001Archive\WS_FTP.LOG --> ftp.bigsky.net /2001Archive WS_FTP.LOG
