102.02.01 17:47 B C:\JEFF\MTCYCLE\2002results.htm --> ftp.bigsky.net / 2002results.htm
102.02.01 17:51 B C:\JEFF\MTCYCLE\hamipaulmike.jpg --> ftp.bigsky.net / hamipaulmike.jpg
102.02.01 17:53 B C:\JEFF\MTCYCLE\hamipaulmike.jpg --> ftp.bigsky.net / hamipaulmike.jpg
102.02.01 18:00 B C:\JEFF\MTCYCLE\2002RaceCalander.htm --> ftp.bigsky.net / 2002RaceCalander.htm
102.02.01 18:01 B C:\JEFF\MTCYCLE\2002RaceCalander.htm --> ftp.bigsky.net / 2002RaceCalander.htm
102.02.01 18:03 B C:\JEFF\MTCYCLE\calander2002.htm --> ftp.bigsky.net / calander2002.htm
102.02.01 18:07 B C:\JEFF\MTCYCLE\index.htm --> ftp.bigsky.net / index.htm
102.02.01 18:07 B C:\JEFF\MTCYCLE\EntryMissoulatraining.htm --> ftp.bigsky.net / EntryMissoulatraining.htm
102.02.01 18:07 B C:\JEFF\MTCYCLE\index.htm --> ftp.bigsky.net / index.htm
102.02.01 18:09 B C:\JEFF\MTCYCLE\index.htm --> ftp.bigsky.net / index.htm
102.02.01 18:19 A C:\JEFF\MTCYCLE\Image13.jpg --> ftp.bigsky.net / Image13.jpg
102.02.06 10:27 B C:\JEFF\MTCYCLE\calander2002.htm --> ftp.bigsky.net / calander2002.htm
102.02.06 10:28 B C:\JEFF\MTCYCLE\index.htm --> ftp.bigsky.net / index.htm
102.02.06 17:56 B C:\JEFF\MTCYCLE\calander2002.htm --> ftp.bigsky.net / calander2002.htm
102.02.06 17:57 B C:\JEFF\MTCYCLE\index.htm --> ftp.bigsky.net / index.htm
102.02.06 17:57 B C:\JEFF\MTCYCLE\calander2002.htm --> ftp.bigsky.net / calander2002.htm
102.02.06 18:41 B C:\JEFF\MTCYCLE\calander2002.htm --> ftp.bigsky.net / calander2002.htm
102.02.06 18:41 B C:\JEFF\MTCYCLE\index.htm --> ftp.bigsky.net / index.htm
102.02.11 10:13 B C:\JEFF\MTCYCLE\calander2002.htm --> ftp.bigsky.net / calander2002.htm
102.02.11 10:13 B C:\JEFF\MTCYCLE\index.htm --> ftp.bigsky.net / index.htm
102.02.26 09:54 B C:\JEFF\MTCYCLE\calander2002.htm --> ftp.bigsky.net / calander2002.htm
102.02.26 09:54 B C:\JEFF\MTCYCLE\clubcontacts.htm --> ftp.bigsky.net / clubcontacts.htm
102.02.26 09:54 B C:\JEFF\MTCYCLE\ENTRY2002roubaix.htm --> ftp.bigsky.net / ENTRY2002roubaix.htm
102.02.26 09:54 B C:\JEFF\MTCYCLE\EntryMissoulatraining.htm --> ftp.bigsky.net / EntryMissoulatraining.htm
102.02.26 09:54 B C:\JEFF\MTCYCLE\index.htm --> ftp.bigsky.net / index.htm
102.02.26 09:54 B C:\JEFF\MTCYCLE\links.htm --> ftp.bigsky.net / links.htm
102.03.06 23:56 B C:\JEFF\MTCYCLE\calander2002.htm --> ftp.bigsky.net / calander2002.htm
102.03.06 23:56 B C:\JEFF\MTCYCLE\index.htm --> ftp.bigsky.net / index.htm
102.03.19 10:17 B C:\JEFF\MTCYCLE\index.htm --> ftp.bigsky.net / index.htm
102.03.19 10:18 B C:\JEFF\MTCYCLE\calander2002.htm --> ftp.bigsky.net / calander2002.htm
102.03.19 10:29 B C:\JEFF\MTCYCLE\calander2002.htm --> ftp.bigsky.net / calander2002.htm
102.03.19 10:29 B C:\JEFF\MTCYCLE\entrymtvrr.htm --> ftp.bigsky.net / entrymtvrr.htm
102.03.19 10:29 B C:\JEFF\MTCYCLE\index.htm --> ftp.bigsky.net / index.htm
102.03.19 12:53 A C:\JEFF\MTCYCLE\calander2002.htm --> ftp.bigsky.net / calander2002.htm
102.03.19 12:53 A C:\JEFF\MTCYCLE\entryfairfield.htm --> ftp.bigsky.net / entryfairfield.htm
102.03.19 12:53 A C:\JEFF\MTCYCLE\index.htm --> ftp.bigsky.net / index.htm
102.03.19 13:27 B C:\JEFF\MTCYCLE\calander2002.htm --> ftp.bigsky.net / calander2002.htm
102.03.28 15:48 B C:\JEFF\MTCYCLE\2002results.htm --> ftp.bigsky.net / 2002results.htm
102.03.28 15:48 B C:\JEFF\MTCYCLE\calander2002.htm --> ftp.bigsky.net / calander2002.htm
102.03.28 15:50 B C:\JEFF\MTCYCLE\2002results.htm --> ftp.bigsky.net / 2002results.htm
102.03.28 15:50 B C:\JEFF\MTCYCLE\calander2002.htm --> ftp.bigsky.net / calander2002.htm
102.03.28 15:50 B C:\JEFF\MTCYCLE\clubcontacts.htm --> ftp.bigsky.net / clubcontacts.htm
102.03.28 15:51 B C:\JEFF\MTCYCLE\index.htm --> ftp.bigsky.net / index.htm
102.03.28 15:51 B C:\JEFF\MTCYCLE\links.htm --> ftp.bigsky.net / links.htm
102.03.28 15:51 B C:\JEFF\MTCYCLE\resultsclintonone.htm --> ftp.bigsky.net / resultsclintonone.htm
102.04.02 18:01 B C:\JEFF\MTCYCLE\2002results.htm --> ftp.bigsky.net / 2002results.htm
102.04.02 18:01 B C:\JEFF\MTCYCLE\bozemantrainingseries.htm --> ftp.bigsky.net / bozemantrainingseries.htm
102.04.02 18:02 B C:\JEFF\MTCYCLE\clubcontacts.htm --> ftp.bigsky.net / clubcontacts.htm
102.04.02 18:02 B C:\JEFF\MTCYCLE\index.htm --> ftp.bigsky.net / index.htm
102.04.02 18:03 B C:\JEFF\MTCYCLE\resultsroubaix.htm --> ftp.bigsky.net / resultsroubaix.htm
102.04.02 18:03 B C:\JEFF\MTCYCLE\trainingrides.htm --> ftp.bigsky.net / trainingrides.htm
102.04.02 18:03 B C:\JEFF\MTCYCLE\bozemantrainingseries.htm --> ftp.bigsky.net / bozemantrainingseries.htm
102.04.02 18:03 B C:\JEFF\MTCYCLE\2002results.htm --> ftp.bigsky.net / 2002results.htm
102.04.02 18:15 B C:\JEFF\MTCYCLE\calander2002.htm --> ftp.bigsky.net / calander2002.htm
102.04.02 18:15 B C:\JEFF\MTCYCLE\index.htm --> ftp.bigsky.net / index.htm
102.04.04 09:30 B C:\JEFF\MTCYCLE\bozemantrainingseries.htm --> ftp.bigsky.net / bozemantrainingseries.htm
102.04.04 09:31 B C:\JEFF\MTCYCLE\trainingrides.htm --> ftp.bigsky.net / trainingrides.htm
102.04.04 09:41 A C:\JEFF\MTCYCLE\trainingrides.htm --> ftp.bigsky.net / trainingrides.htm
102.04.04 09:44 B C:\JEFF\MTCYCLE\trainingrides.htm --> ftp.bigsky.net / trainingrides.htm
102.04.05 16:56 B C:\JEFF\MTCYCLE\2002results.htm --> ftp.bigsky.net / 2002results.htm
102.04.05 16:57 B C:\JEFF\MTCYCLE\calander2002.htm --> ftp.bigsky.net / calander2002.htm
102.04.05 16:57 B C:\JEFF\MTCYCLE\entryjedzilla1.htm --> ftp.bigsky.net / entryjedzilla1.htm
102.04.05 16:57 B C:\JEFF\MTCYCLE\framedetailss.htm --> ftp.bigsky.net / framedetailss.htm
102.04.05 16:57 B C:\JEFF\MTCYCLE\index.htm --> ftp.bigsky.net / index.htm
102.04.05 16:57 B C:\JEFF\MTCYCLE\resultsmslatraining2.htm --> ftp.bigsky.net / resultsmslatraining2.htm
102.04.05 16:57 B C:\JEFF\MTCYCLE\resultsmslatraining3.htm --> ftp.bigsky.net / resultsmslatraining3.htm
102.04.05 16:57 B C:\JEFF\MTCYCLE\seriesstandings.htm --> ftp.bigsky.net / seriesstandings.htm
102.04.05 16:58 B C:\JEFF\MTCYCLE\stronglogo.jpg --> ftp.bigsky.net / stronglogo.jpg
102.04.05 16:58 B C:\JEFF\MTCYCLE\strongseriesmnt.htm --> ftp.bigsky.net / strongseriesmnt.htm
102.04.05 16:58 B C:\JEFF\MTCYCLE\strongseriesroad.htm --> ftp.bigsky.net / strongseriesroad.htm
102.04.05 17:02 B C:\JEFF\MTCYCLE\john.JPG --> ftp.bigsky.net / john.JPG
102.04.05 17:03 B C:\JEFF\MTCYCLE\scratc2.jpg --> ftp.bigsky.net / scratc2.jpg
102.04.18 06:33 B C:\JEFF\MTCYCLE\2002results.htm --> ftp.bigsky.net / 2002results.htm
102.04.18 06:33 B C:\JEFF\MTCYCLE\calander2002.htm --> ftp.bigsky.net / calander2002.htm
102.04.18 06:33 B C:\JEFF\MTCYCLE\entrycowpiec.PDF --> ftp.bigsky.net / entrycowpiec.PDF
102.04.18 06:34 B C:\JEFF\MTCYCLE\entrynorthdakota.htm --> ftp.bigsky.net / entrynorthdakota.htm
102.04.18 06:34 B C:\JEFF\MTCYCLE\index.htm --> ftp.bigsky.net / index.htm
102.04.18 06:34 B C:\JEFF\MTCYCLE\listserver.htm --> ftp.bigsky.net / listserver.htm
102.04.18 06:34 B C:\JEFF\MTCYCLE\resultsmontanavelo.htm --> ftp.bigsky.net / resultsmontanavelo.htm
102.04.18 06:34 B C:\JEFF\MTCYCLE\strongseriesroad.htm --> ftp.bigsky.net / strongseriesroad.htm
102.04.18 06:34 B C:\JEFF\MTCYCLE\resultsmontanavelo.htm --> ftp.bigsky.net / resultsmontanavelo.htm
102.04.18 06:35 B C:\JEFF\MTCYCLE\links.htm --> ftp.bigsky.net / links.htm
102.04.18 06:46 B C:\JEFF\MTCYCLE\Image14.jpg --> ftp.bigsky.net / Image14.jpg
102.04.18 06:47 B C:\JEFF\MTCYCLE\Image15.jpg --> ftp.bigsky.net / Image15.jpg
102.04.18 06:47 B C:\JEFF\MTCYCLE\Image16.jpg --> ftp.bigsky.net / Image16.jpg
102.04.18 06:47 B C:\JEFF\MTCYCLE\Image17.jpg --> ftp.bigsky.net / Image17.jpg
102.04.18 06:47 B C:\JEFF\MTCYCLE\Image18.gif --> ftp.bigsky.net / Image18.gif
102.04.18 06:48 B C:\JEFF\MTCYCLE\Image19.jpg --> ftp.bigsky.net / Image19.jpg
102.04.18 06:52 B C:\JEFF\MTCYCLE\Image20.jpg --> ftp.bigsky.net / Image20.jpg
102.04.25 14:52 B C:\JEFF\MTCYCLE\calander2002.htm --> ftp.bigsky.net / calander2002.htm
102.04.25 14:52 B C:\JEFF\MTCYCLE\index.htm --> ftp.bigsky.net / index.htm
102.04.25 14:52 B C:\JEFF\MTCYCLE\entrymarcusdaly.htm --> ftp.bigsky.net / entrymarcusdaly.htm
102.04.25 14:58 B C:\JEFF\MTCYCLE\Image21.gif --> ftp.bigsky.net / Image21.gif
102.05.15 15:48 B C:\JEFF\MTCYCLE\2002results.htm --> ftp.bigsky.net / 2002results.htm
102.05.15 15:49 B C:\JEFF\MTCYCLE\index.htm --> ftp.bigsky.net / index.htm
102.05.15 15:49 B C:\JEFF\MTCYCLE\resultsfairfield.htm --> ftp.bigsky.net / resultsfairfield.htm
102.06.02 10:08 B C:\JEFF\MTCYCLE\calander2002.htm --> ftp.bigsky.net / calander2002.htm
102.06.02 10:10 B C:\JEFF\MTCYCLE\entrybattleridge --> ftp.bigsky.net / entrybattleridge
102.06.02 10:12 A C:\JEFF\MTCYCLE\entrydistrictRR.pdf --> ftp.bigsky.net / entrydistrictRR.pdf
102.06.02 10:12 A C:\JEFF\MTCYCLE\index.htm --> ftp.bigsky.net / index.htm
102.06.02 10:12 A C:\JEFF\MTCYCLE\resultsfairfield.htm --> ftp.bigsky.net / resultsfairfield.htm
102.06.02 10:13 A C:\JEFF\MTCYCLE\2002results.htm --> ftp.bigsky.net / 2002results.htm
102.06.20 08:42 B C:\JEFF\MTCYCLE\index.htm --> ftp.bigsky.net / index.htm
102.06.20 08:42 B C:\JEFF\MTCYCLE\seriesstandings.htm --> ftp.bigsky.net / seriesstandings.htm
102.06.20 08:42 B C:\JEFF\MTCYCLE\strongseriesroad.htm --> ftp.bigsky.net / strongseriesroad.htm
102.06.20 08:43 B C:\JEFF\MTCYCLE\roadcupstandings.htm --> ftp.bigsky.net / roadcupstandings.htm
102.07.11 11:16 A C:\JEFF\MTCYCLE\2002results.htm --> ftp.bigsky.net / 2002results.htm
102.07.11 11:17 A C:\JEFF\MTCYCLE\calander2002.htm --> ftp.bigsky.net / calander2002.htm
102.07.11 11:18 A C:\JEFF\MTCYCLE\EntryButte.pdf --> ftp.bigsky.net / EntryButte.pdf
102.07.11 11:27 B C:\JEFF\MTCYCLE\index.htm --> ftp.bigsky.net / index.htm
102.07.11 11:28 B C:\JEFF\MTCYCLE\resultscowpie.htm --> ftp.bigsky.net / resultscowpie.htm
102.07.11 11:29 B C:\JEFF\MTCYCLE\EntryButte.pdf --> ftp.bigsky.net / EntryButte.pdf
102.07.11 11:31 B C:\JEFF\MTCYCLE\calander2002.htm --> ftp.bigsky.net / calander2002.htm
102.07.11 11:31 B C:\JEFF\MTCYCLE\2002results.htm --> ftp.bigsky.net / 2002results.htm
102.07.12 05:58 B C:\JEFF\MTCYCLE\2002results.htm --> ftp.bigsky.net / 2002results.htm
102.07.12 05:58 B C:\JEFF\MTCYCLE\index.htm --> ftp.bigsky.net / index.htm
102.07.12 05:58 B C:\JEFF\MTCYCLE\resultsrapelje.htm --> ftp.bigsky.net / resultsrapelje.htm
102.07.12 08:10 B C:\JEFF\MTCYCLE\2002results.htm --> ftp.bigsky.net / 2002results.htm
102.07.12 08:10 B C:\JEFF\MTCYCLE\index.htm --> ftp.bigsky.net / index.htm
102.07.12 08:10 B C:\JEFF\MTCYCLE\resultsbattleridge.htm --> ftp.bigsky.net / resultsbattleridge.htm
102.08.01 16:07 B C:\JEFF\MTCYCLE\index.htm --> ftp.bigsky.net / index.htm
102.08.01 16:08 B C:\JEFF\MTCYCLE\resultsbohartbash.htm --> ftp.bigsky.net / resultsbohartbash.htm
102.08.01 16:08 B C:\JEFF\MTCYCLE\roadcupstandings.htm --> ftp.bigsky.net / roadcupstandings.htm
102.08.01 16:08 B C:\JEFF\MTCYCLE\index.htm --> ftp.bigsky.net / index.htm
102.08.01 16:10 B C:\JEFF\MTCYCLE\index.htm --> ftp.bigsky.net / index.htm
102.08.08 07:18 B C:\JEFF\MTCYCLE\2002results.htm --> ftp.bigsky.net / 2002results.htm
102.08.08 07:18 B C:\JEFF\MTCYCLE\calander2002.htm --> ftp.bigsky.net / calander2002.htm
102.08.08 07:18 B C:\JEFF\MTCYCLE\index.htm --> ftp.bigsky.net / index.htm
102.08.08 07:19 B C:\JEFF\MTCYCLE\resultscowcountryrr.htm --> ftp.bigsky.net / resultscowcountryrr.htm
102.08.08 07:19 B C:\JEFF\MTCYCLE\resultsmarcusdaly.htm --> ftp.bigsky.net / resultsmarcusdaly.htm
102.08.08 07:19 B C:\JEFF\MTCYCLE\resultsredlodgemtb.htm --> ftp.bigsky.net / resultsredlodgemtb.htm
102.08.08 07:20 B C:\JEFF\MTCYCLE\index.htm --> ftp.bigsky.net / index.htm
102.08.08 11:34 B C:\JEFF\MTCYCLE\2002results.htm --> ftp.bigsky.net / 2002results.htm
102.08.08 11:35 B C:\JEFF\MTCYCLE\calander2002.htm --> ftp.bigsky.net / calander2002.htm
102.08.08 11:35 B C:\JEFF\MTCYCLE\index.htm --> ftp.bigsky.net / index.htm
102.08.08 11:42 B C:\JEFF\MTCYCLE\marcusdalyarticle.JPG --> ftp.bigsky.net / marcusdalyarticle.JPG
102.08.08 11:43 B C:\JEFF\MTCYCLE\resultsjedzilla1cc-2.JPG --> ftp.bigsky.net / resultsjedzilla1cc-2.JPG
102.08.08 11:43 B C:\JEFF\MTCYCLE\resultsjedzilla1cc.JPG --> ftp.bigsky.net / resultsjedzilla1cc.JPG
102.08.08 11:44 B C:\JEFF\MTCYCLE\resultsJedzilla1dh.JPG --> ftp.bigsky.net / resultsJedzilla1dh.JPG
102.08.08 11:44 B C:\JEFF\MTCYCLE\resultsjedzilla2cc.jpg --> ftp.bigsky.net / resultsjedzilla2cc.jpg
102.08.08 11:44 B C:\JEFF\MTCYCLE\resultsjedzilla2dh.JPG --> ftp.bigsky.net / resultsjedzilla2dh.JPG
102.08.16 15:41 B C:\JEFF\MTCYCLE\index.htm --> ftp.bigsky.net / index.htm
102.08.16 15:42 B C:\JEFF\MTCYCLE\roadcupstandings.htm --> ftp.bigsky.net / roadcupstandings.htm
102.08.16 15:45 B C:\JEFF\MTCYCLE\roadcupstandings.htm --> ftp.bigsky.net / roadcupstandings.htm
102.08.16 16:33 B C:\JEFF\MTCYCLE\calander2002.htm --> ftp.bigsky.net / calander2002.htm
102.08.19 11:59 B C:\JEFF\MTCYCLE\calander2002.htm --> ftp.bigsky.net / calander2002.htm
102.08.26 11:00 B C:\JEFF\MTCYCLE\2002results.htm --> ftp.bigsky.net / 2002results.htm
102.08.26 11:00 B C:\JEFF\MTCYCLE\calander2002.htm --> ftp.bigsky.net / calander2002.htm
102.08.26 11:00 B C:\JEFF\MTCYCLE\ENTRYgreatdivideascent.htm --> ftp.bigsky.net / ENTRYgreatdivideascent.htm
102.08.26 11:01 B C:\JEFF\MTCYCLE\index.htm --> ftp.bigsky.net / index.htm
102.08.26 11:01 B C:\JEFF\MTCYCLE\resultsbuttecrit.htm --> ftp.bigsky.net / resultsbuttecrit.htm
102.09.20 11:25 B C:\JEFF\MTCYCLE\calander2002.htm --> ftp.bigsky.net / calander2002.htm
102.09.20 11:25 B C:\JEFF\MTCYCLE\entryhillclimbchamps.htm --> ftp.bigsky.net / entryhillclimbchamps.htm
102.09.20 11:25 B C:\JEFF\MTCYCLE\resultscowcountryrr.htm --> ftp.bigsky.net / resultscowcountryrr.htm
102.10.04 17:30 B C:\JEFF\MTCYCLE\calander2002.htm --> ftp.bigsky.net / calander2002.htm
102.10.07 13:30 B C:\JEFF\MTCYCLE\2002results.htm --> ftp.bigsky.net / 2002results.htm
102.10.07 13:30 B C:\JEFF\MTCYCLE\index.htm --> ftp.bigsky.net / index.htm
102.10.07 13:30 B C:\JEFF\MTCYCLE\resultscrossone.htm --> ftp.bigsky.net / resultscrossone.htm
102.10.07 14:21 B C:\JEFF\MTCYCLE\index.htm --> ftp.bigsky.net / index.htm
102.10.07 14:24 B C:\JEFF\MTCYCLE\entrybozocross.pdf --> ftp.bigsky.net / entrybozocross.pdf
102.10.07 14:25 B C:\JEFF\MTCYCLE\calander2002.htm --> ftp.bigsky.net / calander2002.htm
102.10.07 17:42 B C:\JEFF\MTCYCLE\contact.htm --> ftp.bigsky.net / contact.htm
102.10.07 17:43 B C:\JEFF\MTCYCLE\contact.htm --> ftp.bigsky.net / contact.htm
102.10.08 13:10 B C:\JEFF\MTCYCLE\index.htm --> ftp.bigsky.net / index.htm
102.10.08 13:10 B C:\JEFF\MTCYCLE\2002results.htm --> ftp.bigsky.net / 2002results.htm
102.10.08 13:10 B C:\JEFF\MTCYCLE\resultscrosstwo.htm --> ftp.bigsky.net / resultscrosstwo.htm
102.10.10 08:23 B C:\JEFF\MTCYCLE\index.htm --> ftp.bigsky.net / index.htm
102.10.10 08:23 B C:\JEFF\MTCYCLE\2002results.htm --> ftp.bigsky.net / 2002results.htm
102.10.10 08:25 B C:\JEFF\MTCYCLE\resultsjedzilla3.htm --> ftp.bigsky.net / resultsjedzilla3.htm
102.10.10 08:25 B C:\JEFF\MTCYCLE\resultsjedzilla4.htm --> ftp.bigsky.net / resultsjedzilla4.htm
102.10.10 08:25 B C:\JEFF\MTCYCLE\resultswerks.htm --> ftp.bigsky.net / resultswerks.htm
102.10.11 10:06 B C:\JEFF\MTCYCLE\index.htm --> ftp.bigsky.net / index.htm
102.10.11 10:07 B C:\JEFF\MTCYCLE\entrycross4.htm --> ftp.bigsky.net / entrycross4.htm
102.10.11 10:07 B C:\JEFF\MTCYCLE\index.htm --> ftp.bigsky.net / index.htm
102.10.11 10:22 B C:\JEFF\MTCYCLE\proctorphoto.doc --> ftp.bigsky.net / proctorphoto.doc
102.10.11 10:33 B C:\JEFF\MTCYCLE\entrycross4.htm --> ftp.bigsky.net / entrycross4.htm
102.10.11 10:34 B C:\JEFF\MTCYCLE\proctor.jpg --> ftp.bigsky.net / proctor.jpg
102.10.11 11:16 B C:\JEFF\MTCYCLE\index.htm --> ftp.bigsky.net / index.htm
102.10.11 11:16 B C:\JEFF\MTCYCLE\resultsbohartbash.htm --> ftp.bigsky.net / resultsbohartbash.htm
103.01.12 13:59 B C:\JEFF\2003webpage\2003results.htm --> ftp.bigsky.net / 2003results.htm
103.01.12 13:59 B C:\JEFF\2003webpage\2003seriesstandings.htm --> ftp.bigsky.net / 2003seriesstandings.htm
103.01.12 13:59 B C:\JEFF\2003webpage\archive.htm --> ftp.bigsky.net / archive.htm
103.01.12 13:59 B C:\JEFF\2003webpage\calander2003.htm --> ftp.bigsky.net / calander2003.htm
103.01.12 13:59 B C:\JEFF\2003webpage\clubcontacts.htm --> ftp.bigsky.net / clubcontacts.htm
103.01.12 13:59 B C:\JEFF\2003webpage\contact.htm --> ftp.bigsky.net / contact.htm
103.01.12 13:59 B C:\JEFF\2003webpage\ecaps.gif --> ftp.bigsky.net / ecaps.gif
103.01.12 14:00 B C:\JEFF\2003webpage\FVVB&W1.JPG --> ftp.bigsky.net / FVVB&W1.JPG
103.01.12 14:01 B C:\JEFF\2003webpage\FVVB&W2.JPG --> ftp.bigsky.net / FVVB&W2.JPG
103.01.12 14:01 B C:\JEFF\2003webpage\index.htm --> ftp.bigsky.net / index.htm
103.01.12 14:01 B C:\JEFF\2003webpage\links.htm --> ftp.bigsky.net / links.htm
103.01.12 14:01 B C:\JEFF\2003webpage\listserver.htm --> ftp.bigsky.net / listserver.htm
103.01.12 14:01 B C:\JEFF\2003webpage\montanacupwinners.htm --> ftp.bigsky.net / montanacupwinners.htm
103.01.12 14:01 B C:\JEFF\2003webpage\stronglogo.jpg --> ftp.bigsky.net / stronglogo.jpg
103.01.12 14:01 B C:\JEFF\2003webpage\trainingrides.htm --> ftp.bigsky.net / trainingrides.htm
103.01.27 16:30 B C:\JEFF\2003webpage\calander2003.htm --> ftp.bigsky.net / calander2003.htm
103.01.27 16:30 B C:\JEFF\2003webpage\clubcontacts.htm --> ftp.bigsky.net / clubcontacts.htm
103.01.29 09:01 B C:\JEFF\MontanaCycling\2003seriesstandings.htm --> ftp.bigsky.net / 2003seriesstandings.htm
103.01.29 09:03 B C:\JEFF\MontanaCycling\archive.htm --> ftp.bigsky.net / archive.htm
103.01.29 09:03 B C:\JEFF\MontanaCycling\calander2003.htm --> ftp.bigsky.net / calander2003.htm
103.01.29 09:03 B C:\JEFF\MontanaCycling\clubcontacts.htm --> ftp.bigsky.net / clubcontacts.htm
103.01.29 09:04 B C:\JEFF\MontanaCycling\FVVB&W1.JPG --> ftp.bigsky.net / FVVB&W1.JPG
103.01.29 09:06 B C:\JEFF\MontanaCycling\FVVB&W2.JPG --> ftp.bigsky.net / FVVB&W2.JPG
103.01.29 09:15 B C:\JEFF\MontanaCycling\index.htm --> ftp.bigsky.net / index.htm
103.01.29 09:16 B C:\JEFF\MontanaCycling\KALISPELLtraining.htm --> ftp.bigsky.net / KALISPELLtraining.htm
103.01.29 09:16 B C:\JEFF\MontanaCycling\trainingrides.htm --> ftp.bigsky.net / trainingrides.htm
103.01.29 09:16 B C:\JEFF\MontanaCycling\entrytrainingseries.htm --> ftp.bigsky.net / entrytrainingseries.htm
103.01.30 09:12 B C:\JEFF\MontanaCycling\calander2003.htm --> ftp.bigsky.net / calander2003.htm
103.01.30 09:12 B C:\JEFF\MontanaCycling\calander2003.htm --> ftp.bigsky.net / calander2003.htm
103.01.30 16:47 B C:\JEFF\MontanaCycling\calander2003.htm --> ftp.bigsky.net / calander2003.htm
103.01.31 18:47 B C:\JEFF\MontanaCycling\calander2003.htm --> ftp.bigsky.net / calander2003.htm
103.01.31 18:48 B C:\JEFF\MontanaCycling\links.htm --> ftp.bigsky.net / links.htm
103.02.11 12:58 B C:\JEFF\MontanaCycling\calander2003.htm --> ftp.bigsky.net / calander2003.htm
103.02.11 17:32 B C:\JEFF\MontanaCycling\FVVB&W1.JPG --> ftp.bigsky.net / FVVB&W1.JPG
103.02.11 17:33 B C:\JEFF\MontanaCycling\FVVB&W2.JPG --> ftp.bigsky.net / FVVB&W2.JPG
103.02.11 17:37 B C:\JEFF\MontanaCycling\FVVB&W2.JPG --> ftp.bigsky.net / FVVB&W2.JPG
103.02.11 17:44 B C:\JEFF\MontanaCycling\2003seriesstandings.htm --> ftp.bigsky.net / 2003seriesstandings.htm
103.02.11 17:47 B C:\JEFF\MontanaCycling\2003seriesstandings.htm --> ftp.bigsky.net / 2003seriesstandings.htm
103.02.11 17:50 B C:\JEFF\MontanaCycling\2003seriesstandings.htm --> ftp.bigsky.net / 2003seriesstandings.htm
103.02.11 17:53 B C:\JEFF\MontanaCycling\2003seriesstandings.htm --> ftp.bigsky.net / 2003seriesstandings.htm
103.02.11 17:54 B C:\JEFF\MontanaCycling\2003seriesstandings.htm --> ftp.bigsky.net / 2003seriesstandings.htm
103.02.13 07:58 B C:\JEFF\MontanaCycling\2003seriesstandings.htm --> ftp.bigsky.net / 2003seriesstandings.htm
103.03.07 23:43 B C:\JEFF\MontanaCycling\calander2003.htm --> ftp.bigsky.net / calander2003.htm
103.03.07 23:43 B C:\JEFF\MontanaCycling\clubcontacts.htm --> ftp.bigsky.net / clubcontacts.htm
103.03.07 23:44 B C:\JEFF\MontanaCycling\entryRoubaix.htm --> ftp.bigsky.net / entryRoubaix.htm
103.03.07 23:44 B C:\JEFF\MontanaCycling\index.htm --> ftp.bigsky.net / index.htm
103.03.07 23:44 B C:\JEFF\MontanaCycling\index.htm --> ftp.bigsky.net / index.htm
103.03.07 23:45 B C:\JEFF\MontanaCycling\links.htm --> ftp.bigsky.net / links.htm
103.03.07 23:45 B C:\JEFF\MontanaCycling\Meetingnotice.htm --> ftp.bigsky.net / Meetingnotice.htm
103.04.04 18:39 B C:\JEFF\MontanaCycling\entryFairfield.htm --> ftp.bigsky.net / entryFairfield.htm
103.04.04 18:39 B C:\JEFF\MontanaCycling\entryRoubaix.htm --> ftp.bigsky.net / entryRoubaix.htm
103.04.04 18:57 B C:\JEFF\MontanaCycling\calander2003.htm --> ftp.bigsky.net / calander2003.htm
103.04.04 18:57 B C:\JEFF\MontanaCycling\entryFairfield.htm --> ftp.bigsky.net / entryFairfield.htm
103.04.04 18:58 B C:\JEFF\MontanaCycling\entryRoubaix.htm --> ftp.bigsky.net / entryRoubaix.htm
103.04.04 18:58 B C:\JEFF\MontanaCycling\entryRoubaix.htm --> ftp.bigsky.net / entryRoubaix.htm
103.04.04 18:58 B C:\JEFF\MontanaCycling\index.htm --> ftp.bigsky.net / index.htm
103.04.04 18:59 B C:\JEFF\MontanaCycling\calander2003.htm --> ftp.bigsky.net / calander2003.htm
103.04.05 16:22 B C:\JEFF\MontanaCycling\index.htm --> ftp.bigsky.net / index.htm
103.04.07 16:52 B C:\JEFF\MontanaCycling\entryFairfield.htm --> ftp.bigsky.net / entryFairfield.htm
103.04.14 18:15 B C:\JEFF\MontanaCycling\2003results.htm --> ftp.bigsky.net / 2003results.htm
103.04.14 18:15 B C:\JEFF\MontanaCycling\calander2003.htm --> ftp.bigsky.net / calander2003.htm
103.04.14 18:15 B C:\JEFF\MontanaCycling\clubcontacts.htm --> ftp.bigsky.net / clubcontacts.htm
103.04.14 18:15 B C:\JEFF\MontanaCycling\entryFairfield.htm --> ftp.bigsky.net / entryFairfield.htm
103.04.14 18:15 B C:\JEFF\MontanaCycling\entrymvroadrace.htm --> ftp.bigsky.net / entrymvroadrace.htm
103.04.14 18:16 B C:\JEFF\MontanaCycling\index.htm --> ftp.bigsky.net / index.htm
103.04.14 18:16 B C:\JEFF\MontanaCycling\links.htm --> ftp.bigsky.net / links.htm
103.04.14 18:16 B C:\JEFF\MontanaCycling\MBRAletter.htm --> ftp.bigsky.net / MBRAletter.htm
103.04.14 18:16 B C:\JEFF\MontanaCycling\resultsrmrcollegiate.htm --> ftp.bigsky.net / resultsrmrcollegiate.htm
103.04.14 18:16 B C:\JEFF\MontanaCycling\resultsrmruscf.htm --> ftp.bigsky.net / resultsrmruscf.htm
103.04.18 13:44 B C:\JEFF\MontanaCycling\index.htm --> ftp.bigsky.net / index.htm
103.04.18 13:45 B C:\JEFF\MontanaCycling\racesanctioning.htm --> ftp.bigsky.net / racesanctioning.htm
103.04.18 13:45 B C:\JEFF\MontanaCycling\KALISPELLtraining.htm --> ftp.bigsky.net / KALISPELLtraining.htm
103.04.25 18:19 B C:\JEFF\MontanaCycling\2003results.htm --> ftp.bigsky.net / 2003results.htm
103.04.25 18:20 B C:\JEFF\MontanaCycling\index.htm --> ftp.bigsky.net / index.htm
103.04.25 18:20 B C:\JEFF\MontanaCycling\resultsMVroadrace.htm --> ftp.bigsky.net / resultsMVroadrace.htm
103.04.25 18:20 B C:\JEFF\MontanaCycling\Upgrade Criteria.htm --> ftp.bigsky.net / Upgrade Criteria.htm
103.04.28 11:52 B C:\JEFF\MontanaCycling\resultsMVroadrace.htm --> ftp.bigsky.net / resultsMVroadrace.htm
103.04.28 16:39 B C:\JEFF\MontanaCycling\Upgrade Criteria.htm --> ftp.bigsky.net / Upgrade Criteria.htm
103.05.16 09:07 B C:\JEFF\MontanaCycling\2003results.htm --> ftp.bigsky.net / 2003results.htm
103.05.16 09:07 B C:\JEFF\MontanaCycling\calander2003.htm --> ftp.bigsky.net / calander2003.htm
103.05.16 09:07 B C:\JEFF\MontanaCycling\ecaps.gif --> ftp.bigsky.net / ecaps.gif
103.05.16 09:07 B C:\JEFF\MontanaCycling\index.htm --> ftp.bigsky.net / index.htm
103.05.16 09:08 B C:\JEFF\MontanaCycling\resultsfairfield.htm --> ftp.bigsky.net / resultsfairfield.htm
103.06.05 16:36 B C:\JEFF\MontanaCycling\2003results.htm --> ftp.bigsky.net / 2003results.htm
103.06.05 16:36 B C:\JEFF\MontanaCycling\calander2003.htm --> ftp.bigsky.net / calander2003.htm
103.06.05 16:36 B C:\JEFF\MontanaCycling\clubcontacts.htm --> ftp.bigsky.net / clubcontacts.htm
103.06.05 16:37 B C:\JEFF\MontanaCycling\entrycowcountry.pdf --> ftp.bigsky.net / entrycowcountry.pdf
103.06.05 16:39 B C:\JEFF\MontanaCycling\index.htm --> ftp.bigsky.net / index.htm
103.06.05 16:57 B C:\JEFF\MontanaCycling\calander2003.htm --> ftp.bigsky.net / calander2003.htm
103.06.05 16:57 B C:\JEFF\MontanaCycling\entryWERKSmtb.htm --> ftp.bigsky.net / entryWERKSmtb.htm
103.06.05 16:57 B C:\JEFF\MontanaCycling\index.htm --> ftp.bigsky.net / index.htm
103.06.05 16:57 B C:\JEFF\MontanaCycling\entryWERKSmtb.htm --> ftp.bigsky.net / entryWERKSmtb.htm
103.06.06 17:02 B C:\JEFF\MontanaCycling\2003results.htm --> ftp.bigsky.net /ICOWEBPAGE 2003results.htm
103.06.06 17:02 B C:\JEFF\MontanaCycling\2003seriesstandings.htm --> ftp.bigsky.net /ICOWEBPAGE 2003seriesstandings.htm
103.06.06 17:02 B C:\JEFF\MontanaCycling\archive.htm --> ftp.bigsky.net /ICOWEBPAGE archive.htm
103.06.06 17:02 B C:\JEFF\MontanaCycling\calander2003.htm --> ftp.bigsky.net /ICOWEBPAGE calander2003.htm
103.06.17 12:15 B C:\JEFF\MontanaCycling\index.htm --> ftp.bigsky.net / index.htm
103.06.17 12:15 B C:\JEFF\MontanaCycling\entryBohartBash.pdf --> ftp.bigsky.net / entryBohartBash.pdf
103.06.17 12:16 B C:\JEFF\MontanaCycling\calander2003.htm --> ftp.bigsky.net / calander2003.htm
103.06.17 14:21 B C:\JEFF\MontanaCycling\index.htm --> ftp.bigsky.net / index.htm
103.06.17 14:22 B C:\JEFF\MontanaCycling\2003results.htm --> ftp.bigsky.net / 2003results.htm
103.06.17 14:22 B C:\JEFF\MontanaCycling\resultscowcountry.htm --> ftp.bigsky.net / resultscowcountry.htm
103.07.10 17:00 B C:\JEFF\MontanaCycling\calander2003.htm --> ftp.bigsky.net / calander2003.htm
103.07.10 17:00 B C:\JEFF\MontanaCycling\entrybuttecrit.pdf --> ftp.bigsky.net / entrybuttecrit.pdf
103.07.10 17:00 B C:\JEFF\MontanaCycling\EntryinfoBohart.htm --> ftp.bigsky.net / EntryinfoBohart.htm
103.07.10 17:01 B C:\JEFF\MontanaCycling\index.htm --> ftp.bigsky.net / index.htm
103.07.10 17:01 B C:\JEFF\MontanaCycling\calander2003.htm --> ftp.bigsky.net / calander2003.htm
103.07.16 15:48 B C:\JEFF\MontanaCycling\calander2003.htm --> ftp.bigsky.net / calander2003.htm
103.07.16 15:49 B C:\JEFF\MontanaCycling\index.htm --> ftp.bigsky.net / index.htm
103.07.27 17:52 B C:\JEFF\MontanaCycling\2003results.htm --> ftp.bigsky.net / 2003results.htm
103.07.27 17:53 B C:\JEFF\MontanaCycling\calander2003.htm --> ftp.bigsky.net / calander2003.htm
103.07.27 17:53 B C:\JEFF\MontanaCycling\index.htm --> ftp.bigsky.net / index.htm
103.07.27 17:54 B C:\JEFF\MontanaCycling\resultsstarmeadows.htm --> ftp.bigsky.net / resultsstarmeadows.htm
103.08.04 09:34 B C:\JEFF\MontanaCycling\2003results.htm --> ftp.bigsky.net / 2003results.htm
103.08.04 09:34 B C:\JEFF\MontanaCycling\index.htm --> ftp.bigsky.net / index.htm
103.08.04 09:35 B C:\JEFF\MontanaCycling\resultsbuttecrit.htm --> ftp.bigsky.net / resultsbuttecrit.htm
103.08.04 09:35 B C:\JEFF\MontanaCycling\resultsupthecreek.htm --> ftp.bigsky.net / resultsupthecreek.htm
103.08.04 09:35 B C:\JEFF\MontanaCycling\resultswarmsprings-itt.htm --> ftp.bigsky.net / resultswarmsprings-itt.htm
103.08.04 11:46 B C:\JEFF\MontanaCycling\mtcupstandings.htm --> ftp.bigsky.net / mtcupstandings.htm
103.08.04 11:46 B C:\JEFF\MontanaCycling\2003seriesstandings.htm --> ftp.bigsky.net / 2003seriesstandings.htm
103.08.04 11:46 B C:\JEFF\MontanaCycling\index.htm --> ftp.bigsky.net / index.htm
103.08.04 11:48 B C:\JEFF\MontanaCycling\index.htm --> ftp.bigsky.net / index.htm
103.08.04 11:56 B C:\JEFF\MontanaCycling\index.htm --> ftp.bigsky.net / index.htm
103.08.04 11:56 B C:\JEFF\MontanaCycling\MBRAMeeting.htm --> ftp.bigsky.net / MBRAMeeting.htm
103.08.04 11:56 B C:\JEFF\MontanaCycling\index.htm --> ftp.bigsky.net / index.htm
103.08.04 16:24 B C:\JEFF\MontanaCycling\2003results.htm --> ftp.bigsky.net / 2003results.htm
103.08.04 16:25 B C:\JEFF\MontanaCycling\index.htm --> ftp.bigsky.net / index.htm
103.08.04 16:25 B C:\JEFF\MontanaCycling\resultsmarcusdaly.htm --> ftp.bigsky.net / resultsmarcusdaly.htm
103.08.05 11:07 B C:\JEFF\MontanaCycling\mtcupstandings.htm --> ftp.bigsky.net / mtcupstandings.htm
103.08.05 11:12 B C:\JEFF\MontanaCycling\2003seriesstandings.htm --> ftp.bigsky.net / 2003seriesstandings.htm
103.08.05 11:12 B C:\JEFF\MontanaCycling\index.htm --> ftp.bigsky.net / index.htm
103.08.05 11:12 B C:\JEFF\MontanaCycling\mtcupstandings.htm --> ftp.bigsky.net / mtcupstandings.htm
103.08.05 11:15 B C:\JEFF\MontanaCycling\2003seriesstandings.htm --> ftp.bigsky.net / 2003seriesstandings.htm
103.08.05 11:15 B C:\JEFF\MontanaCycling\index.htm --> ftp.bigsky.net / index.htm
103.08.05 11:15 B C:\JEFF\MontanaCycling\mtcupstandings.htm --> ftp.bigsky.net / mtcupstandings.htm
103.08.15 15:05 B C:\JEFF\MontanaCycling\entrylonepeak.htm --> ftp.bigsky.net / entrylonepeak.htm
103.08.15 16:23 B C:\JEFF\MontanaCycling\index.htm --> ftp.bigsky.net / index.htm
103.08.15 16:23 B C:\JEFF\MontanaCycling\entrylonepeak.htm --> ftp.bigsky.net / entrylonepeak.htm
103.08.15 16:23 B C:\JEFF\MontanaCycling\calander2003.htm --> ftp.bigsky.net / calander2003.htm
103.08.15 16:23 B C:\JEFF\MontanaCycling\2003results.htm --> ftp.bigsky.net / 2003results.htm
103.08.15 16:24 B C:\JEFF\MontanaCycling\mtcupstandings.htm --> ftp.bigsky.net / mtcupstandings.htm
103.08.15 16:43 B C:\JEFF\MontanaCycling\2003results.htm --> ftp.bigsky.net / 2003results.htm
103.08.15 16:43 B C:\JEFF\MontanaCycling\entrygalenagrinder.htm --> ftp.bigsky.net / entrygalenagrinder.htm
103.08.15 16:43 B C:\JEFF\MontanaCycling\index.htm --> ftp.bigsky.net / index.htm
103.08.15 16:43 B C:\JEFF\MontanaCycling\resultspintlarrr.htm --> ftp.bigsky.net / resultspintlarrr.htm
103.08.19 17:01 B C:\JEFF\MontanaCycling\index.htm --> ftp.bigsky.net / index.htm
103.08.19 17:01 B C:\JEFF\MontanaCycling\mtcupstandings.htm --> ftp.bigsky.net / mtcupstandings.htm
103.09.02 12:20 B C:\JEFF\MontanaCycling\2003seriesstandings.htm --> ftp.bigsky.net / 2003seriesstandings.htm
103.09.02 12:20 B C:\JEFF\MontanaCycling\calander2003.htm --> ftp.bigsky.net / calander2003.htm
103.09.02 12:20 B C:\JEFF\MontanaCycling\CrossSchedule.htm --> ftp.bigsky.net / CrossSchedule.htm
103.09.02 12:21 B C:\JEFF\MontanaCycling\index.htm --> ftp.bigsky.net / index.htm
103.09.02 12:21 B C:\JEFF\MontanaCycling\mtcupstandings.htm --> ftp.bigsky.net / mtcupstandings.htm
103.09.08 09:42 B C:\JEFF\MontanaCycling\mtcupstandings.htm --> ftp.bigsky.net / mtcupstandings.htm
103.09.08 09:48 B C:\JEFF\MontanaCycling\mtcupstandings.htm --> ftp.bigsky.net / mtcupstandings.htm
103.09.08 09:54 B C:\JEFF\MontanaCycling\mtcupstandings.htm --> ftp.bigsky.net / mtcupstandings.htm
103.09.08 11:11 B C:\JEFF\MontanaCycling\calander2003.htm --> ftp.bigsky.net / calander2003.htm
103.09.08 11:11 B C:\JEFF\MontanaCycling\entrygreatdividehillclimb --> ftp.bigsky.net / entrygreatdividehillclimb
103.09.08 11:11 B C:\JEFF\MontanaCycling\index.htm --> ftp.bigsky.net / index.htm
103.09.10 10:25 B C:\JEFF\MontanaCycling\calander2003.htm --> ftp.bigsky.net / calander2003.htm
103.09.10 10:25 B C:\JEFF\MontanaCycling\index.htm --> ftp.bigsky.net / index.htm
103.09.10 10:26 B C:\JEFF\MontanaCycling\entrymissoulacross.pdf --> ftp.bigsky.net / entrymissoulacross.pdf
103.09.25 14:08 B C:\JEFF\MontanaCycling\calander2003.htm --> ftp.bigsky.net / calander2003.htm
103.09.25 14:08 B C:\JEFF\MontanaCycling\contact.htm --> ftp.bigsky.net / contact.htm
103.09.25 14:08 B C:\JEFF\MontanaCycling\entryhillclimb.htm --> ftp.bigsky.net / entryhillclimb.htm
103.09.25 14:09 B C:\JEFF\MontanaCycling\index.htm --> ftp.bigsky.net / index.htm
103.09.25 14:51 B C:\JEFF\MontanaCycling\2003results.htm --> ftp.bigsky.net / 2003results.htm
103.09.25 14:51 B C:\JEFF\MontanaCycling\index.htm --> ftp.bigsky.net / index.htm
103.09.25 14:51 B C:\JEFF\MontanaCycling\resultsmslacrossone.htm --> ftp.bigsky.net / resultsmslacrossone.htm
103.09.26 08:36 B C:\JEFF\MontanaCycling\resultsmslacrossone.htm --> ftp.bigsky.net / resultsmslacrossone.htm
103.09.29 12:12 B C:\JEFF\MontanaCycling\CrossSchedule.htm --> ftp.bigsky.net / CrossSchedule.htm
103.09.29 12:12 B C:\JEFF\MontanaCycling\index.htm --> ftp.bigsky.net / index.htm
103.09.30 10:58 B C:\JEFF\MontanaCycling\index.htm --> ftp.bigsky.net / index.htm
103.09.30 10:58 B C:\JEFF\MontanaCycling\2003results.htm --> ftp.bigsky.net / 2003results.htm
103.09.30 10:59 B C:\JEFF\MontanaCycling\resultsgreatdividehillclimb.pdf --> ftp.bigsky.net / resultsgreatdividehillclimb.pdf
103.09.30 11:00 B C:\JEFF\MontanaCycling\resultsgreatdividehillclimb.pdf --> ftp.bigsky.net / resultsgreatdividehillclimb.pdf
103.09.30 11:10 B C:\JEFF\MontanaCycling\2003results.htm --> ftp.bigsky.net / 2003results.htm
103.09.30 11:10 B C:\JEFF\MontanaCycling\index.htm --> ftp.bigsky.net / index.htm
103.09.30 11:11 B C:\JEFF\MontanaCycling\resultsgreatdividehillclimb.pdf --> ftp.bigsky.net / resultsgreatdividehillclimb.pdf
103.10.10 12:23 B C:\JEFF\MontanaCycling\2003results.htm --> ftp.bigsky.net / 2003results.htm
103.10.10 12:23 B C:\JEFF\MontanaCycling\2003seriesstandings.htm --> ftp.bigsky.net / 2003seriesstandings.htm
103.10.10 12:23 B C:\JEFF\MontanaCycling\calander2003.htm --> ftp.bigsky.net / calander2003.htm
103.10.10 12:23 B C:\JEFF\MontanaCycling\crossrankings.htm --> ftp.bigsky.net / crossrankings.htm
103.10.10 12:24 B C:\JEFF\MontanaCycling\index.htm --> ftp.bigsky.net / index.htm
103.10.10 12:24 B C:\JEFF\MontanaCycling\index.htm --> ftp.bigsky.net / index.htm
103.10.10 12:24 B C:\JEFF\MontanaCycling\mtcupstandings.htm --> ftp.bigsky.net / mtcupstandings.htm
103.10.10 12:25 B C:\JEFF\MontanaCycling\resultsmslacross3.htm --> ftp.bigsky.net / resultsmslacross3.htm
103.10.20 09:30 B C:\JEFF\MontanaCycling\2003results.htm --> ftp.bigsky.net / 2003results.htm
103.10.20 09:30 B C:\JEFF\MontanaCycling\2003seriesstandings.htm --> ftp.bigsky.net / 2003seriesstandings.htm
103.10.20 09:31 B C:\JEFF\MontanaCycling\crossrankings.htm --> ftp.bigsky.net / crossrankings.htm
103.10.20 09:31 B C:\JEFF\MontanaCycling\index.htm --> ftp.bigsky.net / index.htm
103.10.20 09:31 B C:\JEFF\MontanaCycling\resultsbozocross.htm --> ftp.bigsky.net / resultsbozocross.htm
103.10.20 09:31 B C:\JEFF\MontanaCycling\resultsmissoulacross4.htm --> ftp.bigsky.net / resultsmissoulacross4.htm
103.10.27 11:13 B C:\JEFF\MontanaCycling\2003results.htm --> ftp.bigsky.net / 2003results.htm
103.10.27 11:13 B C:\JEFF\MontanaCycling\2003seriesstandings.htm --> ftp.bigsky.net / 2003seriesstandings.htm
103.10.27 11:13 B C:\JEFF\MontanaCycling\calander2003.htm --> ftp.bigsky.net / calander2003.htm
103.10.27 11:13 B C:\JEFF\MontanaCycling\crossrankings.htm --> ftp.bigsky.net / crossrankings.htm
103.10.27 11:14 B C:\JEFF\MontanaCycling\CrossSchedule.htm --> ftp.bigsky.net / CrossSchedule.htm
103.10.27 11:14 B C:\JEFF\MontanaCycling\entrycross#6.htm --> ftp.bigsky.net / entrycross#6.htm
103.10.27 11:14 B C:\JEFF\MontanaCycling\index.htm --> ftp.bigsky.net / index.htm
103.10.27 11:14 B C:\JEFF\MontanaCycling\missoulacrossseriesresults.htm --> ftp.bigsky.net / missoulacrossseriesresults.htm
103.10.27 11:14 B C:\JEFF\MontanaCycling\mtcupstandings.htm --> ftp.bigsky.net / mtcupstandings.htm
103.10.27 11:14 B C:\JEFF\MontanaCycling\resultscross4.htm --> ftp.bigsky.net / resultscross4.htm
103.10.27 16:22 B C:\JEFF\MontanaCycling\2003results.htm --> ftp.bigsky.net / 2003results.htm
103.10.27 16:22 B C:\JEFF\MontanaCycling\2003seriesstandings.htm --> ftp.bigsky.net / 2003seriesstandings.htm
103.10.27 16:23 B C:\JEFF\MontanaCycling\crossrankings.htm --> ftp.bigsky.net / crossrankings.htm
103.10.27 16:23 B C:\JEFF\MontanaCycling\index.htm --> ftp.bigsky.net / index.htm
103.10.27 16:23 B C:\JEFF\MontanaCycling\resultscross5.htm --> ftp.bigsky.net / resultscross5.htm
103.10.31 08:59 B C:\JEFF\MontanaCycling\CrossSchedule.htm --> ftp.bigsky.net / CrossSchedule.htm
103.10.31 08:59 B C:\JEFF\MontanaCycling\entrycross7.htm --> ftp.bigsky.net / entrycross7.htm
103.10.31 08:59 B C:\JEFF\MontanaCycling\index.htm --> ftp.bigsky.net / index.htm
103.11.06 09:18 B C:\JEFF\MontanaCycling\2003results.htm --> ftp.bigsky.net / 2003results.htm
103.11.06 09:18 B C:\JEFF\MontanaCycling\crossrankings.htm --> ftp.bigsky.net / crossrankings.htm
103.11.06 09:19 B C:\JEFF\MontanaCycling\index.htm --> ftp.bigsky.net / index.htm
103.11.06 09:19 B C:\JEFF\MontanaCycling\resultscross7.htm --> ftp.bigsky.net / resultscross7.htm
103.11.06 09:19 B C:\JEFF\MontanaCycling\resultscross8.htm --> ftp.bigsky.net / resultscross8.htm
103.11.12 09:50 B C:\JEFF\MontanaCycling\2003results.htm --> ftp.bigsky.net / 2003results.htm
103.11.12 09:50 B C:\JEFF\MontanaCycling\index.htm --> ftp.bigsky.net / index.htm
103.11.12 09:50 B C:\JEFF\MontanaCycling\resultscrossheron.htm --> ftp.bigsky.net / resultscrossheron.htm
103.11.12 10:15 B C:\JEFF\MontanaCycling\CrossSchedule.htm --> ftp.bigsky.net / CrossSchedule.htm
103.11.12 10:15 B C:\JEFF\MontanaCycling\entrycross9.htm --> ftp.bigsky.net / entrycross9.htm
103.11.12 10:15 B C:\JEFF\MontanaCycling\index.htm --> ftp.bigsky.net / index.htm
103.11.14 09:57 B C:\JEFF\MontanaCycling\2003results.htm --> ftp.bigsky.net / 2003results.htm
103.11.14 09:57 B C:\JEFF\MontanaCycling\crossrankings.htm --> ftp.bigsky.net / crossrankings.htm
103.11.14 09:57 B C:\JEFF\MontanaCycling\CrossSchedule.htm --> ftp.bigsky.net / CrossSchedule.htm
103.11.14 09:58 B C:\JEFF\MontanaCycling\entrycross10.htm --> ftp.bigsky.net / entrycross10.htm
103.11.14 09:58 B C:\JEFF\MontanaCycling\entrycross9-2.htm --> ftp.bigsky.net / entrycross9-2.htm
103.11.14 09:58 B C:\JEFF\MontanaCycling\index.htm --> ftp.bigsky.net / index.htm
103.11.25 08:45 B C:\JEFF\MontanaCycling\2003results.htm --> ftp.bigsky.net / 2003results.htm
103.11.25 08:45 B C:\JEFF\MontanaCycling\crossrankings.htm --> ftp.bigsky.net / crossrankings.htm
103.11.25 08:46 B C:\JEFF\MontanaCycling\index.htm --> ftp.bigsky.net / index.htm
103.11.25 08:46 B C:\JEFF\MontanaCycling\resultscross10.htm --> ftp.bigsky.net / resultscross10.htm
103.11.25 08:46 B C:\JEFF\MontanaCycling\index.htm --> ftp.bigsky.net / index.htm
103.11.25 15:30 B C:\JEFF\MontanaCycling\2003seriesstandings.htm --> ftp.bigsky.net / 2003seriesstandings.htm
104.01.23 16:09 B C:\JEFF\MontanaCycling\index.htm --> ftp.bigsky.net / index.htm
104.01.23 16:10 B C:\JEFF\MontanaCycling\calander2004.htm --> ftp.bigsky.net / calander2004.htm
104.01.26 09:26 B C:\JEFF\MontanaCycling\calander2004.htm --> ftp.bigsky.net / calander2004.htm
104.02.17 22:38 B C:\JEFF\MontanaCycling\calander2004.htm --> ftp.bigsky.net / calander2004.htm
104.02.17 22:38 B C:\JEFF\MontanaCycling\index.htm --> ftp.bigsky.net / index.htm
104.02.17 22:53 B C:\JEFF\MontanaCycling\calander2004.htm --> ftp.bigsky.net / calander2004.htm
104.03.01 15:49 B C:\JEFF\MontanaCycling\calander2004.htm --> ftp.bigsky.net / calander2004.htm
104.03.01 15:54 B C:\JEFF\MontanaCycling\index.htm --> ftp.bigsky.net / index.htm
104.03.01 16:23 B C:\JEFF\MontanaCycling\index.htm --> ftp.bigsky.net / index.htm
104.03.01 16:56 B C:\JEFF\MontanaCycling\calander2004.htm --> ftp.bigsky.net / calander2004.htm
104.03.01 16:56 B C:\JEFF\MontanaCycling\entry2004Roubaix.htm --> ftp.bigsky.net / entry2004Roubaix.htm
104.03.01 16:57 B C:\JEFF\MontanaCycling\index.htm --> ftp.bigsky.net / index.htm
104.03.01 17:10 B C:\JEFF\MontanaCycling\calander2004.htm --> ftp.bigsky.net / calander2004.htm
104.03.01 17:10 B C:\JEFF\MontanaCycling\entrytrainingrace04.htm --> ftp.bigsky.net / entrytrainingrace04.htm
104.03.01 17:10 B C:\JEFF\MontanaCycling\index.htm --> ftp.bigsky.net / index.htm
104.03.08 09:34 B C:\JEFF\MontanaCycling\2004results.htm --> ftp.bigsky.net / 2004results.htm
104.03.08 09:34 B C:\JEFF\MontanaCycling\2004seriesstandings.htm --> ftp.bigsky.net / 2004seriesstandings.htm
104.03.08 09:34 B C:\JEFF\MontanaCycling\archive.htm --> ftp.bigsky.net / archive.htm
104.03.08 09:34 B C:\JEFF\MontanaCycling\calander2004.htm --> ftp.bigsky.net / calander2004.htm
104.03.08 09:34 B C:\JEFF\MontanaCycling\clubcontacts.htm --> ftp.bigsky.net / clubcontacts.htm
104.03.08 09:34 B C:\JEFF\MontanaCycling\contact.htm --> ftp.bigsky.net / contact.htm
104.03.08 09:34 B C:\JEFF\MontanaCycling\ecaps.gif --> ftp.bigsky.net / ecaps.gif
104.03.08 09:34 B C:\JEFF\MontanaCycling\entry2004Roubaix.htm --> ftp.bigsky.net / entry2004Roubaix.htm
104.03.08 09:34 B C:\JEFF\MontanaCycling\entrytrainingrace04.htm --> ftp.bigsky.net / entrytrainingrace04.htm
104.03.08 09:34 B C:\JEFF\MontanaCycling\index.htm --> ftp.bigsky.net / index.htm
104.03.08 09:34 B C:\JEFF\MontanaCycling\KALISPELLtraining.htm --> ftp.bigsky.net / KALISPELLtraining.htm
104.03.08 09:34 B C:\JEFF\MontanaCycling\links.htm --> ftp.bigsky.net / links.htm
104.03.08 09:35 B C:\JEFF\MontanaCycling\listserver.htm --> ftp.bigsky.net / listserver.htm
104.03.08 09:35 B C:\JEFF\MontanaCycling\stronglogo.jpg --> ftp.bigsky.net / stronglogo.jpg
104.03.08 09:35 B C:\JEFF\MontanaCycling\trainingrides.htm --> ftp.bigsky.net / trainingrides.htm
104.03.08 09:35 B C:\JEFF\MontanaCycling\womensseriesflyer.htm --> ftp.bigsky.net / womensseriesflyer.htm
104.03.11 14:09 B C:\JEFF\MontanaCycling\index.htm --> ftp.bigsky.net / index.htm
104.03.11 14:09 B C:\JEFF\MontanaCycling\missoularidingschedule.htm --> ftp.bigsky.net / missoularidingschedule.htm
104.03.11 14:09 B C:\JEFF\MontanaCycling\trainingrides.htm --> ftp.bigsky.net / trainingrides.htm
104.03.14 17:19 B C:\JEFF\MontanaCycling\entry2004Roubaix.htm --> ftp.bigsky.net / entry2004Roubaix.htm
104.03.14 17:19 B C:\JEFF\MontanaCycling\index.htm --> ftp.bigsky.net / index.htm
104.03.14 17:42 B C:\JEFF\MontanaCycling\calander2004.htm --> ftp.bigsky.net / calander2004.htm
104.03.15 08:52 B C:\JEFF\MontanaCycling\entry2004Roubaix.htm --> ftp.bigsky.net / entry2004Roubaix.htm
104.03.15 08:53 B C:\JEFF\MontanaCycling\calander2004.htm --> ftp.bigsky.net / calander2004.htm
104.03.15 08:53 B C:\JEFF\MontanaCycling\index.htm --> ftp.bigsky.net / index.htm
104.03.23 11:16 B C:\JEFF\MontanaCycling\2004results.htm --> ftp.bigsky.net / 2004results.htm
104.03.23 11:16 B C:\JEFF\MontanaCycling\calander2004.htm --> ftp.bigsky.net / calander2004.htm
104.03.23 11:16 B C:\JEFF\MontanaCycling\entrytrainingrace04.htm --> ftp.bigsky.net / entrytrainingrace04.htm
104.03.23 11:16 B C:\JEFF\MontanaCycling\index.htm --> ftp.bigsky.net / index.htm
104.03.23 11:17 B C:\JEFF\MontanaCycling\resultsmslatrainingone.htm --> ftp.bigsky.net / resultsmslatrainingone.htm
104.03.24 11:23 B C:\JEFF\MontanaCycling\entryHighlandCycling RR.doc --> ftp.bigsky.net / entryHighlandCycling RR.doc
104.03.24 11:38 B C:\JEFF\MontanaCycling\index.htm --> ftp.bigsky.net / index.htm
104.03.24 11:38 B C:\JEFF\MontanaCycling\womensseriesflyer.htm --> ftp.bigsky.net / womensseriesflyer.htm
104.03.29 11:08 B C:\JEFF\MontanaCycling\2004results.htm --> ftp.bigsky.net / 2004results.htm
104.03.29 11:09 B C:\JEFF\MontanaCycling\index.htm --> ftp.bigsky.net / index.htm
104.03.29 11:09 B C:\JEFF\MontanaCycling\resultsmslatraining2.htm --> ftp.bigsky.net / resultsmslatraining2.htm
104.03.31 15:45 B C:\JEFF\MontanaCycling\index.htm --> ftp.bigsky.net / index.htm
104.03.31 15:45 B C:\JEFF\MontanaCycling\MBRAMembershipForm04.htm --> ftp.bigsky.net / MBRAMembershipForm04.htm
104.04.01 16:27 B C:\JEFF\MontanaCycling\MBRAMembershipForm04.htm --> ftp.bigsky.net / MBRAMembershipForm04.htm
104.04.04 12:49 B C:\JEFF\MontanaCycling\MBRAMembershipForm04.htm --> ftp.bigsky.net / MBRAMembershipForm04.htm
104.04.12 10:16 B C:\JEFF\MontanaCycling\2004results.htm --> ftp.bigsky.net / 2004results.htm
104.04.12 10:16 B C:\JEFF\MontanaCycling\2004seriesstandings.htm --> ftp.bigsky.net / 2004seriesstandings.htm
104.04.12 10:17 B C:\JEFF\MontanaCycling\calander2004.htm --> ftp.bigsky.net / calander2004.htm
104.04.12 10:17 B C:\JEFF\MontanaCycling\entryhelenarr.pdf --> ftp.bigsky.net / entryhelenarr.pdf
104.04.12 10:17 B C:\JEFF\MontanaCycling\index.htm --> ftp.bigsky.net / index.htm
104.04.12 10:18 B C:\JEFF\MontanaCycling\resultsrmroubaixo4.htm --> ftp.bigsky.net / resultsrmroubaixo4.htm
104.04.12 10:18 B C:\JEFF\MontanaCycling\usac_logo.gif --> ftp.bigsky.net / usac_logo.gif
104.04.12 10:29 B C:\JEFF\MontanaCycling\2004results.htm --> ftp.bigsky.net / 2004results.htm
104.04.12 10:29 B C:\JEFF\MontanaCycling\calander2004.htm --> ftp.bigsky.net / calander2004.htm
104.04.12 10:30 B C:\JEFF\MontanaCycling\index.htm --> ftp.bigsky.net / index.htm
104.04.12 10:32 B C:\JEFF\MontanaCycling\resultsrmroubaix04.htm --> ftp.bigsky.net / resultsrmroubaix04.htm
104.04.12 10:32 B C:\JEFF\MontanaCycling\index.htm --> ftp.bigsky.net / index.htm
104.04.12 10:40 B C:\JEFF\MontanaCycling\2004results.htm --> ftp.bigsky.net / 2004results.htm
104.04.12 10:41 B C:\JEFF\MontanaCycling\calander2004.htm --> ftp.bigsky.net / calander2004.htm
104.04.12 10:41 B C:\JEFF\MontanaCycling\index.htm --> ftp.bigsky.net / index.htm
104.04.12 10:42 B C:\JEFF\MontanaCycling\resultsroubaix04.htm --> ftp.bigsky.net / resultsroubaix04.htm
104.04.12 15:02 B C:\JEFF\MontanaCycling\resultsroubaix04.htm --> ftp.bigsky.net / resultsroubaix04.htm
104.04.13 08:24 B C:\JEFF\MontanaCycling\calander2004.htm --> ftp.bigsky.net / calander2004.htm
104.04.13 08:24 B C:\JEFF\MontanaCycling\index.htm --> ftp.bigsky.net / index.htm
104.04.13 08:24 B C:\JEFF\MontanaCycling\entrybeltcreekrr.htm --> ftp.bigsky.net / entrybeltcreekrr.htm
104.04.13 17:26 B C:\JEFF\MontanaCycling\entrybeltcreekrr.htm --> ftp.bigsky.net / entrybeltcreekrr.htm
104.04.19 13:14 B C:\JEFF\MontanaCycling\resultsroubaix04.htm --> ftp.bigsky.net / resultsroubaix04.htm
104.04.19 14:06 B C:\JEFF\MontanaCycling\calander2004.htm --> ftp.bigsky.net / calander2004.htm
104.04.19 14:07 B C:\JEFF\MontanaCycling\entryfeelymelroserr.htm --> ftp.bigsky.net / entryfeelymelroserr.htm
104.04.19 14:07 B C:\JEFF\MontanaCycling\index.htm --> ftp.bigsky.net / index.htm
104.04.19 14:16 B C:\JEFF\MontanaCycling\2004results.htm --> ftp.bigsky.net / 2004results.htm
104.04.19 14:16 B C:\JEFF\MontanaCycling\index.htm --> ftp.bigsky.net / index.htm
104.04.19 14:16 B C:\JEFF\MontanaCycling\resultsmontanvelorr.htm --> ftp.bigsky.net / resultsmontanvelorr.htm
104.04.19 14:17 B C:\JEFF\MontanaCycling\resultsroubaix04.htm --> ftp.bigsky.net / resultsroubaix04.htm
104.04.19 15:55 B C:\JEFF\MontanaCycling\calander2004.htm --> ftp.bigsky.net / calander2004.htm
104.04.19 15:55 B C:\JEFF\MontanaCycling\index.htm --> ftp.bigsky.net / index.htm
104.04.28 00:25 B C:\JEFF\MontanaCycling\calander2004.htm --> ftp.bigsky.net / calander2004.htm
104.05.03 11:09 B C:\JEFF\MontanaCycling\calander2004.htm --> ftp.bigsky.net / calander2004.htm
104.05.03 11:10 B C:\JEFF\MontanaCycling\index.htm --> ftp.bigsky.net / index.htm
104.05.03 11:10 B C:\JEFF\MontanaCycling\entrystarmeadowsrr.htm --> ftp.bigsky.net / entrystarmeadowsrr.htm
104.05.03 16:11 B C:\JEFF\MontanaCycling\2004results.htm --> ftp.bigsky.net / 2004results.htm
104.05.03 16:11 B C:\JEFF\MontanaCycling\2004seriesstandings.htm --> ftp.bigsky.net / 2004seriesstandings.htm
104.05.03 16:11 B C:\JEFF\MontanaCycling\calander2004.htm --> ftp.bigsky.net / calander2004.htm
104.05.03 16:12 B C:\JEFF\MontanaCycling\index.htm --> ftp.bigsky.net / index.htm
104.05.03 16:12 B C:\JEFF\MontanaCycling\MBRA- Rules 2004.htm --> ftp.bigsky.net / MBRA- Rules 2004.htm
104.05.03 16:12 B C:\JEFF\MontanaCycling\MBRAMembershipForm04.htm --> ftp.bigsky.net / MBRAMembershipForm04.htm
104.05.03 16:12 B C:\JEFF\MontanaCycling\MBRASubar CupPrizList2004.htm --> ftp.bigsky.net / MBRASubar CupPrizList2004.htm
104.05.03 16:12 B C:\JEFF\MontanaCycling\subaruforester.jpg --> ftp.bigsky.net / subaruforester.jpg
104.05.03 16:12 B C:\JEFF\MontanaCycling\subarulogo.gif --> ftp.bigsky.net / subarulogo.gif
104.05.03 16:12 B C:\JEFF\MontanaCycling\subarurally1.jpg --> ftp.bigsky.net / subarurally1.jpg
104.05.03 16:12 B C:\JEFF\MontanaCycling\SubaruWRX.jpg --> ftp.bigsky.net / SubaruWRX.jpg
104.05.03 22:21 B C:\JEFF\MontanaCycling\2004seriesstandings.htm --> ftp.bigsky.net / 2004seriesstandings.htm
104.05.10 10:12 B C:\JEFF\MontanaCycling\2004results.htm --> ftp.bigsky.net / 2004results.htm
104.05.10 10:12 B C:\JEFF\MontanaCycling\2004seriesstandings.htm --> ftp.bigsky.net / 2004seriesstandings.htm
104.05.10 10:12 B C:\JEFF\MontanaCycling\calander2004.htm --> ftp.bigsky.net / calander2004.htm
104.05.10 10:12 B C:\JEFF\MontanaCycling\index.htm --> ftp.bigsky.net / index.htm
104.05.10 10:12 B C:\JEFF\MontanaCycling\MBRA- Rules 2004.htm --> ftp.bigsky.net / MBRA- Rules 2004.htm
104.05.10 10:12 B C:\JEFF\MontanaCycling\MBRAMembershipForm04.htm --> ftp.bigsky.net / MBRAMembershipForm04.htm
104.05.10 10:12 B C:\JEFF\MontanaCycling\MBRAracekit.htm --> ftp.bigsky.net / MBRAracekit.htm
104.05.10 10:12 B C:\JEFF\MontanaCycling\MBRAracenumbers.htm --> ftp.bigsky.net / MBRAracenumbers.htm
104.05.10 10:13 B C:\JEFF\MontanaCycling\MBRAracepermitprocess.htm --> ftp.bigsky.net / MBRAracepermitprocess.htm
104.05.10 10:13 B C:\JEFF\MontanaCycling\MBRASubar CupPrizList2004.htm --> ftp.bigsky.net / MBRASubar CupPrizList2004.htm
104.05.10 10:13 B C:\JEFF\MontanaCycling\MDTpermit.pdf --> ftp.bigsky.net / MDTpermit.pdf
104.05.10 10:13 B C:\JEFF\MontanaCycling\racepromotors.htm --> ftp.bigsky.net / racepromotors.htm
104.05.10 10:13 B C:\JEFF\MontanaCycling\resultshighlandsrr.htm --> ftp.bigsky.net / resultshighlandsrr.htm
104.05.10 10:13 B C:\JEFF\MontanaCycling\resultsstarmeadowsrr.htm --> ftp.bigsky.net / resultsstarmeadowsrr.htm
104.05.10 10:15 B C:\JEFF\MontanaCycling\racepromotors.htm --> ftp.bigsky.net / racepromotors.htm
104.05.10 15:07 B C:\JEFF\MontanaCycling\index.htm --> ftp.bigsky.net / index.htm
104.05.10 15:07 B C:\JEFF\MontanaCycling\2004seriesstandings.htm --> ftp.bigsky.net / 2004seriesstandings.htm
104.05.13 16:58 B C:\JEFF\MontanaCycling\calander2004.htm --> ftp.bigsky.net / calander2004.htm
104.05.13 16:58 B C:\JEFF\MontanaCycling\index.htm --> ftp.bigsky.net / index.htm
104.05.13 16:58 B C:\JEFF\MontanaCycling\KALISPELLtraining.htm --> ftp.bigsky.net / KALISPELLtraining.htm
104.05.13 16:58 B C:\JEFF\MontanaCycling\entrybearmouth.htm --> ftp.bigsky.net / entrybearmouth.htm
104.05.13 16:59 B C:\JEFF\MontanaCycling\calander2004.htm --> ftp.bigsky.net / calander2004.htm
104.05.17 09:17 B C:\JEFF\MontanaCycling\2004results.htm --> ftp.bigsky.net / 2004results.htm
104.05.17 09:17 B C:\JEFF\MontanaCycling\index.htm --> ftp.bigsky.net / index.htm
104.05.17 09:17 B C:\JEFF\MontanaCycling\resultsbelt.htm --> ftp.bigsky.net / resultsbelt.htm
104.05.17 09:24 B C:\JEFF\MontanaCycling\MBRASubar CupPrizList2004.htm --> ftp.bigsky.net / MBRASubar CupPrizList2004.htm
104.05.17 21:51 B C:\JEFF\MontanaCycling\entrybearmouth.htm --> ftp.bigsky.net / entrybearmouth.htm
104.05.18 10:16 B C:\JEFF\MontanaCycling\resultsbelt.htm --> ftp.bigsky.net / resultsbelt.htm
104.05.25 17:07 B C:\JEFF\MontanaCycling\2004results.htm --> ftp.bigsky.net / 2004results.htm
104.05.25 17:07 B C:\JEFF\MontanaCycling\2004seriesstandings.htm --> ftp.bigsky.net / 2004seriesstandings.htm
104.05.25 17:07 B C:\JEFF\MontanaCycling\calander2004.htm --> ftp.bigsky.net / calander2004.htm
104.05.25 17:07 B C:\JEFF\MontanaCycling\entrybohartbash04.htm --> ftp.bigsky.net / entrybohartbash04.htm
104.05.25 17:08 B C:\JEFF\MontanaCycling\index.htm --> ftp.bigsky.net / index.htm
104.05.25 17:08 B C:\JEFF\MontanaCycling\resultsbearmouth04.htm --> ftp.bigsky.net / resultsbearmouth04.htm
104.05.25 17:08 B C:\JEFF\MontanaCycling\SubaruCupStandings04.htm --> ftp.bigsky.net / SubaruCupStandings04.htm
104.06.03 11:27 B C:\JEFF\MontanaCycling\index.htm --> ftp.bigsky.net / index.htm
104.06.03 11:28 B C:\JEFF\MontanaCycling\entryrapelje.pdf --> ftp.bigsky.net / entryrapelje.pdf
104.06.03 11:31 B C:\JEFF\MontanaCycling\entryrapeljemap.pdf --> ftp.bigsky.net / entryrapeljemap.pdf
104.06.03 11:32 B C:\JEFF\MontanaCycling\calander2004.htm --> ftp.bigsky.net / calander2004.htm
104.06.03 11:34 B C:\JEFF\MontanaCycling\index.htm --> ftp.bigsky.net / index.htm
104.06.03 11:36 B C:\JEFF\MontanaCycling\entrybohartbash04.htm --> ftp.bigsky.net / entrybohartbash04.htm
104.06.03 11:37 B C:\JEFF\MontanaCycling\entrybohartbash04.htm --> ftp.bigsky.net / entrybohartbash04.htm
104.06.09 13:02 B C:\JEFF\MontanaCycling\calander2004.htm --> ftp.bigsky.net / calander2004.htm
104.06.09 13:03 B C:\JEFF\MontanaCycling\entrypintlarrr.htm --> ftp.bigsky.net / entrypintlarrr.htm
104.06.09 13:03 B C:\JEFF\MontanaCycling\index.htm --> ftp.bigsky.net / index.htm
104.06.17 15:14 B C:\JEFF\MontanaCycling\2004results.htm --> ftp.bigsky.net / 2004results.htm
104.06.17 15:14 B C:\JEFF\MontanaCycling\calander2004.htm --> ftp.bigsky.net / calander2004.htm
104.06.17 15:14 B C:\JEFF\MontanaCycling\index.htm --> ftp.bigsky.net / index.htm
104.06.17 15:15 B C:\JEFF\MontanaCycling\resultspintlarrr.htm --> ftp.bigsky.net / resultspintlarrr.htm
104.06.17 15:15 B C:\JEFF\MontanaCycling\2004results.htm --> ftp.bigsky.net / 2004results.htm
104.07.06 14:20 B C:\JEFF\MontanaCycling\calander2004.htm --> ftp.bigsky.net / calander2004.htm
104.07.06 14:20 B C:\JEFF\MontanaCycling\entrystatett.htm --> ftp.bigsky.net / entrystatett.htm
104.07.06 14:20 B C:\JEFF\MontanaCycling\index.htm --> ftp.bigsky.net / index.htm
104.07.11 15:46 B C:\JEFF\MontanaCycling\entrystatett.htm --> ftp.bigsky.net / entrystatett.htm
104.07.18 15:58 B C:\JEFF\MontanaCycling\calander2004.htm --> ftp.bigsky.net / calander2004.htm
104.07.18 15:58 B C:\JEFF\MontanaCycling\entrybeltcreekrr.htm --> ftp.bigsky.net / entrybeltcreekrr.htm
104.07.18 15:58 B C:\JEFF\MontanaCycling\entryHighlandmtb.htm --> ftp.bigsky.net / entryHighlandmtb.htm
104.07.18 15:58 B C:\JEFF\MontanaCycling\entrycowcountry.htm --> ftp.bigsky.net / entrycowcountry.htm
104.07.18 15:58 B C:\JEFF\MontanaCycling\index.htm --> ftp.bigsky.net / index.htm
104.07.18 15:59 B C:\JEFF\MontanaCycling\calander2004.htm --> ftp.bigsky.net / calander2004.htm
104.07.29 16:53 B C:\JEFF\MontanaCycling\calander2004.htm --> ftp.bigsky.net / calander2004.htm
104.07.29 16:53 B C:\JEFF\MontanaCycling\index.htm --> ftp.bigsky.net / index.htm
104.08.03 10:42 B C:\JEFF\MontanaCycling\2004seriesstandings.htm --> ftp.bigsky.net / 2004seriesstandings.htm
104.08.03 10:43 B C:\JEFF\MontanaCycling\calander2004.htm --> ftp.bigsky.net / calander2004.htm
104.08.03 10:43 B C:\JEFF\MontanaCycling\resultscowcountryrr.htm --> ftp.bigsky.net / resultscowcountryrr.htm
104.08.03 10:43 B C:\JEFF\MontanaCycling\resultsstatettchampionships.htm --> ftp.bigsky.net / resultsstatettchampionships.htm
104.08.03 10:43 B C:\JEFF\MontanaCycling\resultsthompsonparkmtb.htm --> ftp.bigsky.net / resultsthompsonparkmtb.htm
104.08.03 10:53 B C:\JEFF\MontanaCycling\index.htm --> ftp.bigsky.net / index.htm
104.08.03 10:59 B C:\JEFF\MontanaCycling\2003seriesstandings.htm --> ftp.bigsky.net / 2003seriesstandings.htm
104.08.03 10:59 B C:\JEFF\MontanaCycling\SubaruCupStandings04.htm --> ftp.bigsky.net / SubaruCupStandings04.htm
104.08.03 11:01 B C:\JEFF\MontanaCycling\2003seriesstandings.htm --> ftp.bigsky.net / 2003seriesstandings.htm
104.08.03 11:03 B C:\JEFF\MontanaCycling\2004seriesstandings.htm --> ftp.bigsky.net / 2004seriesstandings.htm
104.08.03 16:52 B C:\JEFF\MontanaCycling\contact.htm --> ftp.bigsky.net / contact.htm
104.08.04 17:02 B C:\JEFF\MontanaCycling\calander2004.htm --> ftp.bigsky.net / calander2004.htm
104.08.04 17:02 B C:\JEFF\MontanaCycling\index.htm --> ftp.bigsky.net / index.htm
104.08.04 17:02 B C:\JEFF\MontanaCycling\entrymarcusdaly.htm --> ftp.bigsky.net / entrymarcusdaly.htm
104.08.06 11:55 B C:\JEFF\MontanaCycling\2004results.htm --> ftp.bigsky.net / 2004results.htm
104.08.06 11:56 B C:\JEFF\MontanaCycling\index.htm --> ftp.bigsky.net / index.htm
104.08.06 11:56 B C:\JEFF\MontanaCycling\resultsmontanvelorr.htm --> ftp.bigsky.net / resultsmontanvelorr.htm
104.08.06 11:56 B C:\JEFF\MontanaCycling\resultsstatettchampionships.htm --> ftp.bigsky.net / resultsstatettchampionships.htm
104.08.06 11:56 B C:\JEFF\MontanaCycling\resultsthompsonparkmtb.htm --> ftp.bigsky.net / resultsthompsonparkmtb.htm
104.08.06 11:57 B C:\JEFF\MontanaCycling\resultscowcountryrr.htm --> ftp.bigsky.net / resultscowcountryrr.htm
104.08.06 13:57 B C:\JEFF\MontanaCycling\2004results.htm --> ftp.bigsky.net / 2004results.htm
104.08.06 13:57 B C:\JEFF\MontanaCycling\calander2004.htm --> ftp.bigsky.net / calander2004.htm
104.08.06 13:58 B C:\JEFF\MontanaCycling\entrygreatdividehillclimb.pdf --> ftp.bigsky.net / entrygreatdividehillclimb.pdf
104.08.06 13:58 B C:\JEFF\MontanaCycling\index.htm --> ftp.bigsky.net / index.htm
104.08.09 17:41 B C:\JEFF\MontanaCycling\2004results.htm --> ftp.bigsky.net / 2004results.htm
104.08.09 17:41 B C:\JEFF\MontanaCycling\index.htm --> ftp.bigsky.net / index.htm
104.08.09 17:42 B C:\JEFF\MontanaCycling\resultsstatecrit.htm --> ftp.bigsky.net / resultsstatecrit.htm
104.08.19 13:36 B C:\JEFF\MontanaCycling\SubaruCupStandings04.htm --> ftp.bigsky.net / SubaruCupStandings04.htm
104.08.19 13:43 B C:\JEFF\MontanaCycling\index.htm --> ftp.bigsky.net / index.htm
104.08.20 15:56 B C:\JEFF\MontanaCycling\entrywerksmtb.pdf --> ftp.bigsky.net / entrywerksmtb.pdf
104.08.20 15:58 B C:\JEFF\MontanaCycling\index.htm --> ftp.bigsky.net / index.htm
104.09.01 11:31 B C:\JEFF\MontanaCycling\SubaruCupStandings04.htm --> ftp.bigsky.net / SubaruCupStandings04.htm
104.09.20 08:32 B C:\JEFF\MontanaCycling\2004results.htm --> ftp.bigsky.net / 2004results.htm
104.09.20 08:33 B C:\JEFF\MontanaCycling\calander2004.htm --> ftp.bigsky.net / calander2004.htm
104.09.20 08:33 B C:\JEFF\MontanaCycling\entryCyclocross.htm --> ftp.bigsky.net / entryCyclocross.htm
104.09.20 08:33 B C:\JEFF\MontanaCycling\entrymsucross.htm --> ftp.bigsky.net / entrymsucross.htm
104.09.20 08:33 B C:\JEFF\MontanaCycling\index.htm --> ftp.bigsky.net / index.htm
104.09.20 08:34 B C:\JEFF\MontanaCycling\resultswerks.htm --> ftp.bigsky.net / resultswerks.htm
104.09.20 08:37 B C:\JEFF\MontanaCycling\SubaruCupStandings04.htm --> ftp.bigsky.net / SubaruCupStandings04.htm
104.09.27 08:48 B C:\JEFF\MontanaCycling\resultsmslacross1.htm --> ftp.bigsky.net / resultsmslacross1.htm
104.09.27 08:48 B C:\JEFF\MontanaCycling\index.htm --> ftp.bigsky.net / index.htm
104.09.27 08:50 B C:\JEFF\MontanaCycling\2004results.htm --> ftp.bigsky.net / 2004results.htm
104.10.01 08:37 B C:\JEFF\MontanaCycling\entrycrosshelena.htm --> ftp.bigsky.net / entrycrosshelena.htm
104.10.01 17:57 B C:\JEFF\MontanaCycling\resultsmslacross2 --> ftp.bigsky.net / resultsmslacross2
104.10.01 17:58 B C:\JEFF\MontanaCycling\crossstandings.htm --> ftp.bigsky.net / crossstandings.htm
104.10.01 17:58 B C:\JEFF\MontanaCycling\2004seriesstandings.htm --> ftp.bigsky.net / 2004seriesstandings.htm
104.10.01 17:59 B C:\JEFF\MontanaCycling\2004results.htm --> ftp.bigsky.net / 2004results.htm
104.10.05 01:19 B C:\JEFF\MontanaCycling\calander2004.htm --> ftp.bigsky.net / calander2004.htm
104.10.05 01:20 B C:\JEFF\MontanaCycling\entrygreatfallsmtb.htm --> ftp.bigsky.net / entrygreatfallsmtb.htm
104.10.05 01:21 B C:\JEFF\MontanaCycling\index.htm --> ftp.bigsky.net / index.htm
104.10.10 18:32 B C:\JEFF\MontanaCycling\crossstandings.htm --> ftp.bigsky.net / crossstandings.htm
104.10.10 18:32 B C:\JEFF\MontanaCycling\2004results.htm --> ftp.bigsky.net / 2004results.htm
104.10.10 18:32 B C:\JEFF\MontanaCycling\2004seriesstandings.htm --> ftp.bigsky.net / 2004seriesstandings.htm
104.10.10 18:32 B C:\JEFF\MontanaCycling\index.htm --> ftp.bigsky.net / index.htm
104.10.10 18:33 B C:\JEFF\MontanaCycling\resultsmslacross3.htm --> ftp.bigsky.net / resultsmslacross3.htm
104.10.22 18:22 B C:\JEFF\MontanaCycling\2003seriesstandings.htm --> ftp.bigsky.net / 2003seriesstandings.htm
104.10.22 18:22 B C:\JEFF\MontanaCycling\2004results.htm --> ftp.bigsky.net / 2004results.htm
104.10.22 18:22 B C:\JEFF\MontanaCycling\2004seriesstandings.htm --> ftp.bigsky.net / 2004seriesstandings.htm
104.10.22 18:22 B C:\JEFF\MontanaCycling\calander2004.htm --> ftp.bigsky.net / calander2004.htm
104.10.22 18:23 B C:\JEFF\MontanaCycling\crossstandings.htm --> ftp.bigsky.net / crossstandings.htm
104.10.22 18:23 B C:\JEFF\MontanaCycling\index.htm --> ftp.bigsky.net / index.htm
104.10.22 18:23 B C:\JEFF\MontanaCycling\missoulacrossstandings.htm --> ftp.bigsky.net / missoulacrossstandings.htm
104.10.22 18:24 B C:\JEFF\MontanaCycling\resultsmissoulacrossfive.htm --> ftp.bigsky.net / resultsmissoulacrossfive.htm
104.10.22 18:24 B C:\JEFF\MontanaCycling\resultsmbracrossone.htm --> ftp.bigsky.net / resultsmbracrossone.htm
104.10.22 18:24 B C:\JEFF\MontanaCycling\resultsmissoulacrossfour.htm --> ftp.bigsky.net / resultsmissoulacrossfour.htm
104.10.22 18:24 B C:\JEFF\MontanaCycling\resultsmontanacross2.htm --> ftp.bigsky.net / resultsmontanacross2.htm
104.10.26 10:17 B C:\JEFF\MontanaCycling\entrymbracrossfour.htm --> ftp.bigsky.net / entrymbracrossfour.htm
104.10.26 10:17 B C:\JEFF\MontanaCycling\index.htm --> ftp.bigsky.net / index.htm
104.10.27 10:32 B C:\JEFF\MontanaCycling\entrycrossstatechamps.htm --> ftp.bigsky.net / entrycrossstatechamps.htm
104.10.27 10:32 B C:\JEFF\MontanaCycling\entrymontanacrossfive.htm --> ftp.bigsky.net / entrymontanacrossfive.htm
104.10.27 10:33 B C:\JEFF\MontanaCycling\resultsmbracrossone.htm --> ftp.bigsky.net / resultsmbracrossone.htm
104.10.27 10:33 B C:\JEFF\MontanaCycling\index.htm --> ftp.bigsky.net / index.htm
104.11.02 08:28 B C:\JEFF\MontanaCycling\2004results.htm --> ftp.bigsky.net / 2004results.htm
104.11.02 08:29 B C:\JEFF\MontanaCycling\entryherronparkcross.htm --> ftp.bigsky.net / entryherronparkcross.htm
104.11.02 08:29 B C:\JEFF\MontanaCycling\index.htm --> ftp.bigsky.net / index.htm
104.11.02 08:29 B C:\JEFF\MontanaCycling\resultsmbracross3.htm --> ftp.bigsky.net / resultsmbracross3.htm
104.11.02 08:29 B C:\JEFF\MontanaCycling\resultsmbracross4.htm --> ftp.bigsky.net / resultsmbracross4.htm
104.11.02 08:29 B C:\JEFF\MontanaCycling\resultsmbracross5.htm --> ftp.bigsky.net / resultsmbracross5.htm
104.11.04 13:44 B C:\JEFF\MontanaCycling\crossstandings.htm --> ftp.bigsky.net / crossstandings.htm
104.11.04 13:44 B C:\JEFF\MontanaCycling\index.htm --> ftp.bigsky.net / index.htm
104.11.08 08:58 B C:\JEFF\MontanaCycling\2004results.htm --> ftp.bigsky.net / 2004results.htm
104.11.08 08:58 B C:\JEFF\MontanaCycling\index.htm --> ftp.bigsky.net / index.htm
104.11.08 08:58 B C:\JEFF\MontanaCycling\resultsMBRAcross6.htm --> ftp.bigsky.net / resultsMBRAcross6.htm
104.11.09 19:17 B C:\JEFF\MontanaCycling\index.htm --> ftp.bigsky.net / index.htm
104.11.09 19:18 B C:\JEFF\MontanaCycling\crossstandings.htm --> ftp.bigsky.net / crossstandings.htm
104.11.23 15:53 B C:\JEFF\MontanaCycling\2004results.htm --> ftp.bigsky.net / 2004results.htm
104.11.23 15:53 B C:\JEFF\MontanaCycling\crossstandings.htm --> ftp.bigsky.net / crossstandings.htm
104.11.23 15:53 B C:\JEFF\MontanaCycling\index.htm --> ftp.bigsky.net / index.htm
104.11.26 10:28 B C:\JEFF\MontanaCycling\index.htm --> ftp.bigsky.net / index.htm
104.11.26 10:30 B C:\JEFF\MontanaCycling\mbrameetingminutes2004.htm --> ftp.bigsky.net / mbrameetingminutes2004.htm
104.11.26 10:30 B C:\JEFF\MontanaCycling\index.htm --> ftp.bigsky.net / index.htm
104.12.06 15:57 B C:\JEFF\MontanaCycling\2004results.htm --> ftp.bigsky.net / 2004results.htm
104.12.06 15:57 B C:\JEFF\MontanaCycling\2004seriesstandings.htm --> ftp.bigsky.net / 2004seriesstandings.htm
104.12.06 15:58 B C:\JEFF\MontanaCycling\crossstandings.htm --> ftp.bigsky.net / crossstandings.htm
104.12.06 15:59 B C:\JEFF\MontanaCycling\index.htm --> ftp.bigsky.net / index.htm
104.12.06 15:59 B C:\JEFF\MontanaCycling\mbrameetingminutes2004.htm --> ftp.bigsky.net / mbrameetingminutes2004.htm
104.12.06 16:00 B C:\JEFF\MontanaCycling\mbrameetingminutes2004.htm --> ftp.bigsky.net / mbrameetingminutes2004.htm
104.12.06 16:01 B C:\JEFF\MontanaCycling\resultsmbracrosseight.htm --> ftp.bigsky.net / resultsmbracrosseight.htm
104.12.06 16:01 B C:\JEFF\MontanaCycling\MBRASubar CupPrizList2004.htm --> ftp.bigsky.net / MBRASubar CupPrizList2004.htm
104.12.06 16:02 B C:\JEFF\MontanaCycling\SubaruCupStandings04.htm --> ftp.bigsky.net / SubaruCupStandings04.htm
104.12.09 10:19 B C:\JEFF\MontanaCycling\2005calendar.htm --> ftp.bigsky.net / 2005calendar.htm
104.12.09 10:19 B C:\JEFF\MontanaCycling\calander2004.htm --> ftp.bigsky.net / calander2004.htm
104.12.09 10:19 B C:\JEFF\MontanaCycling\index.htm --> ftp.bigsky.net / index.htm
104.12.10 11:58 B C:\JEFF\MontanaCycling\2005calendar.htm --> ftp.bigsky.net / 2005calendar.htm
