100.01.17 17:45 B C:\JEFF\MTCYCLE\1999Archive\1999archiveindex.htm --> ftp.bigsky.net /1999Archive 1999archiveindex.htm
100.01.17 17:45 B C:\JEFF\MTCYCLE\1999Archive\98MTCUP.HTML --> ftp.bigsky.net /1999Archive 98MTCUP.HTML
100.01.17 17:45 B C:\JEFF\MTCYCLE\1999Archive\99Proctor.htm --> ftp.bigsky.net /1999Archive 99Proctor.htm
100.01.17 17:45 B C:\JEFF\MTCYCLE\1999Archive\99schedule.html --> ftp.bigsky.net /1999Archive 99schedule.html
100.01.17 17:45 B C:\JEFF\MTCYCLE\1999Archive\resultsbearmoth.htm --> ftp.bigsky.net /1999Archive resultsbearmoth.htm
100.01.17 17:45 B C:\JEFF\MTCYCLE\1999Archive\resultsbluemtnbike.htm --> ftp.bigsky.net /1999Archive resultsbluemtnbike.htm
100.01.17 17:45 B C:\JEFF\MTCYCLE\1999Archive\resultsdickblee.htm --> ftp.bigsky.net /1999Archive resultsdickblee.htm
100.01.17 17:45 B C:\JEFF\MTCYCLE\1999Archive\resultsfairfield.htm --> ftp.bigsky.net /1999Archive resultsfairfield.htm
100.01.17 17:45 B C:\JEFF\MTCYCLE\1999Archive\resultsfrozendirt.html --> ftp.bigsky.net /1999Archive resultsfrozendirt.html
100.01.17 17:45 B C:\JEFF\MTCYCLE\1999Archive\resultsHelenaCrit.htm --> ftp.bigsky.net /1999Archive resultsHelenaCrit.htm
100.01.17 17:45 B C:\JEFF\MTCYCLE\1999Archive\ResultsMDalyCrit.htm --> ftp.bigsky.net /1999Archive ResultsMDalyCrit.htm
100.01.17 17:45 B C:\JEFF\MTCYCLE\1999Archive\resultsmtdistrict.htm --> ftp.bigsky.net /1999Archive resultsmtdistrict.htm
100.01.17 17:45 B C:\JEFF\MTCYCLE\1999Archive\resultsporc1.htm --> ftp.bigsky.net /1999Archive resultsporc1.htm
100.01.17 17:45 B C:\JEFF\MTCYCLE\1999Archive\ResultsROUBAIX.htm --> ftp.bigsky.net /1999Archive ResultsROUBAIX.htm
100.01.17 17:46 B C:\JEFF\MTCYCLE\1999Archive\resultsTrekBarrR.htm --> ftp.bigsky.net /1999Archive resultsTrekBarrR.htm
100.01.17 17:46 B C:\JEFF\MTCYCLE\1999Archive\resultsWERKSMtb.htm --> ftp.bigsky.net /1999Archive resultsWERKSMtb.htm
100.01.17 18:06 B C:\JEFF\MTCYCLE\1999Archive\1999index.htm --> ftp.bigsky.net /1999Archive 1999index.htm
100.01.17 18:09 B C:\JEFF\MTCYCLE\1999Archive\1999index.htm --> ftp.bigsky.net / 1999index.htm
100.01.17 18:10 B C:\JEFF\MTCYCLE\1999Archive\99Proctor.htm --> ftp.bigsky.net / 99Proctor.htm
100.01.17 18:10 B C:\JEFF\MTCYCLE\1999Archive\1999index.htm --> ftp.bigsky.net /1999Archive 1999index.htm
100.01.17 18:13 B C:\JEFF\MTCYCLE\1999Archive\1999index.htm --> ftp.bigsky.net /1999Archive 1999index.htm
100.01.18 18:21 B C:\JEFF\MTCYCLE\1999Archive\1999index.htm --> ftp.bigsky.net / 1999index.htm
100.01.18 18:22 B C:\JEFF\MTCYCLE\1999Archive\1999index.htm --> ftp.bigsky.net /1999Archive 1999index.htm
100.01.18 18:25 B C:\JEFF\MTCYCLE\1999Archive\1999index.htm --> ftp.bigsky.net /1999Archive 1999index.htm
101.02.02 17:29 B C:\JEFF\MTCYCLE\1999Archive\1999index.htm --> ftp.bigsky.net /1999Archive 1999index.htm
101.02.02 17:30 B C:\JEFF\MTCYCLE\1999Archive\98MTCUP.HTML --> ftp.bigsky.net /1999Archive 98MTCUP.HTML
101.02.02 17:30 B C:\JEFF\MTCYCLE\1999Archive\99Proctor.htm --> ftp.bigsky.net /1999Archive 99Proctor.htm
101.02.02 17:30 B C:\JEFF\MTCYCLE\1999Archive\99schedule.html --> ftp.bigsky.net /1999Archive 99schedule.html
101.02.02 17:30 B C:\JEFF\MTCYCLE\1999Archive\resultsbearmoth.htm --> ftp.bigsky.net /1999Archive resultsbearmoth.htm
101.02.02 17:30 B C:\JEFF\MTCYCLE\1999Archive\resultsbluemtnbike.htm --> ftp.bigsky.net /1999Archive resultsbluemtnbike.htm
101.02.02 17:30 B C:\JEFF\MTCYCLE\1999Archive\resultsdickblee.htm --> ftp.bigsky.net /1999Archive resultsdickblee.htm
101.02.02 17:30 B C:\JEFF\MTCYCLE\1999Archive\resultsfairfield.htm --> ftp.bigsky.net /1999Archive resultsfairfield.htm
101.02.02 17:30 B C:\JEFF\MTCYCLE\1999Archive\resultsfrozendirt.html --> ftp.bigsky.net /1999Archive resultsfrozendirt.html
101.02.02 17:30 B C:\JEFF\MTCYCLE\1999Archive\resultsHelenaCrit.htm --> ftp.bigsky.net /1999Archive resultsHelenaCrit.htm
101.02.02 17:30 B C:\JEFF\MTCYCLE\1999Archive\ResultsMDalyCrit.htm --> ftp.bigsky.net /1999Archive ResultsMDalyCrit.htm
101.02.02 17:30 B C:\JEFF\MTCYCLE\1999Archive\resultsmtdistrict.htm --> ftp.bigsky.net /1999Archive resultsmtdistrict.htm
101.02.02 17:30 B C:\JEFF\MTCYCLE\1999Archive\resultsporc1.htm --> ftp.bigsky.net /1999Archive resultsporc1.htm
101.02.02 17:30 B C:\JEFF\MTCYCLE\1999Archive\ResultsROUBAIX.htm --> ftp.bigsky.net /1999Archive ResultsROUBAIX.htm
101.02.02 17:30 B C:\JEFF\MTCYCLE\1999Archive\resultsTrekBarrR.htm --> ftp.bigsky.net /1999Archive resultsTrekBarrR.htm
101.02.02 17:30 B C:\JEFF\MTCYCLE\1999Archive\resultsWERKSMtb.htm --> ftp.bigsky.net /1999Archive resultsWERKSMtb.htm
101.02.02 17:30 B C:\JEFF\MTCYCLE\1999Archive\WS_FTP.LOG --> ftp.bigsky.net /1999Archive WS_FTP.LOG
101.03.14 10:48 B C:\JEFF\MTCYCLE\1999Archive\1999index.htm --> ftp.bigsky.net /1999Archive 1999index.htm
101.03.14 10:48 B C:\JEFF\MTCYCLE\1999Archive\98MTCUP.HTML --> ftp.bigsky.net /1999Archive 98MTCUP.HTML
101.03.14 10:48 B C:\JEFF\MTCYCLE\1999Archive\99Proctor.htm --> ftp.bigsky.net /1999Archive 99Proctor.htm
101.03.14 10:48 B C:\JEFF\MTCYCLE\1999Archive\99schedule.html --> ftp.bigsky.net /1999Archive 99schedule.html
101.03.14 10:48 B C:\JEFF\MTCYCLE\1999Archive\resultsbearmoth.htm --> ftp.bigsky.net /1999Archive resultsbearmoth.htm
101.03.14 10:48 B C:\JEFF\MTCYCLE\1999Archive\resultsbluemtnbike.htm --> ftp.bigsky.net /1999Archive resultsbluemtnbike.htm
101.03.14 10:48 B C:\JEFF\MTCYCLE\1999Archive\resultsdickblee.htm --> ftp.bigsky.net /1999Archive resultsdickblee.htm
101.03.14 10:48 B C:\JEFF\MTCYCLE\1999Archive\resultsfairfield.htm --> ftp.bigsky.net /1999Archive resultsfairfield.htm
101.03.14 10:48 B C:\JEFF\MTCYCLE\1999Archive\resultsfrozendirt.html --> ftp.bigsky.net /1999Archive resultsfrozendirt.html
101.03.14 10:48 B C:\JEFF\MTCYCLE\1999Archive\resultsHelenaCrit.htm --> ftp.bigsky.net /1999Archive resultsHelenaCrit.htm
101.03.14 10:48 B C:\JEFF\MTCYCLE\1999Archive\ResultsMDalyCrit.htm --> ftp.bigsky.net /1999Archive ResultsMDalyCrit.htm
101.03.14 10:48 B C:\JEFF\MTCYCLE\1999Archive\resultsmtdistrict.htm --> ftp.bigsky.net /1999Archive resultsmtdistrict.htm
101.03.14 10:48 B C:\JEFF\MTCYCLE\1999Archive\resultsporc1.htm --> ftp.bigsky.net /1999Archive resultsporc1.htm
101.03.14 10:48 B C:\JEFF\MTCYCLE\1999Archive\ResultsROUBAIX.htm --> ftp.bigsky.net /1999Archive ResultsROUBAIX.htm
101.03.14 10:48 B C:\JEFF\MTCYCLE\1999Archive\resultsTrekBarrR.htm --> ftp.bigsky.net /1999Archive resultsTrekBarrR.htm
101.03.14 10:48 B C:\JEFF\MTCYCLE\1999Archive\resultsWERKSMtb.htm --> ftp.bigsky.net /1999Archive resultsWERKSMtb.htm
101.03.14 10:48 B C:\JEFF\MTCYCLE\1999Archive\WS_FTP.LOG --> ftp.bigsky.net /1999Archive WS_FTP.LOG
103.01.12 13:13 B C:\JEFF\2003webpage\1999Archive\1999index.htm --> ftp.bigsky.net /1999Archive 1999index.htm
103.01.12 13:13 B C:\JEFF\2003webpage\1999Archive\98MTCUP.HTML --> ftp.bigsky.net /1999Archive 98MTCUP.HTML
103.01.12 13:13 B C:\JEFF\2003webpage\1999Archive\99Proctor.htm --> ftp.bigsky.net /1999Archive 99Proctor.htm
103.01.12 13:13 B C:\JEFF\2003webpage\1999Archive\99schedule.html --> ftp.bigsky.net /1999Archive 99schedule.html
103.01.12 13:13 B C:\JEFF\2003webpage\1999Archive\resultsbearmoth.htm --> ftp.bigsky.net /1999Archive resultsbearmoth.htm
103.01.12 13:13 B C:\JEFF\2003webpage\1999Archive\resultsbluemtnbike.htm --> ftp.bigsky.net /1999Archive resultsbluemtnbike.htm
103.01.12 13:13 B C:\JEFF\2003webpage\1999Archive\resultsdickblee.htm --> ftp.bigsky.net /1999Archive resultsdickblee.htm
103.01.12 13:13 B C:\JEFF\2003webpage\1999Archive\resultsfairfield.htm --> ftp.bigsky.net /1999Archive resultsfairfield.htm
103.01.12 13:13 B C:\JEFF\2003webpage\1999Archive\resultsfrozendirt.html --> ftp.bigsky.net /1999Archive resultsfrozendirt.html
103.01.12 13:13 B C:\JEFF\2003webpage\1999Archive\resultsHelenaCrit.htm --> ftp.bigsky.net /1999Archive resultsHelenaCrit.htm
103.01.12 13:13 B C:\JEFF\2003webpage\1999Archive\ResultsMDalyCrit.htm --> ftp.bigsky.net /1999Archive ResultsMDalyCrit.htm
103.01.12 13:13 B C:\JEFF\2003webpage\1999Archive\resultsmtdistrict.htm --> ftp.bigsky.net /1999Archive resultsmtdistrict.htm
103.01.12 13:13 B C:\JEFF\2003webpage\1999Archive\resultsporc1.htm --> ftp.bigsky.net /1999Archive resultsporc1.htm
103.01.12 13:13 B C:\JEFF\2003webpage\1999Archive\ResultsROUBAIX.htm --> ftp.bigsky.net /1999Archive ResultsROUBAIX.htm
103.01.12 13:13 B C:\JEFF\2003webpage\1999Archive\resultsTrekBarrR.htm --> ftp.bigsky.net /1999Archive resultsTrekBarrR.htm
103.01.12 13:13 B C:\JEFF\2003webpage\1999Archive\resultsWERKSMtb.htm --> ftp.bigsky.net /1999Archive resultsWERKSMtb.htm
103.01.12 13:13 B C:\JEFF\2003webpage\1999Archive\WS_FTP.LOG --> ftp.bigsky.net /1999Archive WS_FTP.LOG
103.06.06 16:15 B C:\JEFF\MontanaCycling\1999Archive\1999index.htm --> ftp.bigsky.net /MontanaCycling/1999Archive 1999index.htm
103.06.06 16:15 B C:\JEFF\MontanaCycling\1999Archive\98MTCUP.HTML --> ftp.bigsky.net /MontanaCycling/1999Archive 98MTCUP.HTML
103.06.06 16:15 B C:\JEFF\MontanaCycling\1999Archive\99Proctor.htm --> ftp.bigsky.net /MontanaCycling/1999Archive 99Proctor.htm
103.06.06 16:16 B C:\JEFF\MontanaCycling\1999Archive\99schedule.html --> ftp.bigsky.net /MontanaCycling/1999Archive 99schedule.html
103.06.06 16:16 B C:\JEFF\MontanaCycling\1999Archive\resultsbearmoth.htm --> ftp.bigsky.net /MontanaCycling/1999Archive resultsbearmoth.htm
104.03.11 14:10 B C:\JEFF\MontanaCycling\1999Archive\1999index.htm --> ftp.bigsky.net /1999Archive 1999index.htm
104.03.11 14:10 B C:\JEFF\MontanaCycling\1999Archive\98MTCUP.HTML --> ftp.bigsky.net /1999Archive 98MTCUP.HTML
104.03.11 14:10 B C:\JEFF\MontanaCycling\1999Archive\99Proctor.htm --> ftp.bigsky.net /1999Archive 99Proctor.htm
104.03.11 14:10 B C:\JEFF\MontanaCycling\1999Archive\99schedule.html --> ftp.bigsky.net /1999Archive 99schedule.html
104.03.11 14:10 B C:\JEFF\MontanaCycling\1999Archive\resultsbearmoth.htm --> ftp.bigsky.net /1999Archive resultsbearmoth.htm
104.03.11 14:10 B C:\JEFF\MontanaCycling\1999Archive\resultsbluemtnbike.htm --> ftp.bigsky.net /1999Archive resultsbluemtnbike.htm
104.03.11 14:10 B C:\JEFF\MontanaCycling\1999Archive\resultsdickblee.htm --> ftp.bigsky.net /1999Archive resultsdickblee.htm
104.03.11 14:10 B C:\JEFF\MontanaCycling\1999Archive\resultsfairfield.htm --> ftp.bigsky.net /1999Archive resultsfairfield.htm
104.03.11 14:10 B C:\JEFF\MontanaCycling\1999Archive\resultsfrozendirt.html --> ftp.bigsky.net /1999Archive resultsfrozendirt.html
104.03.11 14:10 B C:\JEFF\MontanaCycling\1999Archive\resultsHelenaCrit.htm --> ftp.bigsky.net /1999Archive resultsHelenaCrit.htm
104.03.11 14:10 B C:\JEFF\MontanaCycling\1999Archive\ResultsMDalyCrit.htm --> ftp.bigsky.net /1999Archive ResultsMDalyCrit.htm
104.03.11 14:10 B C:\JEFF\MontanaCycling\1999Archive\resultsmtdistrict.htm --> ftp.bigsky.net /1999Archive resultsmtdistrict.htm
104.03.11 14:10 B C:\JEFF\MontanaCycling\1999Archive\resultsporc1.htm --> ftp.bigsky.net /1999Archive resultsporc1.htm
104.03.11 14:10 B C:\JEFF\MontanaCycling\1999Archive\ResultsROUBAIX.htm --> ftp.bigsky.net /1999Archive ResultsROUBAIX.htm
104.03.11 14:10 B C:\JEFF\MontanaCycling\1999Archive\resultsTrekBarrR.htm --> ftp.bigsky.net /1999Archive resultsTrekBarrR.htm
104.03.11 14:10 B C:\JEFF\MontanaCycling\1999Archive\resultsWERKSMtb.htm --> ftp.bigsky.net /1999Archive resultsWERKSMtb.htm
104.03.11 14:10 B C:\JEFF\MontanaCycling\1999Archive\WS_FTP.LOG --> ftp.bigsky.net /1999Archive WS_FTP.LOG
