101.02.02 17:39 B C:\JEFF\MTCYCLE\2000Archive\2000results.htm --> ftp.bigsky.net /2000Archive 2000results.htm
101.02.02 17:39 B C:\JEFF\MTCYCLE\2000Archive\2000schedule.htm --> ftp.bigsky.net /2000Archive 2000schedule.htm
101.02.02 17:39 B C:\JEFF\MTCYCLE\2000Archive\finalcrossstandings.htm --> ftp.bigsky.net /2000Archive finalcrossstandings.htm
101.02.02 17:39 B C:\JEFF\MTCYCLE\2000Archive\results Butler Creek Circuit Race.htm --> ftp.bigsky.net /2000Archive results Butler Creek Circuit Race.htm
101.02.02 17:39 B C:\JEFF\MTCYCLE\2000Archive\results marshall mountain dual.htm --> ftp.bigsky.net /2000Archive results marshall mountain dual.htm
101.02.02 17:39 B C:\JEFF\MTCYCLE\2000Archive\resultscross2.htm --> ftp.bigsky.net /2000Archive resultscross2.htm
101.02.02 17:39 B C:\JEFF\MTCYCLE\2000Archive\resultscross3.htm --> ftp.bigsky.net /2000Archive resultscross3.htm
101.02.02 17:39 B C:\JEFF\MTCYCLE\2000Archive\resultscross6.htm --> ftp.bigsky.net /2000Archive resultscross6.htm
101.02.02 17:39 B C:\JEFF\MTCYCLE\2000Archive\resultscross7.htm --> ftp.bigsky.net /2000Archive resultscross7.htm
101.02.02 17:39 B C:\JEFF\MTCYCLE\2000Archive\resultscrossherron.htm --> ftp.bigsky.net /2000Archive resultscrossherron.htm
101.02.02 17:39 B C:\JEFF\MTCYCLE\2000Archive\resultsdailycirc.htm --> ftp.bigsky.net /2000Archive resultsdailycirc.htm
101.02.02 17:39 B C:\JEFF\MTCYCLE\2000Archive\resultsdistrictch.htm --> ftp.bigsky.net /2000Archive resultsdistrictch.htm
101.02.02 17:39 B C:\JEFF\MTCYCLE\2000Archive\resultsfairfield.htm --> ftp.bigsky.net /2000Archive resultsfairfield.htm
101.02.02 17:39 B C:\JEFF\MTCYCLE\2000Archive\resultshelenacrit.htm --> ftp.bigsky.net /2000Archive resultshelenacrit.htm
101.02.02 17:40 B C:\JEFF\MTCYCLE\2000Archive\resultshellgate.htm --> ftp.bigsky.net /2000Archive resultshellgate.htm
101.02.02 17:40 B C:\JEFF\MTCYCLE\2000Archive\Resultslonepeakmtb.htm --> ftp.bigsky.net /2000Archive Resultslonepeakmtb.htm
101.02.02 17:40 B C:\JEFF\MTCYCLE\2000Archive\resultsmdaicrit.htm --> ftp.bigsky.net /2000Archive resultsmdaicrit.htm
101.02.02 17:40 B C:\JEFF\MTCYCLE\2000Archive\resultsmdaitt.htm --> ftp.bigsky.net /2000Archive resultsmdaitt.htm
101.02.02 17:40 B C:\JEFF\MTCYCLE\2000Archive\RESULTSmissoulatraining1.htm --> ftp.bigsky.net /2000Archive RESULTSmissoulatraining1.htm
101.02.02 17:40 B C:\JEFF\MTCYCLE\2000Archive\resultsmissoulatrainingthree.htm --> ftp.bigsky.net /2000Archive resultsmissoulatrainingthree.htm
101.02.02 17:40 B C:\JEFF\MTCYCLE\2000Archive\resultsmslatrain4.htm --> ftp.bigsky.net /2000Archive resultsmslatrain4.htm
101.02.02 17:40 B C:\JEFF\MTCYCLE\2000Archive\resultsmtcross1.htm --> ftp.bigsky.net /2000Archive resultsmtcross1.htm
101.02.02 17:40 B C:\JEFF\MTCYCLE\2000Archive\Resultsmtcross6.htm --> ftp.bigsky.net /2000Archive Resultsmtcross6.htm
101.02.02 17:40 B C:\JEFF\MTCYCLE\2000Archive\Resultsrmroubaix.htm --> ftp.bigsky.net /2000Archive Resultsrmroubaix.htm
101.02.02 17:40 B C:\JEFF\MTCYCLE\2000Archive\resultstrekbarrrr.htm --> ftp.bigsky.net /2000Archive resultstrekbarrrr.htm
101.03.14 10:59 B C:\JEFF\MTCYCLE\2000Archive\2000results.htm --> ftp.bigsky.net /2000Archive 2000results.htm
101.03.14 10:59 B C:\JEFF\MTCYCLE\2000Archive\2000schedule.htm --> ftp.bigsky.net /2000Archive 2000schedule.htm
101.03.14 10:59 B C:\JEFF\MTCYCLE\2000Archive\finalcrossstandings.htm --> ftp.bigsky.net /2000Archive finalcrossstandings.htm
101.03.14 10:59 B C:\JEFF\MTCYCLE\2000Archive\results Butler Creek Circuit Race.htm --> ftp.bigsky.net /2000Archive results Butler Creek Circuit Race.htm
101.03.14 10:59 B C:\JEFF\MTCYCLE\2000Archive\results marshall mountain dual.htm --> ftp.bigsky.net /2000Archive results marshall mountain dual.htm
101.03.14 10:59 B C:\JEFF\MTCYCLE\2000Archive\resultscross2.htm --> ftp.bigsky.net /2000Archive resultscross2.htm
101.03.14 10:59 B C:\JEFF\MTCYCLE\2000Archive\resultscross3.htm --> ftp.bigsky.net /2000Archive resultscross3.htm
101.03.14 11:00 B C:\JEFF\MTCYCLE\2000Archive\resultscross6.htm --> ftp.bigsky.net /2000Archive resultscross6.htm
101.03.14 11:00 B C:\JEFF\MTCYCLE\2000Archive\resultscross7.htm --> ftp.bigsky.net /2000Archive resultscross7.htm
101.03.14 11:00 B C:\JEFF\MTCYCLE\2000Archive\resultscrossherron.htm --> ftp.bigsky.net /2000Archive resultscrossherron.htm
101.03.14 11:00 B C:\JEFF\MTCYCLE\2000Archive\resultsdailycirc.htm --> ftp.bigsky.net /2000Archive resultsdailycirc.htm
101.03.14 11:00 B C:\JEFF\MTCYCLE\2000Archive\resultsdistrictch.htm --> ftp.bigsky.net /2000Archive resultsdistrictch.htm
101.03.14 11:00 B C:\JEFF\MTCYCLE\2000Archive\resultsfairfield.htm --> ftp.bigsky.net /2000Archive resultsfairfield.htm
101.03.14 11:00 B C:\JEFF\MTCYCLE\2000Archive\resultshelenacrit.htm --> ftp.bigsky.net /2000Archive resultshelenacrit.htm
101.03.14 11:00 B C:\JEFF\MTCYCLE\2000Archive\resultshellgate.htm --> ftp.bigsky.net /2000Archive resultshellgate.htm
101.03.14 11:00 B C:\JEFF\MTCYCLE\2000Archive\Resultslonepeakmtb.htm --> ftp.bigsky.net /2000Archive Resultslonepeakmtb.htm
101.03.14 11:00 B C:\JEFF\MTCYCLE\2000Archive\resultsmdaicrit.htm --> ftp.bigsky.net /2000Archive resultsmdaicrit.htm
101.03.14 11:00 B C:\JEFF\MTCYCLE\2000Archive\resultsmdaitt.htm --> ftp.bigsky.net /2000Archive resultsmdaitt.htm
101.03.14 11:00 B C:\JEFF\MTCYCLE\2000Archive\RESULTSmissoulatraining1.htm --> ftp.bigsky.net /2000Archive RESULTSmissoulatraining1.htm
101.03.14 11:00 B C:\JEFF\MTCYCLE\2000Archive\resultsmissoulatrainingthree.htm --> ftp.bigsky.net /2000Archive resultsmissoulatrainingthree.htm
101.03.14 11:00 B C:\JEFF\MTCYCLE\2000Archive\resultsmslatrain4.htm --> ftp.bigsky.net /2000Archive resultsmslatrain4.htm
101.03.14 11:00 B C:\JEFF\MTCYCLE\2000Archive\resultsmtcross1.htm --> ftp.bigsky.net /2000Archive resultsmtcross1.htm
101.03.14 11:00 B C:\JEFF\MTCYCLE\2000Archive\Resultsmtcross6.htm --> ftp.bigsky.net /2000Archive Resultsmtcross6.htm
101.03.14 11:00 B C:\JEFF\MTCYCLE\2000Archive\Resultsrmroubaix.htm --> ftp.bigsky.net /2000Archive Resultsrmroubaix.htm
101.03.14 11:00 B C:\JEFF\MTCYCLE\2000Archive\resultstrekbarrrr.htm --> ftp.bigsky.net /2000Archive resultstrekbarrrr.htm
101.03.14 11:00 B C:\JEFF\MTCYCLE\2000Archive\WS_FTP.LOG --> ftp.bigsky.net /2000Archive WS_FTP.LOG
103.01.12 13:21 B C:\JEFF\2003webpage\2000Archive\2000results.htm --> ftp.bigsky.net /2000Archive 2000results.htm
103.01.12 13:21 B C:\JEFF\2003webpage\2000Archive\2000schedule.htm --> ftp.bigsky.net /2000Archive 2000schedule.htm
103.01.12 13:21 B C:\JEFF\2003webpage\2000Archive\finalcrossstandings.htm --> ftp.bigsky.net /2000Archive finalcrossstandings.htm
103.01.12 13:21 B C:\JEFF\2003webpage\2000Archive\results Butler Creek Circuit Race.htm --> ftp.bigsky.net /2000Archive results Butler Creek Circuit Race.htm
103.01.12 13:21 B C:\JEFF\2003webpage\2000Archive\results marshall mountain dual.htm --> ftp.bigsky.net /2000Archive results marshall mountain dual.htm
103.01.12 13:21 B C:\JEFF\2003webpage\2000Archive\resultscross2.htm --> ftp.bigsky.net /2000Archive resultscross2.htm
103.01.12 13:21 B C:\JEFF\2003webpage\2000Archive\resultscross3.htm --> ftp.bigsky.net /2000Archive resultscross3.htm
103.01.12 13:21 B C:\JEFF\2003webpage\2000Archive\resultscross6.htm --> ftp.bigsky.net /2000Archive resultscross6.htm
103.01.12 13:21 B C:\JEFF\2003webpage\2000Archive\resultscross7.htm --> ftp.bigsky.net /2000Archive resultscross7.htm
103.01.12 13:21 B C:\JEFF\2003webpage\2000Archive\resultscrossherron.htm --> ftp.bigsky.net /2000Archive resultscrossherron.htm
103.01.12 13:21 B C:\JEFF\2003webpage\2000Archive\resultsdailycirc.htm --> ftp.bigsky.net /2000Archive resultsdailycirc.htm
103.01.12 13:21 B C:\JEFF\2003webpage\2000Archive\resultsdistrictch.htm --> ftp.bigsky.net /2000Archive resultsdistrictch.htm
103.01.12 13:21 B C:\JEFF\2003webpage\2000Archive\resultsfairfield.htm --> ftp.bigsky.net /2000Archive resultsfairfield.htm
103.01.12 13:21 B C:\JEFF\2003webpage\2000Archive\resultshelenacrit.htm --> ftp.bigsky.net /2000Archive resultshelenacrit.htm
103.01.12 13:21 B C:\JEFF\2003webpage\2000Archive\resultshellgate.htm --> ftp.bigsky.net /2000Archive resultshellgate.htm
103.01.12 13:21 B C:\JEFF\2003webpage\2000Archive\Resultslonepeakmtb.htm --> ftp.bigsky.net /2000Archive Resultslonepeakmtb.htm
103.01.12 13:21 B C:\JEFF\2003webpage\2000Archive\resultsmdaicrit.htm --> ftp.bigsky.net /2000Archive resultsmdaicrit.htm
103.01.12 13:21 B C:\JEFF\2003webpage\2000Archive\resultsmdaitt.htm --> ftp.bigsky.net /2000Archive resultsmdaitt.htm
103.01.12 13:21 B C:\JEFF\2003webpage\2000Archive\RESULTSmissoulatraining1.htm --> ftp.bigsky.net /2000Archive RESULTSmissoulatraining1.htm
103.01.12 13:21 B C:\JEFF\2003webpage\2000Archive\resultsmissoulatrainingthree.htm --> ftp.bigsky.net /2000Archive resultsmissoulatrainingthree.htm
103.01.12 13:21 B C:\JEFF\2003webpage\2000Archive\resultsmslatrain4.htm --> ftp.bigsky.net /2000Archive resultsmslatrain4.htm
103.01.12 13:21 B C:\JEFF\2003webpage\2000Archive\resultsmtcross1.htm --> ftp.bigsky.net /2000Archive resultsmtcross1.htm
103.01.12 13:21 B C:\JEFF\2003webpage\2000Archive\Resultsmtcross6.htm --> ftp.bigsky.net /2000Archive Resultsmtcross6.htm
103.01.12 13:21 B C:\JEFF\2003webpage\2000Archive\Resultsrmroubaix.htm --> ftp.bigsky.net /2000Archive Resultsrmroubaix.htm
103.01.12 13:21 B C:\JEFF\2003webpage\2000Archive\resultstrekbarrrr.htm --> ftp.bigsky.net /2000Archive resultstrekbarrrr.htm
103.01.12 13:21 B C:\JEFF\2003webpage\2000Archive\WS_FTP.LOG --> ftp.bigsky.net /2000Archive WS_FTP.LOG
104.03.11 14:12 B C:\JEFF\MontanaCycling\2000Archive\2000results.htm --> ftp.bigsky.net /2000Archive 2000results.htm
104.03.11 14:12 B C:\JEFF\MontanaCycling\2000Archive\2000schedule.htm --> ftp.bigsky.net /2000Archive 2000schedule.htm
104.03.11 14:12 B C:\JEFF\MontanaCycling\2000Archive\finalcrossstandings.htm --> ftp.bigsky.net /2000Archive finalcrossstandings.htm
104.03.11 14:12 B C:\JEFF\MontanaCycling\2000Archive\results Butler Creek Circuit Race.htm --> ftp.bigsky.net /2000Archive results Butler Creek Circuit Race.htm
104.03.11 14:12 B C:\JEFF\MontanaCycling\2000Archive\results marshall mountain dual.htm --> ftp.bigsky.net /2000Archive results marshall mountain dual.htm
104.03.11 14:12 B C:\JEFF\MontanaCycling\2000Archive\resultscross2.htm --> ftp.bigsky.net /2000Archive resultscross2.htm
104.03.11 14:12 B C:\JEFF\MontanaCycling\2000Archive\resultscross3.htm --> ftp.bigsky.net /2000Archive resultscross3.htm
104.03.11 14:12 B C:\JEFF\MontanaCycling\2000Archive\resultscross6.htm --> ftp.bigsky.net /2000Archive resultscross6.htm
104.03.11 14:12 B C:\JEFF\MontanaCycling\2000Archive\resultscross7.htm --> ftp.bigsky.net /2000Archive resultscross7.htm
104.03.11 14:12 B C:\JEFF\MontanaCycling\2000Archive\resultscrossherron.htm --> ftp.bigsky.net /2000Archive resultscrossherron.htm
104.03.11 14:12 B C:\JEFF\MontanaCycling\2000Archive\resultsdailycirc.htm --> ftp.bigsky.net /2000Archive resultsdailycirc.htm
104.03.11 14:12 B C:\JEFF\MontanaCycling\2000Archive\resultsdistrictch.htm --> ftp.bigsky.net /2000Archive resultsdistrictch.htm
104.03.11 14:12 B C:\JEFF\MontanaCycling\2000Archive\resultsfairfield.htm --> ftp.bigsky.net /2000Archive resultsfairfield.htm
104.03.11 14:12 B C:\JEFF\MontanaCycling\2000Archive\resultshelenacrit.htm --> ftp.bigsky.net /2000Archive resultshelenacrit.htm
104.03.11 14:12 B C:\JEFF\MontanaCycling\2000Archive\resultshellgate.htm --> ftp.bigsky.net /2000Archive resultshellgate.htm
104.03.11 14:12 B C:\JEFF\MontanaCycling\2000Archive\Resultslonepeakmtb.htm --> ftp.bigsky.net /2000Archive Resultslonepeakmtb.htm
104.03.11 14:12 B C:\JEFF\MontanaCycling\2000Archive\resultsmdaicrit.htm --> ftp.bigsky.net /2000Archive resultsmdaicrit.htm
104.03.11 14:12 B C:\JEFF\MontanaCycling\2000Archive\resultsmdaitt.htm --> ftp.bigsky.net /2000Archive resultsmdaitt.htm
104.03.11 14:12 B C:\JEFF\MontanaCycling\2000Archive\RESULTSmissoulatraining1.htm --> ftp.bigsky.net /2000Archive RESULTSmissoulatraining1.htm
104.03.11 14:12 B C:\JEFF\MontanaCycling\2000Archive\resultsmissoulatrainingthree.htm --> ftp.bigsky.net /2000Archive resultsmissoulatrainingthree.htm
104.03.11 14:12 B C:\JEFF\MontanaCycling\2000Archive\resultsmslatrain4.htm --> ftp.bigsky.net /2000Archive resultsmslatrain4.htm
104.03.11 14:12 B C:\JEFF\MontanaCycling\2000Archive\resultsmtcross1.htm --> ftp.bigsky.net /2000Archive resultsmtcross1.htm
104.03.11 14:12 B C:\JEFF\MontanaCycling\2000Archive\Resultsmtcross6.htm --> ftp.bigsky.net /2000Archive Resultsmtcross6.htm
104.03.11 14:13 B C:\JEFF\MontanaCycling\2000Archive\Resultsrmroubaix.htm --> ftp.bigsky.net /2000Archive Resultsrmroubaix.htm
104.03.11 14:13 B C:\JEFF\MontanaCycling\2000Archive\resultstrekbarrrr.htm --> ftp.bigsky.net /2000Archive resultstrekbarrrr.htm
104.03.11 14:13 B C:\JEFF\MontanaCycling\2000Archive\WS_FTP.LOG --> ftp.bigsky.net /2000Archive WS_FTP.LOG
