103.08.05 11:16 B C:\JEFF\MontanaCycling\mtcupstandings_files\filelist.xml --> ftp.bigsky.net /mtcupstandings_files filelist.xml
103.08.05 11:16 B C:\JEFF\MontanaCycling\mtcupstandings_files\sheet001.htm --> ftp.bigsky.net /mtcupstandings_files sheet001.htm
103.08.05 11:16 B C:\JEFF\MontanaCycling\mtcupstandings_files\sheet002.htm --> ftp.bigsky.net /mtcupstandings_files sheet002.htm
103.08.05 11:16 B C:\JEFF\MontanaCycling\mtcupstandings_files\sheet003.htm --> ftp.bigsky.net /mtcupstandings_files sheet003.htm
103.08.05 11:16 B C:\JEFF\MontanaCycling\mtcupstandings_files\stylesheet.css --> ftp.bigsky.net /mtcupstandings_files stylesheet.css
103.08.05 11:16 B C:\JEFF\MontanaCycling\mtcupstandings_files\tabstrip.htm --> ftp.bigsky.net /mtcupstandings_files tabstrip.htm
103.09.08 09:53 B C:\JEFF\MontanaCycling\mtcupstandings_files\filelist.xml --> ftp.bigsky.net /mtcupstandings_files filelist.xml
103.09.08 09:54 B C:\JEFF\MontanaCycling\mtcupstandings_files\sheet001.htm --> ftp.bigsky.net /mtcupstandings_files sheet001.htm
103.09.08 09:54 B C:\JEFF\MontanaCycling\mtcupstandings_files\sheet002.htm --> ftp.bigsky.net /mtcupstandings_files sheet002.htm
103.09.08 09:54 B C:\JEFF\MontanaCycling\mtcupstandings_files\stylesheet.css --> ftp.bigsky.net /mtcupstandings_files stylesheet.css
103.09.08 09:54 B C:\JEFF\MontanaCycling\mtcupstandings_files\tabstrip.htm --> ftp.bigsky.net /mtcupstandings_files tabstrip.htm
103.09.08 09:54 B C:\JEFF\MontanaCycling\mtcupstandings_files\WS_FTP.LOG --> ftp.bigsky.net /mtcupstandings_files WS_FTP.LOG
104.03.08 09:51 B C:\JEFF\MontanaCycling\2003Archive\mtcupstandings_files\filelist.xml --> ftp.bigsky.net /2003Archive/mtcupstandings_files filelist.xml
104.03.08 09:51 B C:\JEFF\MontanaCycling\2003Archive\mtcupstandings_files\sheet001.htm --> ftp.bigsky.net /2003Archive/mtcupstandings_files sheet001.htm
104.03.08 09:51 B C:\JEFF\MontanaCycling\2003Archive\mtcupstandings_files\sheet002.htm --> ftp.bigsky.net /2003Archive/mtcupstandings_files sheet002.htm
104.03.08 09:51 B C:\JEFF\MontanaCycling\2003Archive\mtcupstandings_files\stylesheet.css --> ftp.bigsky.net /2003Archive/mtcupstandings_files stylesheet.css
104.03.08 09:51 B C:\JEFF\MontanaCycling\2003Archive\mtcupstandings_files\tabstrip.htm --> ftp.bigsky.net /2003Archive/mtcupstandings_files tabstrip.htm
104.03.08 09:51 B C:\JEFF\MontanaCycling\2003Archive\mtcupstandings_files\WS_FTP.LOG --> ftp.bigsky.net /2003Archive/mtcupstandings_files WS_FTP.LOG
104.03.11 14:22 B C:\JEFF\MontanaCycling\2003Archive\mtcupstandings_files\filelist.xml --> ftp.bigsky.net /2003Archive/mtcupstandings_files filelist.xml
104.03.11 14:23 B C:\JEFF\MontanaCycling\2003Archive\mtcupstandings_files\sheet001.htm --> ftp.bigsky.net /2003Archive/mtcupstandings_files sheet001.htm
104.03.11 14:23 B C:\JEFF\MontanaCycling\2003Archive\mtcupstandings_files\sheet002.htm --> ftp.bigsky.net /2003Archive/mtcupstandings_files sheet002.htm
104.03.11 14:23 B C:\JEFF\MontanaCycling\2003Archive\mtcupstandings_files\stylesheet.css --> ftp.bigsky.net /2003Archive/mtcupstandings_files stylesheet.css
104.03.11 14:23 B C:\JEFF\MontanaCycling\2003Archive\mtcupstandings_files\tabstrip.htm --> ftp.bigsky.net /2003Archive/mtcupstandings_files tabstrip.htm
104.03.11 14:23 B C:\JEFF\MontanaCycling\2003Archive\mtcupstandings_files\WS_FTP.LOG --> ftp.bigsky.net /2003Archive/mtcupstandings_files WS_FTP.LOG
