103.01.12 13:35 B C:\JEFF\2003webpage\2002archive\2002archive.htm --> ftp.bigsky.net /2002archive 2002archive.htm
103.01.12 13:35 B C:\JEFF\2003webpage\2002archive\ENTRY2002roubaix.htm --> ftp.bigsky.net /2002archive ENTRY2002roubaix.htm
103.01.12 13:37 B C:\JEFF\2003webpage\2002archive\entrybattleridge --> ftp.bigsky.net /2002archive entrybattleridge
103.01.12 13:39 B C:\JEFF\2003webpage\2002archive\entrybozocross.pdf --> ftp.bigsky.net /2002archive entrybozocross.pdf
103.01.12 13:40 B C:\JEFF\2003webpage\2002archive\EntryButte.pdf --> ftp.bigsky.net /2002archive EntryButte.pdf
103.01.12 13:41 B C:\JEFF\2003webpage\2002archive\entrycowpiec.PDF --> ftp.bigsky.net /2002archive entrycowpiec.PDF
103.01.12 13:41 B C:\JEFF\2003webpage\2002archive\entrydistrictRR.pdf --> ftp.bigsky.net /2002archive entrydistrictRR.pdf
103.01.12 13:42 B C:\JEFF\2003webpage\2002archive\entryfairfield.htm --> ftp.bigsky.net /2002archive entryfairfield.htm
103.01.12 13:42 B C:\JEFF\2003webpage\2002archive\entryjedzilla1.htm --> ftp.bigsky.net /2002archive entryjedzilla1.htm
103.01.12 13:42 B C:\JEFF\2003webpage\2002archive\entrymarcusdaly.htm --> ftp.bigsky.net /2002archive entrymarcusdaly.htm
103.01.12 13:42 B C:\JEFF\2003webpage\2002archive\EntryMissoulatraining.htm --> ftp.bigsky.net /2002archive EntryMissoulatraining.htm
103.01.12 13:42 B C:\JEFF\2003webpage\2002archive\entrymtvrr.htm --> ftp.bigsky.net /2002archive entrymtvrr.htm
103.01.12 13:42 B C:\JEFF\2003webpage\2002archive\entrynorthdakota.htm --> ftp.bigsky.net /2002archive entrynorthdakota.htm
103.01.12 13:42 B C:\JEFF\2003webpage\2002archive\framedetailss.htm --> ftp.bigsky.net /2002archive framedetailss.htm
103.01.12 13:48 B C:\JEFF\2003webpage\2002archive\marcusdalyarticle.JPG --> ftp.bigsky.net /2002archive marcusdalyarticle.JPG
103.01.12 13:48 B C:\JEFF\2003webpage\2002archive\resultsbattleridge.htm --> ftp.bigsky.net /2002archive resultsbattleridge.htm
103.01.12 13:48 B C:\JEFF\2003webpage\2002archive\resultsbuttecrit.htm --> ftp.bigsky.net /2002archive resultsbuttecrit.htm
103.01.12 13:48 B C:\JEFF\2003webpage\2002archive\resultscowpie.htm --> ftp.bigsky.net /2002archive resultscowpie.htm
103.01.12 13:48 B C:\JEFF\2003webpage\2002archive\resultsfairfield.htm --> ftp.bigsky.net /2002archive resultsfairfield.htm
103.01.12 13:48 B C:\JEFF\2003webpage\2002archive\resultsjedzilla1cc-2.JPG --> ftp.bigsky.net /2002archive resultsjedzilla1cc-2.JPG
103.01.12 13:49 B C:\JEFF\2003webpage\2002archive\resultsjedzilla1cc.JPG --> ftp.bigsky.net /2002archive resultsjedzilla1cc.JPG
103.01.12 13:49 B C:\JEFF\2003webpage\2002archive\resultsJedzilla1dh.JPG --> ftp.bigsky.net /2002archive resultsJedzilla1dh.JPG
103.01.12 13:50 B C:\JEFF\2003webpage\2002archive\resultsjedzilla2cc.jpg --> ftp.bigsky.net /2002archive resultsjedzilla2cc.jpg
103.01.12 13:50 B C:\JEFF\2003webpage\2002archive\resultsjedzilla2dh.JPG --> ftp.bigsky.net /2002archive resultsjedzilla2dh.JPG
103.01.12 13:50 B C:\JEFF\2003webpage\2002archive\resultsmarcusdaly.htm --> ftp.bigsky.net /2002archive resultsmarcusdaly.htm
103.01.12 13:50 B C:\JEFF\2003webpage\2002archive\resultsmontanavelo.htm --> ftp.bigsky.net /2002archive resultsmontanavelo.htm
103.01.12 13:50 B C:\JEFF\2003webpage\2002archive\resultsmslatraining2.htm --> ftp.bigsky.net /2002archive resultsmslatraining2.htm
103.01.12 13:50 B C:\JEFF\2003webpage\2002archive\resultsmslatraining3.htm --> ftp.bigsky.net /2002archive resultsmslatraining3.htm
103.01.12 13:50 B C:\JEFF\2003webpage\2002archive\resultsrapelje.htm --> ftp.bigsky.net /2002archive resultsrapelje.htm
103.01.12 13:50 B C:\JEFF\2003webpage\2002archive\resultsredlodgemtb.htm --> ftp.bigsky.net /2002archive resultsredlodgemtb.htm
103.01.12 13:50 B C:\JEFF\2003webpage\2002archive\resultsroubaix.htm --> ftp.bigsky.net /2002archive resultsroubaix.htm
103.01.12 13:50 B C:\JEFF\2003webpage\2002archive\resultswerks.htm --> ftp.bigsky.net /2002archive resultswerks.htm
103.01.12 13:50 B C:\JEFF\2003webpage\2002archive\roadcupstandings.htm --> ftp.bigsky.net /2002archive roadcupstandings.htm
103.01.12 13:51 B C:\JEFF\2003webpage\2002archive\seriesstandings.htm --> ftp.bigsky.net /2002archive seriesstandings.htm
103.01.12 13:51 B C:\JEFF\2003webpage\2002archive\strongseriesmnt.htm --> ftp.bigsky.net /2002archive strongseriesmnt.htm
103.01.12 13:51 B C:\JEFF\2003webpage\2002archive\strongseriesroad.htm --> ftp.bigsky.net /2002archive strongseriesroad.htm
103.01.29 08:45 B C:\JEFF\MontanaCycling\2002archive\2002archive.htm --> ftp.bigsky.net /2002archive 2002archive.htm
103.01.29 08:45 B C:\JEFF\MontanaCycling\2002archive\bianchicrossseriesstandings.htm --> ftp.bigsky.net /2002archive bianchicrossseriesstandings.htm
103.01.29 08:45 B C:\JEFF\MontanaCycling\2002archive\CrossStandings.htm --> ftp.bigsky.net /2002archive CrossStandings.htm
103.01.29 08:45 B C:\JEFF\MontanaCycling\2002archive\ENTRY2002roubaix.htm --> ftp.bigsky.net /2002archive ENTRY2002roubaix.htm
103.01.29 08:47 B C:\JEFF\MontanaCycling\2002archive\entrybattleridge --> ftp.bigsky.net /2002archive entrybattleridge
103.01.29 08:49 B C:\JEFF\MontanaCycling\2002archive\entrybozocross.pdf --> ftp.bigsky.net /2002archive entrybozocross.pdf
103.01.29 08:50 B C:\JEFF\MontanaCycling\2002archive\EntryButte.pdf --> ftp.bigsky.net /2002archive EntryButte.pdf
103.01.29 08:50 B C:\JEFF\MontanaCycling\2002archive\entrycowpiec.PDF --> ftp.bigsky.net /2002archive entrycowpiec.PDF
103.01.29 08:50 B C:\JEFF\MontanaCycling\2002archive\entrycross7.htm --> ftp.bigsky.net /2002archive entrycross7.htm
103.01.29 08:51 B C:\JEFF\MontanaCycling\2002archive\entrydistrictRR.pdf --> ftp.bigsky.net /2002archive entrydistrictRR.pdf
103.01.29 08:51 B C:\JEFF\MontanaCycling\2002archive\entryfairfield.htm --> ftp.bigsky.net /2002archive entryfairfield.htm
103.01.29 08:51 B C:\JEFF\MontanaCycling\2002archive\entryjedzilla1.htm --> ftp.bigsky.net /2002archive entryjedzilla1.htm
103.01.29 08:51 B C:\JEFF\MontanaCycling\2002archive\entrymarcusdaly.htm --> ftp.bigsky.net /2002archive entrymarcusdaly.htm
103.01.29 08:51 B C:\JEFF\MontanaCycling\2002archive\EntryMissoulatraining.htm --> ftp.bigsky.net /2002archive EntryMissoulatraining.htm
103.01.29 08:51 B C:\JEFF\MontanaCycling\2002archive\entrymtvrr.htm --> ftp.bigsky.net /2002archive entrymtvrr.htm
103.01.29 08:51 B C:\JEFF\MontanaCycling\2002archive\entrynorthdakota.htm --> ftp.bigsky.net /2002archive entrynorthdakota.htm
103.01.29 08:51 B C:\JEFF\MontanaCycling\2002archive\framedetailss.htm --> ftp.bigsky.net /2002archive framedetailss.htm
103.01.29 08:58 B C:\JEFF\MontanaCycling\2002archive\marcusdalyarticle.JPG --> ftp.bigsky.net /2002archive marcusdalyarticle.JPG
103.01.29 08:58 B C:\JEFF\MontanaCycling\2002archive\resultsbattleridge.htm --> ftp.bigsky.net /2002archive resultsbattleridge.htm
103.01.29 08:58 B C:\JEFF\MontanaCycling\2002archive\resultsbuttecrit.htm --> ftp.bigsky.net /2002archive resultsbuttecrit.htm
103.01.29 08:58 B C:\JEFF\MontanaCycling\2002archive\resultscowpie.htm --> ftp.bigsky.net /2002archive resultscowpie.htm
103.01.29 08:58 B C:\JEFF\MontanaCycling\2002archive\resultscross6.htm --> ftp.bigsky.net /2002archive resultscross6.htm
103.01.29 08:58 B C:\JEFF\MontanaCycling\2002archive\resultscrossseven.htm --> ftp.bigsky.net /2002archive resultscrossseven.htm
103.01.29 08:58 B C:\JEFF\MontanaCycling\2002archive\resultscrossthree.htm --> ftp.bigsky.net /2002archive resultscrossthree.htm
103.01.29 08:58 B C:\JEFF\MontanaCycling\2002archive\resultsfairfield.htm --> ftp.bigsky.net /2002archive resultsfairfield.htm
103.01.29 08:58 B C:\JEFF\MontanaCycling\2002archive\resultsjedzilla1cc-2.JPG --> ftp.bigsky.net /2002archive resultsjedzilla1cc-2.JPG
103.01.29 08:58 B C:\JEFF\MontanaCycling\2002archive\resultsjedzilla1cc.JPG --> ftp.bigsky.net /2002archive resultsjedzilla1cc.JPG
103.01.29 08:59 B C:\JEFF\MontanaCycling\2002archive\resultsJedzilla1dh.JPG --> ftp.bigsky.net /2002archive resultsJedzilla1dh.JPG
103.01.29 08:59 B C:\JEFF\MontanaCycling\2002archive\resultsjedzilla2cc.jpg --> ftp.bigsky.net /2002archive resultsjedzilla2cc.jpg
103.01.29 09:00 B C:\JEFF\MontanaCycling\2002archive\resultsjedzilla2dh.JPG --> ftp.bigsky.net /2002archive resultsjedzilla2dh.JPG
103.01.29 09:00 B C:\JEFF\MontanaCycling\2002archive\resultsmarcusdaly.htm --> ftp.bigsky.net /2002archive resultsmarcusdaly.htm
103.01.29 09:00 B C:\JEFF\MontanaCycling\2002archive\resultsmontanavelo.htm --> ftp.bigsky.net /2002archive resultsmontanavelo.htm
103.01.29 09:00 B C:\JEFF\MontanaCycling\2002archive\resultsmslatraining2.htm --> ftp.bigsky.net /2002archive resultsmslatraining2.htm
103.01.29 09:00 B C:\JEFF\MontanaCycling\2002archive\resultsmslatraining3.htm --> ftp.bigsky.net /2002archive resultsmslatraining3.htm
103.01.29 09:00 B C:\JEFF\MontanaCycling\2002archive\resultsrapelje.htm --> ftp.bigsky.net /2002archive resultsrapelje.htm
103.01.29 09:00 B C:\JEFF\MontanaCycling\2002archive\resultsredlodgemtb.htm --> ftp.bigsky.net /2002archive resultsredlodgemtb.htm
103.01.29 09:00 B C:\JEFF\MontanaCycling\2002archive\resultsroubaix.htm --> ftp.bigsky.net /2002archive resultsroubaix.htm
103.01.29 09:00 B C:\JEFF\MontanaCycling\2002archive\resultswerks.htm --> ftp.bigsky.net /2002archive resultswerks.htm
103.01.29 09:00 B C:\JEFF\MontanaCycling\2002archive\roadcupstandings.htm --> ftp.bigsky.net /2002archive roadcupstandings.htm
103.01.29 09:00 B C:\JEFF\MontanaCycling\2002archive\seriesstandings.htm --> ftp.bigsky.net /2002archive seriesstandings.htm
103.01.29 09:00 B C:\JEFF\MontanaCycling\2002archive\strongseriesmnt.htm --> ftp.bigsky.net /2002archive strongseriesmnt.htm
103.01.29 09:00 B C:\JEFF\MontanaCycling\2002archive\strongseriesroad.htm --> ftp.bigsky.net /2002archive strongseriesroad.htm
103.01.29 09:00 B C:\JEFF\MontanaCycling\2002archive\WS_FTP.LOG --> ftp.bigsky.net /2002archive WS_FTP.LOG
104.03.11 14:16 B C:\JEFF\MontanaCycling\2002archive\2002archive.htm --> ftp.bigsky.net /2002archive 2002archive.htm
104.03.11 14:16 B C:\JEFF\MontanaCycling\2002archive\bianchicrossseriesstandings.htm --> ftp.bigsky.net /2002archive bianchicrossseriesstandings.htm
104.03.11 14:16 B C:\JEFF\MontanaCycling\2002archive\CrossStandings.htm --> ftp.bigsky.net /2002archive CrossStandings.htm
104.03.11 14:16 B C:\JEFF\MontanaCycling\2002archive\ENTRY2002roubaix.htm --> ftp.bigsky.net /2002archive ENTRY2002roubaix.htm
104.03.11 14:17 B C:\JEFF\MontanaCycling\2002archive\entrybattleridge --> ftp.bigsky.net /2002archive entrybattleridge
104.03.11 14:17 B C:\JEFF\MontanaCycling\2002archive\entrybozocross.pdf --> ftp.bigsky.net /2002archive entrybozocross.pdf
104.03.11 14:17 B C:\JEFF\MontanaCycling\2002archive\EntryButte.pdf --> ftp.bigsky.net /2002archive EntryButte.pdf
104.03.11 14:17 B C:\JEFF\MontanaCycling\2002archive\entrycowpiec.PDF --> ftp.bigsky.net /2002archive entrycowpiec.PDF
104.03.11 14:17 B C:\JEFF\MontanaCycling\2002archive\entrycross7.htm --> ftp.bigsky.net /2002archive entrycross7.htm
104.03.11 14:17 B C:\JEFF\MontanaCycling\2002archive\entrydistrictRR.pdf --> ftp.bigsky.net /2002archive entrydistrictRR.pdf
104.03.11 14:17 B C:\JEFF\MontanaCycling\2002archive\entryfairfield.htm --> ftp.bigsky.net /2002archive entryfairfield.htm
104.03.11 14:17 B C:\JEFF\MontanaCycling\2002archive\entryjedzilla1.htm --> ftp.bigsky.net /2002archive entryjedzilla1.htm
104.03.11 14:17 B C:\JEFF\MontanaCycling\2002archive\entrymarcusdaly.htm --> ftp.bigsky.net /2002archive entrymarcusdaly.htm
104.03.11 14:17 B C:\JEFF\MontanaCycling\2002archive\EntryMissoulatraining.htm --> ftp.bigsky.net /2002archive EntryMissoulatraining.htm
104.03.11 14:17 B C:\JEFF\MontanaCycling\2002archive\entrymtvrr.htm --> ftp.bigsky.net /2002archive entrymtvrr.htm
104.03.11 14:17 B C:\JEFF\MontanaCycling\2002archive\entrynorthdakota.htm --> ftp.bigsky.net /2002archive entrynorthdakota.htm
104.03.11 14:18 B C:\JEFF\MontanaCycling\2002archive\framedetailss.htm --> ftp.bigsky.net /2002archive framedetailss.htm
104.03.11 14:19 B C:\JEFF\MontanaCycling\2002archive\marcusdalyarticle.JPG --> ftp.bigsky.net /2002archive marcusdalyarticle.JPG
104.03.11 14:19 B C:\JEFF\MontanaCycling\2002archive\resultsbattleridge.htm --> ftp.bigsky.net /2002archive resultsbattleridge.htm
104.03.11 14:19 B C:\JEFF\MontanaCycling\2002archive\resultsbuttecrit.htm --> ftp.bigsky.net /2002archive resultsbuttecrit.htm
104.03.11 14:19 B C:\JEFF\MontanaCycling\2002archive\resultscowpie.htm --> ftp.bigsky.net /2002archive resultscowpie.htm
104.03.11 14:19 B C:\JEFF\MontanaCycling\2002archive\resultscross6.htm --> ftp.bigsky.net /2002archive resultscross6.htm
104.03.11 14:19 B C:\JEFF\MontanaCycling\2002archive\resultscrossseven.htm --> ftp.bigsky.net /2002archive resultscrossseven.htm
104.03.11 14:19 B C:\JEFF\MontanaCycling\2002archive\resultscrossthree.htm --> ftp.bigsky.net /2002archive resultscrossthree.htm
104.03.11 14:19 B C:\JEFF\MontanaCycling\2002archive\resultsfairfield.htm --> ftp.bigsky.net /2002archive resultsfairfield.htm
104.03.11 14:19 B C:\JEFF\MontanaCycling\2002archive\resultsjedzilla1cc-2.JPG --> ftp.bigsky.net /2002archive resultsjedzilla1cc-2.JPG
104.03.11 14:19 B C:\JEFF\MontanaCycling\2002archive\resultsjedzilla1cc.JPG --> ftp.bigsky.net /2002archive resultsjedzilla1cc.JPG
104.03.11 14:19 B C:\JEFF\MontanaCycling\2002archive\resultsJedzilla1dh.JPG --> ftp.bigsky.net /2002archive resultsJedzilla1dh.JPG
104.03.11 14:19 B C:\JEFF\MontanaCycling\2002archive\resultsjedzilla2cc.jpg --> ftp.bigsky.net /2002archive resultsjedzilla2cc.jpg
104.03.11 14:19 B C:\JEFF\MontanaCycling\2002archive\resultsjedzilla2dh.JPG --> ftp.bigsky.net /2002archive resultsjedzilla2dh.JPG
104.03.11 14:19 B C:\JEFF\MontanaCycling\2002archive\resultsmarcusdaly.htm --> ftp.bigsky.net /2002archive resultsmarcusdaly.htm
104.03.11 14:19 B C:\JEFF\MontanaCycling\2002archive\resultsmontanavelo.htm --> ftp.bigsky.net /2002archive resultsmontanavelo.htm
104.03.11 14:19 B C:\JEFF\MontanaCycling\2002archive\resultsmslatraining2.htm --> ftp.bigsky.net /2002archive resultsmslatraining2.htm
104.03.11 14:19 B C:\JEFF\MontanaCycling\2002archive\resultsmslatraining3.htm --> ftp.bigsky.net /2002archive resultsmslatraining3.htm
104.03.11 14:19 B C:\JEFF\MontanaCycling\2002archive\resultsrapelje.htm --> ftp.bigsky.net /2002archive resultsrapelje.htm
104.03.11 14:19 B C:\JEFF\MontanaCycling\2002archive\resultsredlodgemtb.htm --> ftp.bigsky.net /2002archive resultsredlodgemtb.htm
104.03.11 14:19 B C:\JEFF\MontanaCycling\2002archive\resultsroubaix.htm --> ftp.bigsky.net /2002archive resultsroubaix.htm
104.03.11 14:19 B C:\JEFF\MontanaCycling\2002archive\resultswerks.htm --> ftp.bigsky.net /2002archive resultswerks.htm
104.03.11 14:20 B C:\JEFF\MontanaCycling\2002archive\roadcupstandings.htm --> ftp.bigsky.net /2002archive roadcupstandings.htm
104.03.11 14:20 B C:\JEFF\MontanaCycling\2002archive\seriesstandings.htm --> ftp.bigsky.net /2002archive seriesstandings.htm
104.03.11 14:20 B C:\JEFF\MontanaCycling\2002archive\strongseriesmnt.htm --> ftp.bigsky.net /2002archive strongseriesmnt.htm
104.03.11 14:20 B C:\JEFF\MontanaCycling\2002archive\strongseriesroad.htm --> ftp.bigsky.net /2002archive strongseriesroad.htm
104.03.11 14:20 B C:\JEFF\MontanaCycling\2002archive\WS_FTP.LOG --> ftp.bigsky.net /2002archive WS_FTP.LOG
