103.02.13 07:50 B C:\JEFF\MontanaCycling\2003seriesstandings_files\filelist.xml --> ftp.bigsky.net /2003seriesstandings_files filelist.xml
103.02.13 07:51 B C:\JEFF\MontanaCycling\2003seriesstandings_files\image001.wmz --> ftp.bigsky.net /2003seriesstandings_files image001.wmz
103.02.13 07:51 B C:\JEFF\MontanaCycling\2003seriesstandings_files\image002.gif --> ftp.bigsky.net /2003seriesstandings_files image002.gif
103.02.13 07:52 B C:\JEFF\MontanaCycling\2003seriesstandings_files\image003.wmz --> ftp.bigsky.net /2003seriesstandings_files image003.wmz
103.02.13 07:53 B C:\JEFF\MontanaCycling\2003seriesstandings_files\image004.gif --> ftp.bigsky.net /2003seriesstandings_files image004.gif
103.02.13 07:55 B C:\JEFF\MontanaCycling\2003seriesstandings_files\oledata.mso --> ftp.bigsky.net /2003seriesstandings_files oledata.mso
103.11.25 15:29 B C:\JEFF\MontanaCycling\2003seriesstandings_files\filelist.xml --> ftp.bigsky.net /2003seriesstandings_files filelist.xml
103.11.25 15:29 B C:\JEFF\MontanaCycling\2003seriesstandings_files\image001.wmz --> ftp.bigsky.net /2003seriesstandings_files image001.wmz
103.11.25 15:29 B C:\JEFF\MontanaCycling\2003seriesstandings_files\image002.gif --> ftp.bigsky.net /2003seriesstandings_files image002.gif
103.11.25 15:30 B C:\JEFF\MontanaCycling\2003seriesstandings_files\image003.wmz --> ftp.bigsky.net /2003seriesstandings_files image003.wmz
103.11.25 15:30 B C:\JEFF\MontanaCycling\2003seriesstandings_files\image004.gif --> ftp.bigsky.net /2003seriesstandings_files image004.gif
103.11.25 15:30 B C:\JEFF\MontanaCycling\2003seriesstandings_files\image005.jpg --> ftp.bigsky.net /2003seriesstandings_files image005.jpg
103.11.25 15:30 B C:\JEFF\MontanaCycling\2003seriesstandings_files\image006.jpg --> ftp.bigsky.net /2003seriesstandings_files image006.jpg
103.11.25 15:30 B C:\JEFF\MontanaCycling\2003seriesstandings_files\oledata.mso --> ftp.bigsky.net /2003seriesstandings_files oledata.mso
103.11.25 15:30 B C:\JEFF\MontanaCycling\2003seriesstandings_files\WS_FTP.LOG --> ftp.bigsky.net /2003seriesstandings_files WS_FTP.LOG
104.08.03 11:00 B C:\JEFF\MontanaCycling\2003seriesstandings_files\filelist.xml --> ftp.bigsky.net /2003seriesstandings_files filelist.xml
104.08.03 11:00 B C:\JEFF\MontanaCycling\2003seriesstandings_files\image001.wmz --> ftp.bigsky.net /2003seriesstandings_files image001.wmz
104.08.03 11:00 B C:\JEFF\MontanaCycling\2003seriesstandings_files\image002.gif --> ftp.bigsky.net /2003seriesstandings_files image002.gif
104.08.03 11:00 B C:\JEFF\MontanaCycling\2003seriesstandings_files\image003.wmz --> ftp.bigsky.net /2003seriesstandings_files image003.wmz
104.08.03 11:00 B C:\JEFF\MontanaCycling\2003seriesstandings_files\image004.gif --> ftp.bigsky.net /2003seriesstandings_files image004.gif
104.08.03 11:00 B C:\JEFF\MontanaCycling\2003seriesstandings_files\image005.jpg --> ftp.bigsky.net /2003seriesstandings_files image005.jpg
104.08.03 11:00 B C:\JEFF\MontanaCycling\2003seriesstandings_files\image006.jpg --> ftp.bigsky.net /2003seriesstandings_files image006.jpg
104.08.03 11:00 B C:\JEFF\MontanaCycling\2003seriesstandings_files\oledata.mso --> ftp.bigsky.net /2003seriesstandings_files oledata.mso
104.08.03 11:00 B C:\JEFF\MontanaCycling\2003seriesstandings_files\WS_FTP.LOG --> ftp.bigsky.net /2003seriesstandings_files WS_FTP.LOG
