100.06.19 13:47 B C:\JEFF\MTCYCLE\helena\!crossro.gif --> ftp.bigsky.net /helena !crossro.gif
100.06.19 13:48 B C:\JEFF\MTCYCLE\helena\bagelb&w.gif --> ftp.bigsky.net /helena bagelb&w.gif
100.06.19 13:48 B C:\JEFF\MTCYCLE\helena\bidlogo.gif --> ftp.bigsky.net /helena bidlogo.gif
100.06.19 13:48 B C:\JEFF\MTCYCLE\helena\cycling.gif --> ftp.bigsky.net /helena cycling.gif
100.06.19 13:48 B C:\JEFF\MTCYCLE\helena\gdc.gif --> ftp.bigsky.net /helena gdc.gif
100.06.19 13:48 B C:\JEFF\MTCYCLE\helena\hacclogo.gif --> ftp.bigsky.net /helena hacclogo.gif
100.06.19 13:48 B C:\JEFF\MTCYCLE\helena\hp5fl0{image0}.gif --> ftp.bigsky.net /helena hp5fl0{image0}.gif
100.06.19 13:48 B C:\JEFF\MTCYCLE\helena\hp5fl0{image1}.gif --> ftp.bigsky.net /helena hp5fl0{image1}.gif
100.06.19 13:48 B C:\JEFF\MTCYCLE\helena\HP5FLY2.htm --> ftp.bigsky.net /helena HP5FLY2.htm
100.06.19 13:48 B C:\JEFF\MTCYCLE\helena\letter.gif --> ftp.bigsky.net /helena letter.gif
100.06.19 13:48 B C:\JEFF\MTCYCLE\helena\orthclin.gif --> ftp.bigsky.net /helena orthclin.gif
100.06.19 13:48 B C:\JEFF\MTCYCLE\helena\Revised Fact Sheet.htm --> ftp.bigsky.net /helena Revised Fact Sheet.htm
100.06.19 13:48 B C:\JEFF\MTCYCLE\helena\windbag.gif --> ftp.bigsky.net /helena windbag.gif
101.02.02 17:30 B C:\JEFF\MTCYCLE\2000Archive\oldpage\!crossro.gif --> ftp.bigsky.net /2000Archive/oldpage !crossro.gif
101.02.02 17:30 B C:\JEFF\MTCYCLE\2000Archive\oldpage\additionalcross.htm --> ftp.bigsky.net /2000Archive/oldpage additionalcross.htm
101.02.02 17:30 B C:\JEFF\MTCYCLE\2000Archive\oldpage\bagelb&w.gif --> ftp.bigsky.net /2000Archive/oldpage bagelb&w.gif
101.02.02 17:30 B C:\JEFF\MTCYCLE\2000Archive\oldpage\bidlogo.gif --> ftp.bigsky.net /2000Archive/oldpage bidlogo.gif
101.02.02 17:30 B C:\JEFF\MTCYCLE\2000Archive\oldpage\bozeman.htm --> ftp.bigsky.net /2000Archive/oldpage bozeman.htm
101.02.02 17:31 B C:\JEFF\MTCYCLE\2000Archive\oldpage\bwcritstart.jpg --> ftp.bigsky.net /2000Archive/oldpage bwcritstart.jpg
101.02.02 17:31 B C:\JEFF\MTCYCLE\2000Archive\oldpage\contact.htm --> ftp.bigsky.net /2000Archive/oldpage contact.htm
101.02.02 17:31 B C:\JEFF\MTCYCLE\2000Archive\oldpage\cycling.gif --> ftp.bigsky.net /2000Archive/oldpage cycling.gif
101.02.02 17:31 B C:\JEFF\MTCYCLE\2000Archive\oldpage\entry Dick Blee Memorial.htm --> ftp.bigsky.net /2000Archive/oldpage entry Dick Blee Memorial.htm
101.02.02 17:31 B C:\JEFF\MTCYCLE\2000Archive\oldpage\entry fairfield rrf.htm --> ftp.bigsky.net /2000Archive/oldpage entry fairfield rrf.htm
101.02.02 17:31 B C:\JEFF\MTCYCLE\2000Archive\oldpage\entry marshall mtn dual slalom.htm --> ftp.bigsky.net /2000Archive/oldpage entry marshall mtn dual slalom.htm
101.02.02 17:31 B C:\JEFF\MTCYCLE\2000Archive\oldpage\entry The Bike Shop on Grand.htm --> ftp.bigsky.net /2000Archive/oldpage entry The Bike Shop on Grand.htm
101.02.02 17:31 B C:\JEFF\MTCYCLE\2000Archive\oldpage\entry Trek Barr Tour of Frenchtown Road Race.htm --> ftp.bigsky.net /2000Archive/oldpage entry Trek Barr Tour of Frenchtown Road Race.htm
101.02.02 17:31 B C:\JEFF\MTCYCLE\2000Archive\oldpage\entryhelenacrit.htm --> ftp.bigsky.net /2000Archive/oldpage entryhelenacrit.htm
101.02.02 17:31 B C:\JEFF\MTCYCLE\2000Archive\oldpage\entryhellgate2000.htm --> ftp.bigsky.net /2000Archive/oldpage entryhellgate2000.htm
101.02.02 17:31 B C:\JEFF\MTCYCLE\2000Archive\oldpage\entrymslatrainingseries.htm --> ftp.bigsky.net /2000Archive/oldpage entrymslatrainingseries.htm
101.02.02 17:31 B C:\JEFF\MTCYCLE\2000Archive\oldpage\entrymtdistricts1.htm --> ftp.bigsky.net /2000Archive/oldpage entrymtdistricts1.htm
101.02.02 17:31 B C:\JEFF\MTCYCLE\2000Archive\oldpage\gdc.gif --> ftp.bigsky.net /2000Archive/oldpage gdc.gif
101.02.02 17:31 B C:\JEFF\MTCYCLE\2000Archive\oldpage\hacclogo.gif --> ftp.bigsky.net /2000Archive/oldpage hacclogo.gif
101.02.02 17:31 B C:\JEFF\MTCYCLE\2000Archive\oldpage\HELLGATERACESTORY.htm --> ftp.bigsky.net /2000Archive/oldpage HELLGATERACESTORY.htm
101.02.02 17:31 B C:\JEFF\MTCYCLE\2000Archive\oldpage\hp5fl0{image0}.gif --> ftp.bigsky.net /2000Archive/oldpage hp5fl0{image0}.gif
101.02.02 17:31 B C:\JEFF\MTCYCLE\2000Archive\oldpage\hp5fl0{image1}.gif --> ftp.bigsky.net /2000Archive/oldpage hp5fl0{image1}.gif
101.02.02 17:31 B C:\JEFF\MTCYCLE\2000Archive\oldpage\HP5FLY2.htm --> ftp.bigsky.net /2000Archive/oldpage HP5FLY2.htm
101.02.02 17:31 B C:\JEFF\MTCYCLE\2000Archive\oldpage\Image1.gif --> ftp.bigsky.net /2000Archive/oldpage Image1.gif
101.02.02 17:31 B C:\JEFF\MTCYCLE\2000Archive\oldpage\Image2.gif --> ftp.bigsky.net /2000Archive/oldpage Image2.gif
101.02.02 17:31 B C:\JEFF\MTCYCLE\2000Archive\oldpage\Image3.gif --> ftp.bigsky.net /2000Archive/oldpage Image3.gif
101.02.02 17:33 B C:\JEFF\MTCYCLE\2000Archive\oldpage\Image4.gif --> ftp.bigsky.net /2000Archive/oldpage Image4.gif
101.02.02 17:34 B C:\JEFF\MTCYCLE\2000Archive\oldpage\Image5.gif --> ftp.bigsky.net /2000Archive/oldpage Image5.gif
101.02.02 17:35 B C:\JEFF\MTCYCLE\2000Archive\oldpage\Image6.gif --> ftp.bigsky.net /2000Archive/oldpage Image6.gif
101.02.02 17:37 B C:\JEFF\MTCYCLE\2000Archive\oldpage\Image7.gif --> ftp.bigsky.net /2000Archive/oldpage Image7.gif
101.02.02 17:37 B C:\JEFF\MTCYCLE\2000Archive\oldpage\Image8.jpg --> ftp.bigsky.net /2000Archive/oldpage Image8.jpg
101.02.02 17:37 B C:\JEFF\MTCYCLE\2000Archive\oldpage\Image9.jpg --> ftp.bigsky.net /2000Archive/oldpage Image9.jpg
101.02.02 17:37 B C:\JEFF\MTCYCLE\2000Archive\oldpage\index.htm --> ftp.bigsky.net /2000Archive/oldpage index.htm
101.02.02 17:37 B C:\JEFF\MTCYCLE\2000Archive\oldpage\letter.gif --> ftp.bigsky.net /2000Archive/oldpage letter.gif
101.02.02 17:37 B C:\JEFF\MTCYCLE\2000Archive\oldpage\links.htm --> ftp.bigsky.net /2000Archive/oldpage links.htm
101.02.02 17:37 B C:\JEFF\MTCYCLE\2000Archive\oldpage\Missoula.htm --> ftp.bigsky.net /2000Archive/oldpage Missoula.htm
101.02.02 17:38 B C:\JEFF\MTCYCLE\2000Archive\oldpage\mt_cup.htm --> ftp.bigsky.net /2000Archive/oldpage mt_cup.htm
101.02.02 17:38 B C:\JEFF\MTCYCLE\2000Archive\oldpage\mt_cup1.htm --> ftp.bigsky.net /2000Archive/oldpage mt_cup1.htm
101.02.02 17:38 B C:\JEFF\MTCYCLE\2000Archive\oldpage\Note 2000 Bobcat Classic.htm --> ftp.bigsky.net /2000Archive/oldpage Note 2000 Bobcat Classic.htm
101.02.02 17:38 B C:\JEFF\MTCYCLE\2000Archive\oldpage\orthclin.gif --> ftp.bigsky.net /2000Archive/oldpage orthclin.gif
101.02.02 17:38 B C:\JEFF\MTCYCLE\2000Archive\oldpage\Resultslonepeakmtb.txt --> ftp.bigsky.net /2000Archive/oldpage Resultslonepeakmtb.txt
101.02.02 17:39 B C:\JEFF\MTCYCLE\2000Archive\oldpage\Revised Fact Sheet.htm --> ftp.bigsky.net /2000Archive/oldpage Revised Fact Sheet.htm
101.02.02 17:39 B C:\JEFF\MTCYCLE\2000Archive\oldpage\teams.htm --> ftp.bigsky.net /2000Archive/oldpage teams.htm
101.02.02 17:39 B C:\JEFF\MTCYCLE\2000Archive\oldpage\windbag.gif --> ftp.bigsky.net /2000Archive/oldpage windbag.gif
101.02.02 17:39 B C:\JEFF\MTCYCLE\2000Archive\oldpage\WS_FTP.LOG --> ftp.bigsky.net /2000Archive/oldpage WS_FTP.LOG
101.03.14 10:50 B C:\JEFF\MTCYCLE\2000Archive\oldpage\!crossro.gif --> ftp.bigsky.net /2000Archive/oldpage !crossro.gif
101.03.14 10:50 B C:\JEFF\MTCYCLE\2000Archive\oldpage\additionalcross.htm --> ftp.bigsky.net /2000Archive/oldpage additionalcross.htm
101.03.14 10:50 B C:\JEFF\MTCYCLE\2000Archive\oldpage\bagelb&w.gif --> ftp.bigsky.net /2000Archive/oldpage bagelb&w.gif
101.03.14 10:50 B C:\JEFF\MTCYCLE\2000Archive\oldpage\bidlogo.gif --> ftp.bigsky.net /2000Archive/oldpage bidlogo.gif
101.03.14 10:50 B C:\JEFF\MTCYCLE\2000Archive\oldpage\bozeman.htm --> ftp.bigsky.net /2000Archive/oldpage bozeman.htm
101.03.14 10:50 B C:\JEFF\MTCYCLE\2000Archive\oldpage\bwcritstart.jpg --> ftp.bigsky.net /2000Archive/oldpage bwcritstart.jpg
101.03.14 10:50 B C:\JEFF\MTCYCLE\2000Archive\oldpage\contact.htm --> ftp.bigsky.net /2000Archive/oldpage contact.htm
101.03.14 10:50 B C:\JEFF\MTCYCLE\2000Archive\oldpage\cycling.gif --> ftp.bigsky.net /2000Archive/oldpage cycling.gif
101.03.14 10:50 B C:\JEFF\MTCYCLE\2000Archive\oldpage\entry Dick Blee Memorial.htm --> ftp.bigsky.net /2000Archive/oldpage entry Dick Blee Memorial.htm
101.03.14 10:50 B C:\JEFF\MTCYCLE\2000Archive\oldpage\entry fairfield rrf.htm --> ftp.bigsky.net /2000Archive/oldpage entry fairfield rrf.htm
101.03.14 10:50 B C:\JEFF\MTCYCLE\2000Archive\oldpage\entry marshall mtn dual slalom.htm --> ftp.bigsky.net /2000Archive/oldpage entry marshall mtn dual slalom.htm
101.03.14 10:50 B C:\JEFF\MTCYCLE\2000Archive\oldpage\entry The Bike Shop on Grand.htm --> ftp.bigsky.net /2000Archive/oldpage entry The Bike Shop on Grand.htm
101.03.14 10:51 B C:\JEFF\MTCYCLE\2000Archive\oldpage\entry Trek Barr Tour of Frenchtown Road Race.htm --> ftp.bigsky.net /2000Archive/oldpage entry Trek Barr Tour of Frenchtown Road Race.htm
101.03.14 10:51 B C:\JEFF\MTCYCLE\2000Archive\oldpage\entryhelenacrit.htm --> ftp.bigsky.net /2000Archive/oldpage entryhelenacrit.htm
101.03.14 10:51 B C:\JEFF\MTCYCLE\2000Archive\oldpage\entryhellgate2000.htm --> ftp.bigsky.net /2000Archive/oldpage entryhellgate2000.htm
101.03.14 10:51 B C:\JEFF\MTCYCLE\2000Archive\oldpage\entrymslatrainingseries.htm --> ftp.bigsky.net /2000Archive/oldpage entrymslatrainingseries.htm
101.03.14 10:51 B C:\JEFF\MTCYCLE\2000Archive\oldpage\entrymtdistricts1.htm --> ftp.bigsky.net /2000Archive/oldpage entrymtdistricts1.htm
101.03.14 10:51 B C:\JEFF\MTCYCLE\2000Archive\oldpage\gdc.gif --> ftp.bigsky.net /2000Archive/oldpage gdc.gif
101.03.14 10:51 B C:\JEFF\MTCYCLE\2000Archive\oldpage\hacclogo.gif --> ftp.bigsky.net /2000Archive/oldpage hacclogo.gif
101.03.14 10:51 B C:\JEFF\MTCYCLE\2000Archive\oldpage\HELLGATERACESTORY.htm --> ftp.bigsky.net /2000Archive/oldpage HELLGATERACESTORY.htm
101.03.14 10:51 B C:\JEFF\MTCYCLE\2000Archive\oldpage\hp5fl0{image0}.gif --> ftp.bigsky.net /2000Archive/oldpage hp5fl0{image0}.gif
101.03.14 10:51 B C:\JEFF\MTCYCLE\2000Archive\oldpage\hp5fl0{image1}.gif --> ftp.bigsky.net /2000Archive/oldpage hp5fl0{image1}.gif
101.03.14 10:51 B C:\JEFF\MTCYCLE\2000Archive\oldpage\HP5FLY2.htm --> ftp.bigsky.net /2000Archive/oldpage HP5FLY2.htm
101.03.14 10:51 B C:\JEFF\MTCYCLE\2000Archive\oldpage\Image1.gif --> ftp.bigsky.net /2000Archive/oldpage Image1.gif
101.03.14 10:51 B C:\JEFF\MTCYCLE\2000Archive\oldpage\Image2.gif --> ftp.bigsky.net /2000Archive/oldpage Image2.gif
101.03.14 10:51 B C:\JEFF\MTCYCLE\2000Archive\oldpage\Image3.gif --> ftp.bigsky.net /2000Archive/oldpage Image3.gif
101.03.14 10:53 B C:\JEFF\MTCYCLE\2000Archive\oldpage\Image4.gif --> ftp.bigsky.net /2000Archive/oldpage Image4.gif
101.03.14 10:54 B C:\JEFF\MTCYCLE\2000Archive\oldpage\Image5.gif --> ftp.bigsky.net /2000Archive/oldpage Image5.gif
101.03.14 10:56 B C:\JEFF\MTCYCLE\2000Archive\oldpage\Image6.gif --> ftp.bigsky.net /2000Archive/oldpage Image6.gif
101.03.14 10:57 B C:\JEFF\MTCYCLE\2000Archive\oldpage\Image7.gif --> ftp.bigsky.net /2000Archive/oldpage Image7.gif
101.03.14 10:57 B C:\JEFF\MTCYCLE\2000Archive\oldpage\Image8.jpg --> ftp.bigsky.net /2000Archive/oldpage Image8.jpg
101.03.14 10:57 B C:\JEFF\MTCYCLE\2000Archive\oldpage\Image9.jpg --> ftp.bigsky.net /2000Archive/oldpage Image9.jpg
101.03.14 10:57 B C:\JEFF\MTCYCLE\2000Archive\oldpage\index.htm --> ftp.bigsky.net /2000Archive/oldpage index.htm
101.03.14 10:58 B C:\JEFF\MTCYCLE\2000Archive\oldpage\letter.gif --> ftp.bigsky.net /2000Archive/oldpage letter.gif
101.03.14 10:58 B C:\JEFF\MTCYCLE\2000Archive\oldpage\links.htm --> ftp.bigsky.net /2000Archive/oldpage links.htm
101.03.14 10:58 B C:\JEFF\MTCYCLE\2000Archive\oldpage\Missoula.htm --> ftp.bigsky.net /2000Archive/oldpage Missoula.htm
101.03.14 10:58 B C:\JEFF\MTCYCLE\2000Archive\oldpage\mt_cup.htm --> ftp.bigsky.net /2000Archive/oldpage mt_cup.htm
101.03.14 10:59 B C:\JEFF\MTCYCLE\2000Archive\oldpage\mt_cup1.htm --> ftp.bigsky.net /2000Archive/oldpage mt_cup1.htm
101.03.14 10:59 B C:\JEFF\MTCYCLE\2000Archive\oldpage\Note 2000 Bobcat Classic.htm --> ftp.bigsky.net /2000Archive/oldpage Note 2000 Bobcat Classic.htm
101.03.14 10:59 B C:\JEFF\MTCYCLE\2000Archive\oldpage\orthclin.gif --> ftp.bigsky.net /2000Archive/oldpage orthclin.gif
101.03.14 10:59 B C:\JEFF\MTCYCLE\2000Archive\oldpage\Resultslonepeakmtb.txt --> ftp.bigsky.net /2000Archive/oldpage Resultslonepeakmtb.txt
101.03.14 10:59 B C:\JEFF\MTCYCLE\2000Archive\oldpage\Revised Fact Sheet.htm --> ftp.bigsky.net /2000Archive/oldpage Revised Fact Sheet.htm
101.03.14 10:59 B C:\JEFF\MTCYCLE\2000Archive\oldpage\teams.htm --> ftp.bigsky.net /2000Archive/oldpage teams.htm
101.03.14 10:59 B C:\JEFF\MTCYCLE\2000Archive\oldpage\windbag.gif --> ftp.bigsky.net /2000Archive/oldpage windbag.gif
101.03.14 10:59 B C:\JEFF\MTCYCLE\2000Archive\oldpage\WS_FTP.LOG --> ftp.bigsky.net /2000Archive/oldpage WS_FTP.LOG
103.01.12 13:13 B C:\JEFF\2003webpage\2000Archive\oldpage\!crossro.gif --> ftp.bigsky.net /2000Archive/oldpage !crossro.gif
103.01.12 13:13 B C:\JEFF\2003webpage\2000Archive\oldpage\additionalcross.htm --> ftp.bigsky.net /2000Archive/oldpage additionalcross.htm
103.01.12 13:13 B C:\JEFF\2003webpage\2000Archive\oldpage\bagelb&w.gif --> ftp.bigsky.net /2000Archive/oldpage bagelb&w.gif
103.01.12 13:13 B C:\JEFF\2003webpage\2000Archive\oldpage\bidlogo.gif --> ftp.bigsky.net /2000Archive/oldpage bidlogo.gif
103.01.12 13:13 B C:\JEFF\2003webpage\2000Archive\oldpage\bozeman.htm --> ftp.bigsky.net /2000Archive/oldpage bozeman.htm
103.01.12 13:14 B C:\JEFF\2003webpage\2000Archive\oldpage\bwcritstart.jpg --> ftp.bigsky.net /2000Archive/oldpage bwcritstart.jpg
103.01.12 13:14 B C:\JEFF\2003webpage\2000Archive\oldpage\contact.htm --> ftp.bigsky.net /2000Archive/oldpage contact.htm
103.01.12 13:14 B C:\JEFF\2003webpage\2000Archive\oldpage\cycling.gif --> ftp.bigsky.net /2000Archive/oldpage cycling.gif
103.01.12 13:14 B C:\JEFF\2003webpage\2000Archive\oldpage\entry Dick Blee Memorial.htm --> ftp.bigsky.net /2000Archive/oldpage entry Dick Blee Memorial.htm
103.01.12 13:14 B C:\JEFF\2003webpage\2000Archive\oldpage\entry fairfield rrf.htm --> ftp.bigsky.net /2000Archive/oldpage entry fairfield rrf.htm
103.01.12 13:14 B C:\JEFF\2003webpage\2000Archive\oldpage\entry marshall mtn dual slalom.htm --> ftp.bigsky.net /2000Archive/oldpage entry marshall mtn dual slalom.htm
103.01.12 13:14 B C:\JEFF\2003webpage\2000Archive\oldpage\entry The Bike Shop on Grand.htm --> ftp.bigsky.net /2000Archive/oldpage entry The Bike Shop on Grand.htm
103.01.12 13:14 B C:\JEFF\2003webpage\2000Archive\oldpage\entry Trek Barr Tour of Frenchtown Road Race.htm --> ftp.bigsky.net /2000Archive/oldpage entry Trek Barr Tour of Frenchtown Road Race.htm
103.01.12 13:14 B C:\JEFF\2003webpage\2000Archive\oldpage\entryhelenacrit.htm --> ftp.bigsky.net /2000Archive/oldpage entryhelenacrit.htm
103.01.12 13:14 B C:\JEFF\2003webpage\2000Archive\oldpage\entryhellgate2000.htm --> ftp.bigsky.net /2000Archive/oldpage entryhellgate2000.htm
103.01.12 13:14 B C:\JEFF\2003webpage\2000Archive\oldpage\entrymslatrainingseries.htm --> ftp.bigsky.net /2000Archive/oldpage entrymslatrainingseries.htm
103.01.12 13:14 B C:\JEFF\2003webpage\2000Archive\oldpage\entrymtdistricts1.htm --> ftp.bigsky.net /2000Archive/oldpage entrymtdistricts1.htm
103.01.12 13:14 B C:\JEFF\2003webpage\2000Archive\oldpage\gdc.gif --> ftp.bigsky.net /2000Archive/oldpage gdc.gif
103.01.12 13:14 B C:\JEFF\2003webpage\2000Archive\oldpage\hacclogo.gif --> ftp.bigsky.net /2000Archive/oldpage hacclogo.gif
103.01.12 13:14 B C:\JEFF\2003webpage\2000Archive\oldpage\HELLGATERACESTORY.htm --> ftp.bigsky.net /2000Archive/oldpage HELLGATERACESTORY.htm
103.01.12 13:14 B C:\JEFF\2003webpage\2000Archive\oldpage\hp5fl0{image0}.gif --> ftp.bigsky.net /2000Archive/oldpage hp5fl0{image0}.gif
103.01.12 13:14 B C:\JEFF\2003webpage\2000Archive\oldpage\hp5fl0{image1}.gif --> ftp.bigsky.net /2000Archive/oldpage hp5fl0{image1}.gif
103.01.12 13:14 B C:\JEFF\2003webpage\2000Archive\oldpage\HP5FLY2.htm --> ftp.bigsky.net /2000Archive/oldpage HP5FLY2.htm
103.01.12 13:14 B C:\JEFF\2003webpage\2000Archive\oldpage\Image1.gif --> ftp.bigsky.net /2000Archive/oldpage Image1.gif
103.01.12 13:14 B C:\JEFF\2003webpage\2000Archive\oldpage\Image2.gif --> ftp.bigsky.net /2000Archive/oldpage Image2.gif
103.01.12 13:15 B C:\JEFF\2003webpage\2000Archive\oldpage\Image3.gif --> ftp.bigsky.net /2000Archive/oldpage Image3.gif
103.01.12 13:16 B C:\JEFF\2003webpage\2000Archive\oldpage\Image4.gif --> ftp.bigsky.net /2000Archive/oldpage Image4.gif
103.01.12 13:17 B C:\JEFF\2003webpage\2000Archive\oldpage\Image5.gif --> ftp.bigsky.net /2000Archive/oldpage Image5.gif
103.01.12 13:18 B C:\JEFF\2003webpage\2000Archive\oldpage\Image6.gif --> ftp.bigsky.net /2000Archive/oldpage Image6.gif
103.01.12 13:19 B C:\JEFF\2003webpage\2000Archive\oldpage\Image7.gif --> ftp.bigsky.net /2000Archive/oldpage Image7.gif
103.01.12 13:20 B C:\JEFF\2003webpage\2000Archive\oldpage\Image8.jpg --> ftp.bigsky.net /2000Archive/oldpage Image8.jpg
103.01.12 13:20 B C:\JEFF\2003webpage\2000Archive\oldpage\Image9.jpg --> ftp.bigsky.net /2000Archive/oldpage Image9.jpg
103.01.12 13:20 B C:\JEFF\2003webpage\2000Archive\oldpage\index.htm --> ftp.bigsky.net /2000Archive/oldpage index.htm
103.01.12 13:20 B C:\JEFF\2003webpage\2000Archive\oldpage\letter.gif --> ftp.bigsky.net /2000Archive/oldpage letter.gif
103.01.12 13:20 B C:\JEFF\2003webpage\2000Archive\oldpage\links.htm --> ftp.bigsky.net /2000Archive/oldpage links.htm
103.01.12 13:20 B C:\JEFF\2003webpage\2000Archive\oldpage\Missoula.htm --> ftp.bigsky.net /2000Archive/oldpage Missoula.htm
103.01.12 13:20 B C:\JEFF\2003webpage\2000Archive\oldpage\mt_cup.htm --> ftp.bigsky.net /2000Archive/oldpage mt_cup.htm
103.01.12 13:20 B C:\JEFF\2003webpage\2000Archive\oldpage\mt_cup1.htm --> ftp.bigsky.net /2000Archive/oldpage mt_cup1.htm
103.01.12 13:20 B C:\JEFF\2003webpage\2000Archive\oldpage\Note 2000 Bobcat Classic.htm --> ftp.bigsky.net /2000Archive/oldpage Note 2000 Bobcat Classic.htm
103.01.12 13:20 B C:\JEFF\2003webpage\2000Archive\oldpage\orthclin.gif --> ftp.bigsky.net /2000Archive/oldpage orthclin.gif
103.01.12 13:20 B C:\JEFF\2003webpage\2000Archive\oldpage\Resultslonepeakmtb.txt --> ftp.bigsky.net /2000Archive/oldpage Resultslonepeakmtb.txt
103.01.12 13:20 B C:\JEFF\2003webpage\2000Archive\oldpage\Revised Fact Sheet.htm --> ftp.bigsky.net /2000Archive/oldpage Revised Fact Sheet.htm
103.01.12 13:20 B C:\JEFF\2003webpage\2000Archive\oldpage\teams.htm --> ftp.bigsky.net /2000Archive/oldpage teams.htm
103.01.12 13:20 B C:\JEFF\2003webpage\2000Archive\oldpage\windbag.gif --> ftp.bigsky.net /2000Archive/oldpage windbag.gif
103.01.12 13:20 B C:\JEFF\2003webpage\2000Archive\oldpage\WS_FTP.LOG --> ftp.bigsky.net /2000Archive/oldpage WS_FTP.LOG
104.03.11 14:10 B C:\JEFF\MontanaCycling\2000Archive\oldpage\!crossro.gif --> ftp.bigsky.net /2000Archive/oldpage !crossro.gif
104.03.11 14:10 B C:\JEFF\MontanaCycling\2000Archive\oldpage\additionalcross.htm --> ftp.bigsky.net /2000Archive/oldpage additionalcross.htm
104.03.11 14:10 B C:\JEFF\MontanaCycling\2000Archive\oldpage\bagelb&w.gif --> ftp.bigsky.net /2000Archive/oldpage bagelb&w.gif
104.03.11 14:10 B C:\JEFF\MontanaCycling\2000Archive\oldpage\bidlogo.gif --> ftp.bigsky.net /2000Archive/oldpage bidlogo.gif
104.03.11 14:10 B C:\JEFF\MontanaCycling\2000Archive\oldpage\bozeman.htm --> ftp.bigsky.net /2000Archive/oldpage bozeman.htm
104.03.11 14:10 B C:\JEFF\MontanaCycling\2000Archive\oldpage\bwcritstart.jpg --> ftp.bigsky.net /2000Archive/oldpage bwcritstart.jpg
104.03.11 14:10 B C:\JEFF\MontanaCycling\2000Archive\oldpage\contact.htm --> ftp.bigsky.net /2000Archive/oldpage contact.htm
104.03.11 14:10 B C:\JEFF\MontanaCycling\2000Archive\oldpage\cycling.gif --> ftp.bigsky.net /2000Archive/oldpage cycling.gif
104.03.11 14:10 B C:\JEFF\MontanaCycling\2000Archive\oldpage\entry Dick Blee Memorial.htm --> ftp.bigsky.net /2000Archive/oldpage entry Dick Blee Memorial.htm
104.03.11 14:10 B C:\JEFF\MontanaCycling\2000Archive\oldpage\entry fairfield rrf.htm --> ftp.bigsky.net /2000Archive/oldpage entry fairfield rrf.htm
104.03.11 14:10 B C:\JEFF\MontanaCycling\2000Archive\oldpage\entry marshall mtn dual slalom.htm --> ftp.bigsky.net /2000Archive/oldpage entry marshall mtn dual slalom.htm
104.03.11 14:10 B C:\JEFF\MontanaCycling\2000Archive\oldpage\entry The Bike Shop on Grand.htm --> ftp.bigsky.net /2000Archive/oldpage entry The Bike Shop on Grand.htm
104.03.11 14:10 B C:\JEFF\MontanaCycling\2000Archive\oldpage\entry Trek Barr Tour of Frenchtown Road Race.htm --> ftp.bigsky.net /2000Archive/oldpage entry Trek Barr Tour of Frenchtown Road Race.htm
104.03.11 14:10 B C:\JEFF\MontanaCycling\2000Archive\oldpage\entryhelenacrit.htm --> ftp.bigsky.net /2000Archive/oldpage entryhelenacrit.htm
104.03.11 14:10 B C:\JEFF\MontanaCycling\2000Archive\oldpage\entryhellgate2000.htm --> ftp.bigsky.net /2000Archive/oldpage entryhellgate2000.htm
104.03.11 14:10 B C:\JEFF\MontanaCycling\2000Archive\oldpage\entrymslatrainingseries.htm --> ftp.bigsky.net /2000Archive/oldpage entrymslatrainingseries.htm
104.03.11 14:10 B C:\JEFF\MontanaCycling\2000Archive\oldpage\entrymtdistricts1.htm --> ftp.bigsky.net /2000Archive/oldpage entrymtdistricts1.htm
104.03.11 14:10 B C:\JEFF\MontanaCycling\2000Archive\oldpage\gdc.gif --> ftp.bigsky.net /2000Archive/oldpage gdc.gif
104.03.11 14:10 B C:\JEFF\MontanaCycling\2000Archive\oldpage\hacclogo.gif --> ftp.bigsky.net /2000Archive/oldpage hacclogo.gif
104.03.11 14:10 B C:\JEFF\MontanaCycling\2000Archive\oldpage\HELLGATERACESTORY.htm --> ftp.bigsky.net /2000Archive/oldpage HELLGATERACESTORY.htm
104.03.11 14:10 B C:\JEFF\MontanaCycling\2000Archive\oldpage\hp5fl0{image0}.gif --> ftp.bigsky.net /2000Archive/oldpage hp5fl0{image0}.gif
104.03.11 14:10 B C:\JEFF\MontanaCycling\2000Archive\oldpage\hp5fl0{image1}.gif --> ftp.bigsky.net /2000Archive/oldpage hp5fl0{image1}.gif
104.03.11 14:10 B C:\JEFF\MontanaCycling\2000Archive\oldpage\HP5FLY2.htm --> ftp.bigsky.net /2000Archive/oldpage HP5FLY2.htm
104.03.11 14:10 B C:\JEFF\MontanaCycling\2000Archive\oldpage\Image1.gif --> ftp.bigsky.net /2000Archive/oldpage Image1.gif
104.03.11 14:10 B C:\JEFF\MontanaCycling\2000Archive\oldpage\Image2.gif --> ftp.bigsky.net /2000Archive/oldpage Image2.gif
104.03.11 14:10 B C:\JEFF\MontanaCycling\2000Archive\oldpage\Image3.gif --> ftp.bigsky.net /2000Archive/oldpage Image3.gif
104.03.11 14:10 B C:\JEFF\MontanaCycling\2000Archive\oldpage\Image4.gif --> ftp.bigsky.net /2000Archive/oldpage Image4.gif
104.03.11 14:11 B C:\JEFF\MontanaCycling\2000Archive\oldpage\Image5.gif --> ftp.bigsky.net /2000Archive/oldpage Image5.gif
104.03.11 14:11 B C:\JEFF\MontanaCycling\2000Archive\oldpage\Image6.gif --> ftp.bigsky.net /2000Archive/oldpage Image6.gif
104.03.11 14:11 B C:\JEFF\MontanaCycling\2000Archive\oldpage\Image7.gif --> ftp.bigsky.net /2000Archive/oldpage Image7.gif
104.03.11 14:11 B C:\JEFF\MontanaCycling\2000Archive\oldpage\Image8.jpg --> ftp.bigsky.net /2000Archive/oldpage Image8.jpg
104.03.11 14:11 B C:\JEFF\MontanaCycling\2000Archive\oldpage\Image9.jpg --> ftp.bigsky.net /2000Archive/oldpage Image9.jpg
104.03.11 14:11 B C:\JEFF\MontanaCycling\2000Archive\oldpage\index.htm --> ftp.bigsky.net /2000Archive/oldpage index.htm
104.03.11 14:11 B C:\JEFF\MontanaCycling\2000Archive\oldpage\letter.gif --> ftp.bigsky.net /2000Archive/oldpage letter.gif
104.03.11 14:11 B C:\JEFF\MontanaCycling\2000Archive\oldpage\links.htm --> ftp.bigsky.net /2000Archive/oldpage links.htm
104.03.11 14:11 B C:\JEFF\MontanaCycling\2000Archive\oldpage\Missoula.htm --> ftp.bigsky.net /2000Archive/oldpage Missoula.htm
104.03.11 14:12 B C:\JEFF\MontanaCycling\2000Archive\oldpage\mt_cup.htm --> ftp.bigsky.net /2000Archive/oldpage mt_cup.htm
104.03.11 14:12 B C:\JEFF\MontanaCycling\2000Archive\oldpage\mt_cup1.htm --> ftp.bigsky.net /2000Archive/oldpage mt_cup1.htm
104.03.11 14:12 B C:\JEFF\MontanaCycling\2000Archive\oldpage\Note 2000 Bobcat Classic.htm --> ftp.bigsky.net /2000Archive/oldpage Note 2000 Bobcat Classic.htm
104.03.11 14:12 B C:\JEFF\MontanaCycling\2000Archive\oldpage\orthclin.gif --> ftp.bigsky.net /2000Archive/oldpage orthclin.gif
104.03.11 14:12 B C:\JEFF\MontanaCycling\2000Archive\oldpage\Resultslonepeakmtb.txt --> ftp.bigsky.net /2000Archive/oldpage Resultslonepeakmtb.txt
104.03.11 14:12 B C:\JEFF\MontanaCycling\2000Archive\oldpage\Revised Fact Sheet.htm --> ftp.bigsky.net /2000Archive/oldpage Revised Fact Sheet.htm
104.03.11 14:12 B C:\JEFF\MontanaCycling\2000Archive\oldpage\teams.htm --> ftp.bigsky.net /2000Archive/oldpage teams.htm
104.03.11 14:12 B C:\JEFF\MontanaCycling\2000Archive\oldpage\windbag.gif --> ftp.bigsky.net /2000Archive/oldpage windbag.gif
104.03.11 14:12 B C:\JEFF\MontanaCycling\2000Archive\oldpage\WS_FTP.LOG --> ftp.bigsky.net /2000Archive/oldpage WS_FTP.LOG
