104.03.08 09:52 B C:\JEFF\MontanaCycling\2003Archive\2003ARCHIVE.doc --> ftp.bigsky.net /2003Archive 2003ARCHIVE.doc
104.03.08 09:52 B C:\JEFF\MontanaCycling\2003Archive\2003results.htm --> ftp.bigsky.net /2003Archive 2003results.htm
104.03.08 09:52 B C:\JEFF\MontanaCycling\2003Archive\2003seriesstandings.htm --> ftp.bigsky.net /2003Archive 2003seriesstandings.htm
104.03.08 09:52 B C:\JEFF\MontanaCycling\2003Archive\calander2003.htm --> ftp.bigsky.net /2003Archive calander2003.htm
104.03.08 09:52 B C:\JEFF\MontanaCycling\2003Archive\crossrankings.htm --> ftp.bigsky.net /2003Archive crossrankings.htm
104.03.08 09:52 B C:\JEFF\MontanaCycling\2003Archive\CrossSchedule.htm --> ftp.bigsky.net /2003Archive CrossSchedule.htm
104.03.08 09:53 B C:\JEFF\MontanaCycling\2003Archive\entryBohartBash.pdf --> ftp.bigsky.net /2003Archive entryBohartBash.pdf
104.03.08 09:54 B C:\JEFF\MontanaCycling\2003Archive\entrybuttecrit.pdf --> ftp.bigsky.net /2003Archive entrybuttecrit.pdf
104.03.08 09:55 B C:\JEFF\MontanaCycling\2003Archive\entrycowcountry.pdf --> ftp.bigsky.net /2003Archive entrycowcountry.pdf
104.03.08 09:55 B C:\JEFF\MontanaCycling\2003Archive\entryCOWPIE04.TIF --> ftp.bigsky.net /2003Archive entryCOWPIE04.TIF
104.03.08 09:55 B C:\JEFF\MontanaCycling\2003Archive\entrycross#6.htm --> ftp.bigsky.net /2003Archive entrycross#6.htm
104.03.08 09:55 B C:\JEFF\MontanaCycling\2003Archive\entrycross10.htm --> ftp.bigsky.net /2003Archive entrycross10.htm
104.03.08 09:55 B C:\JEFF\MontanaCycling\2003Archive\entrycross7.htm --> ftp.bigsky.net /2003Archive entrycross7.htm
104.03.08 09:56 B C:\JEFF\MontanaCycling\2003Archive\entrycross9-2.htm --> ftp.bigsky.net /2003Archive entrycross9-2.htm
104.03.08 09:56 B C:\JEFF\MontanaCycling\2003Archive\entryFairfield.htm --> ftp.bigsky.net /2003Archive entryFairfield.htm
104.03.08 09:56 B C:\JEFF\MontanaCycling\2003Archive\entrygalenagrinder.htm --> ftp.bigsky.net /2003Archive entrygalenagrinder.htm
104.03.08 09:56 B C:\JEFF\MontanaCycling\2003Archive\entrygreatdividehillclimb --> ftp.bigsky.net /2003Archive entrygreatdividehillclimb
104.03.11 14:23 B C:\JEFF\MontanaCycling\2003Archive\2003ARCHIVE.doc --> ftp.bigsky.net /2003Archive 2003ARCHIVE.doc
104.03.11 14:23 B C:\JEFF\MontanaCycling\2003Archive\2003results.htm --> ftp.bigsky.net /2003Archive 2003results.htm
104.03.11 14:23 B C:\JEFF\MontanaCycling\2003Archive\2003seriesstandings.htm --> ftp.bigsky.net /2003Archive 2003seriesstandings.htm
104.03.11 14:23 B C:\JEFF\MontanaCycling\2003Archive\calander2003.htm --> ftp.bigsky.net /2003Archive calander2003.htm
104.03.11 14:23 B C:\JEFF\MontanaCycling\2003Archive\crossrankings.htm --> ftp.bigsky.net /2003Archive crossrankings.htm
104.03.11 14:23 B C:\JEFF\MontanaCycling\2003Archive\CrossSchedule.htm --> ftp.bigsky.net /2003Archive CrossSchedule.htm
104.03.11 14:23 B C:\JEFF\MontanaCycling\2003Archive\entryBohartBash.pdf --> ftp.bigsky.net /2003Archive entryBohartBash.pdf
104.03.11 14:23 B C:\JEFF\MontanaCycling\2003Archive\entrybuttecrit.pdf --> ftp.bigsky.net /2003Archive entrybuttecrit.pdf
104.03.11 14:24 B C:\JEFF\MontanaCycling\2003Archive\entrycowcountry.pdf --> ftp.bigsky.net /2003Archive entrycowcountry.pdf
104.03.11 14:24 B C:\JEFF\MontanaCycling\2003Archive\entryCOWPIE04.TIF --> ftp.bigsky.net /2003Archive entryCOWPIE04.TIF
104.03.11 14:24 B C:\JEFF\MontanaCycling\2003Archive\entrycross#6.htm --> ftp.bigsky.net /2003Archive entrycross#6.htm
104.03.11 14:25 B C:\JEFF\MontanaCycling\2003Archive\entrycross10.htm --> ftp.bigsky.net /2003Archive entrycross10.htm
104.03.11 14:25 B C:\JEFF\MontanaCycling\2003Archive\entrycross7.htm --> ftp.bigsky.net /2003Archive entrycross7.htm
104.03.11 14:25 B C:\JEFF\MontanaCycling\2003Archive\entrycross9-2.htm --> ftp.bigsky.net /2003Archive entrycross9-2.htm
104.03.11 14:25 B C:\JEFF\MontanaCycling\2003Archive\entryFairfield.htm --> ftp.bigsky.net /2003Archive entryFairfield.htm
104.03.11 14:25 B C:\JEFF\MontanaCycling\2003Archive\entrygalenagrinder.htm --> ftp.bigsky.net /2003Archive entrygalenagrinder.htm
104.03.11 14:25 B C:\JEFF\MontanaCycling\2003Archive\entrygreatdividehillclimb --> ftp.bigsky.net /2003Archive entrygreatdividehillclimb
104.03.11 14:25 B C:\JEFF\MontanaCycling\2003Archive\entrygreatfallsmtb.pdf --> ftp.bigsky.net /2003Archive entrygreatfallsmtb.pdf
104.03.11 14:25 B C:\JEFF\MontanaCycling\2003Archive\entryhillclimb.htm --> ftp.bigsky.net /2003Archive entryhillclimb.htm
104.03.11 14:25 B C:\JEFF\MontanaCycling\2003Archive\EntryinfoBohart.htm --> ftp.bigsky.net /2003Archive EntryinfoBohart.htm
104.03.11 14:25 B C:\JEFF\MontanaCycling\2003Archive\entrylonepeak.htm --> ftp.bigsky.net /2003Archive entrylonepeak.htm
104.03.11 14:26 B C:\JEFF\MontanaCycling\2003Archive\entrymissoulacross.pdf --> ftp.bigsky.net /2003Archive entrymissoulacross.pdf
104.03.11 14:26 B C:\JEFF\MontanaCycling\2003Archive\entrymvroadrace.htm --> ftp.bigsky.net /2003Archive entrymvroadrace.htm
104.03.11 14:26 B C:\JEFF\MontanaCycling\2003Archive\entryRoubaix.htm --> ftp.bigsky.net /2003Archive entryRoubaix.htm
104.03.11 14:26 B C:\JEFF\MontanaCycling\2003Archive\entrytrainingseries.htm --> ftp.bigsky.net /2003Archive entrytrainingseries.htm
104.03.11 14:26 B C:\JEFF\MontanaCycling\2003Archive\entryWERKSmtb.htm --> ftp.bigsky.net /2003Archive entryWERKSmtb.htm
104.03.11 14:27 B C:\JEFF\MontanaCycling\2003Archive\entrywinternationalsbuttemtb04.pdf --> ftp.bigsky.net /2003Archive entrywinternationalsbuttemtb04.pdf
104.03.11 14:27 B C:\JEFF\MontanaCycling\2003Archive\FVVB&W1.JPG --> ftp.bigsky.net /2003Archive FVVB&W1.JPG
104.03.11 14:27 B C:\JEFF\MontanaCycling\2003Archive\FVVB&W2.JPG --> ftp.bigsky.net /2003Archive FVVB&W2.JPG
104.03.11 14:27 B C:\JEFF\MontanaCycling\2003Archive\inforatpod.htm --> ftp.bigsky.net /2003Archive inforatpod.htm
104.03.11 14:27 B C:\JEFF\MontanaCycling\2003Archive\MBRAletter.htm --> ftp.bigsky.net /2003Archive MBRAletter.htm
104.03.11 14:27 B C:\JEFF\MontanaCycling\2003Archive\MBRAMeeting.htm --> ftp.bigsky.net /2003Archive MBRAMeeting.htm
104.03.11 14:27 B C:\JEFF\MontanaCycling\2003Archive\Meetingnotice.htm --> ftp.bigsky.net /2003Archive Meetingnotice.htm
104.03.11 14:27 B C:\JEFF\MontanaCycling\2003Archive\missoulacrossseriesresults.htm --> ftp.bigsky.net /2003Archive missoulacrossseriesresults.htm
104.03.11 14:27 B C:\JEFF\MontanaCycling\2003Archive\mtcupstandings.htm --> ftp.bigsky.net /2003Archive mtcupstandings.htm
104.03.11 14:27 B C:\JEFF\MontanaCycling\2003Archive\racesanctioning.htm --> ftp.bigsky.net /2003Archive racesanctioning.htm
104.03.11 14:27 B C:\JEFF\MontanaCycling\2003Archive\resultsbozocross.htm --> ftp.bigsky.net /2003Archive resultsbozocross.htm
104.03.11 14:27 B C:\JEFF\MontanaCycling\2003Archive\resultsbuttecrit.htm --> ftp.bigsky.net /2003Archive resultsbuttecrit.htm
104.03.11 14:27 B C:\JEFF\MontanaCycling\2003Archive\resultscowcountry.htm --> ftp.bigsky.net /2003Archive resultscowcountry.htm
104.03.11 14:27 B C:\JEFF\MontanaCycling\2003Archive\resultscross10.htm --> ftp.bigsky.net /2003Archive resultscross10.htm
104.03.11 14:27 B C:\JEFF\MontanaCycling\2003Archive\resultscross4.htm --> ftp.bigsky.net /2003Archive resultscross4.htm
104.03.11 14:27 B C:\JEFF\MontanaCycling\2003Archive\resultscross5.htm --> ftp.bigsky.net /2003Archive resultscross5.htm
104.03.11 14:27 B C:\JEFF\MontanaCycling\2003Archive\resultscross7.htm --> ftp.bigsky.net /2003Archive resultscross7.htm
104.03.11 14:27 B C:\JEFF\MontanaCycling\2003Archive\resultscross8.htm --> ftp.bigsky.net /2003Archive resultscross8.htm
104.03.11 14:27 B C:\JEFF\MontanaCycling\2003Archive\resultscrossheron.htm --> ftp.bigsky.net /2003Archive resultscrossheron.htm
104.03.11 14:27 B C:\JEFF\MontanaCycling\2003Archive\resultsfairfield.htm --> ftp.bigsky.net /2003Archive resultsfairfield.htm
104.03.11 14:27 B C:\JEFF\MontanaCycling\2003Archive\resultsgreatdividehillclimb.pdf --> ftp.bigsky.net /2003Archive resultsgreatdividehillclimb.pdf
104.03.11 14:27 B C:\JEFF\MontanaCycling\2003Archive\resultsmarcusdaly.htm --> ftp.bigsky.net /2003Archive resultsmarcusdaly.htm
104.03.11 14:28 B C:\JEFF\MontanaCycling\2003Archive\resultsmissoulacross4.htm --> ftp.bigsky.net /2003Archive resultsmissoulacross4.htm
104.03.11 14:28 B C:\JEFF\MontanaCycling\2003Archive\resultsmslacross3.htm --> ftp.bigsky.net /2003Archive resultsmslacross3.htm
104.03.11 14:28 B C:\JEFF\MontanaCycling\2003Archive\resultsmslacrossone.htm --> ftp.bigsky.net /2003Archive resultsmslacrossone.htm
104.03.11 14:28 B C:\JEFF\MontanaCycling\2003Archive\resultsMVroadrace.htm --> ftp.bigsky.net /2003Archive resultsMVroadrace.htm
104.03.11 14:28 B C:\JEFF\MontanaCycling\2003Archive\resultspintlarrr.htm --> ftp.bigsky.net /2003Archive resultspintlarrr.htm
104.03.11 14:29 B C:\JEFF\MontanaCycling\2003Archive\resultsrmrcollegiate.htm --> ftp.bigsky.net /2003Archive resultsrmrcollegiate.htm
104.03.11 14:29 B C:\JEFF\MontanaCycling\2003Archive\resultsrmruscf.htm --> ftp.bigsky.net /2003Archive resultsrmruscf.htm
104.03.11 14:29 B C:\JEFF\MontanaCycling\2003Archive\resultsstarmeadows.htm --> ftp.bigsky.net /2003Archive resultsstarmeadows.htm
104.03.11 14:29 B C:\JEFF\MontanaCycling\2003Archive\resultsupthecreek.htm --> ftp.bigsky.net /2003Archive resultsupthecreek.htm
104.03.11 14:29 B C:\JEFF\MontanaCycling\2003Archive\resultswarmsprings-itt.htm --> ftp.bigsky.net /2003Archive resultswarmsprings-itt.htm
104.03.11 14:29 B C:\JEFF\MontanaCycling\2003Archive\Upgrade Criteria.htm --> ftp.bigsky.net /2003Archive Upgrade Criteria.htm
104.03.11 14:29 B C:\JEFF\MontanaCycling\2003Archive\WS_FTP.LOG --> ftp.bigsky.net /2003Archive WS_FTP.LOG
