103.01.12 13:51 B C:\JEFF\2003webpage\index_files\editdata._so --> ftp.bigsky.net /index_files editdata._so
103.01.12 13:51 B C:\JEFF\2003webpage\index_files\filelist.xml --> ftp.bigsky.net /index_files filelist.xml
103.01.12 13:51 B C:\JEFF\2003webpage\index_files\image001.jpg --> ftp.bigsky.net /index_files image001.jpg
103.01.12 13:51 B C:\JEFF\2003webpage\index_files\image002.jpg --> ftp.bigsky.net /index_files image002.jpg
103.09.08 11:11 B C:\JEFF\MontanaCycling\index_files\editdata._so --> ftp.bigsky.net /index_files editdata._so
103.09.08 11:11 B C:\JEFF\MontanaCycling\index_files\filelist.xml --> ftp.bigsky.net /index_files filelist.xml
103.09.08 11:11 B C:\JEFF\MontanaCycling\index_files\image001.jpg --> ftp.bigsky.net /index_files image001.jpg
103.09.08 11:11 B C:\JEFF\MontanaCycling\index_files\image002.jpg --> ftp.bigsky.net /index_files image002.jpg
103.09.08 11:11 B C:\JEFF\MontanaCycling\index_files\WS_FTP.LOG --> ftp.bigsky.net /index_files WS_FTP.LOG
104.03.01 15:52 B C:\JEFF\MontanaCycling\index_files\editdata._so --> ftp.bigsky.net /index_files editdata._so
104.03.01 15:52 B C:\JEFF\MontanaCycling\index_files\filelist.xml --> ftp.bigsky.net /index_files filelist.xml
104.03.01 15:52 B C:\JEFF\MontanaCycling\index_files\image001.jpg --> ftp.bigsky.net /index_files image001.jpg
104.03.01 15:52 B C:\JEFF\MontanaCycling\index_files\WS_FTP.LOG --> ftp.bigsky.net /index_files WS_FTP.LOG
104.03.08 09:58 B C:\JEFF\MontanaCycling\index_files\editdata._so --> ftp.bigsky.net /index_files editdata._so
104.03.08 09:58 B C:\JEFF\MontanaCycling\index_files\filelist.xml --> ftp.bigsky.net /index_files filelist.xml
104.03.08 09:58 B C:\JEFF\MontanaCycling\index_files\image001.jpg --> ftp.bigsky.net /index_files image001.jpg
104.03.08 09:58 B C:\JEFF\MontanaCycling\index_files\WS_FTP.LOG --> ftp.bigsky.net /index_files WS_FTP.LOG
104.03.11 14:29 B C:\JEFF\MontanaCycling\index_files\editdata._so --> ftp.bigsky.net /index_files editdata._so
104.03.11 14:29 B C:\JEFF\MontanaCycling\index_files\filelist.xml --> ftp.bigsky.net /index_files filelist.xml
104.03.11 14:29 B C:\JEFF\MontanaCycling\index_files\image001.jpg --> ftp.bigsky.net /index_files image001.jpg
104.03.11 14:29 B C:\JEFF\MontanaCycling\index_files\WS_FTP.LOG --> ftp.bigsky.net /index_files WS_FTP.LOG
104.04.12 10:17 B C:\JEFF\MontanaCycling\index_files\editdata._so --> ftp.bigsky.net /index_files editdata._so
104.04.12 10:17 B C:\JEFF\MontanaCycling\index_files\filelist.xml --> ftp.bigsky.net /index_files filelist.xml
104.04.12 10:17 B C:\JEFF\MontanaCycling\index_files\image001.jpg --> ftp.bigsky.net /index_files image001.jpg
104.04.12 10:17 B C:\JEFF\MontanaCycling\index_files\image002.gif --> ftp.bigsky.net /index_files image002.gif
104.04.12 10:17 B C:\JEFF\MontanaCycling\index_files\WS_FTP.LOG --> ftp.bigsky.net /index_files WS_FTP.LOG
104.05.03 16:09 B C:\JEFF\MontanaCycling\index_files\editdata._so --> ftp.bigsky.net /index_files editdata._so
104.05.03 16:09 B C:\JEFF\MontanaCycling\index_files\filelist.xml --> ftp.bigsky.net /index_files filelist.xml
104.05.03 16:09 B C:\JEFF\MontanaCycling\index_files\image001.jpg --> ftp.bigsky.net /index_files image001.jpg
104.05.03 16:09 B C:\JEFF\MontanaCycling\index_files\image002.jpg --> ftp.bigsky.net /index_files image002.jpg
104.05.03 16:10 B C:\JEFF\MontanaCycling\index_files\image003.jpg --> ftp.bigsky.net /index_files image003.jpg
104.05.03 16:10 B C:\JEFF\MontanaCycling\index_files\image004.jpg --> ftp.bigsky.net /index_files image004.jpg
104.05.03 16:10 B C:\JEFF\MontanaCycling\index_files\image005.gif --> ftp.bigsky.net /index_files image005.gif
104.05.03 16:10 B C:\JEFF\MontanaCycling\index_files\image006.gif --> ftp.bigsky.net /index_files image006.gif
104.05.03 16:10 B C:\JEFF\MontanaCycling\index_files\WS_FTP.LOG --> ftp.bigsky.net /index_files WS_FTP.LOG
104.05.10 15:05 B C:\JEFF\MontanaCycling\index_files\editdata._so --> ftp.bigsky.net /index_files editdata._so
104.05.10 15:05 B C:\JEFF\MontanaCycling\index_files\filelist.xml --> ftp.bigsky.net /index_files filelist.xml
104.05.10 15:06 B C:\JEFF\MontanaCycling\index_files\image001.jpg --> ftp.bigsky.net /index_files image001.jpg
104.05.10 15:06 B C:\JEFF\MontanaCycling\index_files\image002.jpg --> ftp.bigsky.net /index_files image002.jpg
104.05.10 15:06 B C:\JEFF\MontanaCycling\index_files\image003.jpg --> ftp.bigsky.net /index_files image003.jpg
104.05.10 15:06 B C:\JEFF\MontanaCycling\index_files\image004.jpg --> ftp.bigsky.net /index_files image004.jpg
104.05.10 15:06 B C:\JEFF\MontanaCycling\index_files\image005.jpg --> ftp.bigsky.net /index_files image005.jpg
104.05.10 15:06 B C:\JEFF\MontanaCycling\index_files\image006.jpg --> ftp.bigsky.net /index_files image006.jpg
104.05.10 15:06 B C:\JEFF\MontanaCycling\index_files\image007.gif --> ftp.bigsky.net /index_files image007.gif
104.05.10 15:06 B C:\JEFF\MontanaCycling\index_files\WS_FTP.LOG --> ftp.bigsky.net /index_files WS_FTP.LOG
